 ****************************************************************************
 *                                                                          *
 *                              ABCI_MP                                     *
 *                                                                          *
 * Azimuthal Beam Cavity Interaction in a cylindrically symmetric structure *
 *                                                                          *
 *  SAMPLE INPUT #1 A SIMPLE CAVITY STRUCTURE                               *
 *                                                                          *
 *     DATE:16/12/21   TIME:13:55:16    VERSION 12.5,  NOVEMBER 2007        *
 *                                                                          *
 ****************************************************************************


 $FILE:
 SAVE FIELDS INTO FILE  (LSAV)  :  F
 RECOVER FROM FILE      (LREC)  :  F
 CPUTIME MONITOR ACTIVE (LCPUTM):  F

 $BOUN:
 BOUNDARY CONDITIONS     LEFT   : OPEN              
 BOUNDARY CONDITIONS     RIGHT  : OPEN              

 $MESH:
 NUMBER OF MESH LINES IN R      : NR   =       1232
 NUMBER OF MESH LINES IN Z      : NZ   =      28120
 NUMBER OF MESH POINTS          : NP   =     211904
 TOTAL RADIUS OF THE STRUCTURE  : RAD  =  0.36933    (M)
 TOTAL LENGTH OF THE STRUCTURE  : ZL   =   8.4360    (M)
 STEP SIZE IN R                 : DDR  =  0.30000E-03(M)
 STEP SIZE IN Z                 : DDZ  =  0.30000E-03(M)

 #CAVITYSHAPE (##CAVITYSHAPE) :  FULL CELL INPUT 

 INPUT:       (R, Z)                   (IR, IZ)
 (   0.00000E+00  0.00000E+00 )  (       1      1 )
 (   0.15000      0.00000E+00 )  (     501      1 )
 (   0.15000      0.74800     )  (     501   2494 ) ---> (   0.15000      0.74790     )
 CONNECTED BY AN ELLIPSE,       IKIND=-3,  (RM, ZM)=     (   0.26870      0.74800     )
 (   0.22970      0.84835     )  (     767   2829 ) ---> (   0.22980      0.84840     )
 (   0.30179      0.87080     )  (    1007   2904 ) ---> (   0.30180      0.87090     )
 CONNECTED BY AN ELLIPSE,       IKIND=-3,  (RM, ZM)=     (   0.23758      0.93500     )
 (   0.36930      0.93500     )  (    1232   3118 ) ---> (   0.36930      0.93510     )
 CONNECTED BY AN ELLIPSE,       IKIND=-3,  (RM, ZM)=     (   0.23758      0.93500     )
 (   0.30179      0.99920     )  (    1007   3332 ) ---> (   0.30180      0.99930     )
 (   0.22970       1.0217     )  (     767   3407 ) ---> (   0.22980       1.0218     )
 CONNECTED BY AN ELLIPSE,       IKIND=-3,  (RM, ZM)=     (   0.26870       1.1220     )
 (   0.15000       1.1220     )  (     501   3741 )
 CONNECTED BY AN ELLIPSE,       IKIND=-3,  (RM, ZM)=     (   0.26870       1.1220     )
 (   0.22970       1.2224     )  (     767   4075 ) ---> (   0.22980       1.2222     )
 (   0.30179       1.2448     )  (    1007   4150 ) ---> (   0.30180       1.2447     )
 CONNECTED BY AN ELLIPSE,       IKIND=-3,  (RM, ZM)=     (   0.23758       1.3090     )
 (   0.36930       1.3090     )  (    1232   4364 ) ---> (   0.36930       1.3089     )
 CONNECTED BY AN ELLIPSE,       IKIND=-3,  (RM, ZM)=     (   0.23758       1.3090     )
 (   0.30179       1.3732     )  (    1007   4578 ) ---> (   0.30180       1.3731     )
 (   0.22970       1.3957     )  (     767   4653 ) ---> (   0.22980       1.3956     )
 CONNECTED BY AN ELLIPSE,       IKIND=-3,  (RM, ZM)=     (   0.26870       1.4960     )
 (   0.15000       1.4960     )  (     501   4988 ) ---> (   0.15000       1.4961     )
 (   0.15000       1.8960     )  (     501   6321 )
 (   0.15000       2.2960     )  (     501   7654 ) ---> (   0.15000       2.2959     )
 CONNECTED BY AN ELLIPSE,       IKIND=-3,  (RM, ZM)=     (   0.26870       2.2960     )
 (   0.22970       2.3963     )  (     767   7989 ) ---> (   0.22980       2.3964     )
 (   0.30179       2.4188     )  (    1007   8064 ) ---> (   0.30180       2.4189     )
 CONNECTED BY AN ELLIPSE,       IKIND=-3,  (RM, ZM)=     (   0.23758       2.4830     )
 (   0.36930       2.4830     )  (    1232   8278 ) ---> (   0.36930       2.4831     )
 CONNECTED BY AN ELLIPSE,       IKIND=-3,  (RM, ZM)=     (   0.23758       2.4830     )
 (   0.30179       2.5472     )  (    1007   8492 ) ---> (   0.30180       2.5473     )
 (   0.22970       2.5697     )  (     767   8567 ) ---> (   0.22980       2.5698     )
 CONNECTED BY AN ELLIPSE,       IKIND=-3,  (RM, ZM)=     (   0.26870       2.6700     )
 (   0.15000       2.6700     )  (     501   8901 )
 CONNECTED BY AN ELLIPSE,       IKIND=-3,  (RM, ZM)=     (   0.26870       2.6700     )
 (   0.22970       2.7703     )  (     767   9235 ) ---> (   0.22980       2.7702     )
 (   0.30179       2.7928     )  (    1007   9310 ) ---> (   0.30180       2.7927     )
 CONNECTED BY AN ELLIPSE,       IKIND=-3,  (RM, ZM)=     (   0.23758       2.8570     )
 (   0.36930       2.8570     )  (    1232   9524 ) ---> (   0.36930       2.8569     )
 CONNECTED BY AN ELLIPSE,       IKIND=-3,  (RM, ZM)=     (   0.23758       2.8570     )
 (   0.30179       2.9212     )  (    1007   9738 ) ---> (   0.30180       2.9211     )
 (   0.22970       2.9437     )  (     767   9813 ) ---> (   0.22980       2.9436     )
 CONNECTED BY AN ELLIPSE,       IKIND=-3,  (RM, ZM)=     (   0.26870       3.0440     )
 (   0.15000       3.0440     )  (     501  10148 ) ---> (   0.15000       3.0441     )
 (   0.15000       3.4440     )  (     501  11481 )
 (   0.15000       3.8440     )  (     501  12814 ) ---> (   0.15000       3.8439     )
 CONNECTED BY AN ELLIPSE,       IKIND=-3,  (RM, ZM)=     (   0.26870       3.8440     )
 (   0.22970       3.9443     )  (     767  13149 ) ---> (   0.22980       3.9444     )
 (   0.30179       3.9668     )  (    1007  13224 ) ---> (   0.30180       3.9669     )
 CONNECTED BY AN ELLIPSE,       IKIND=-3,  (RM, ZM)=     (   0.23758       4.0310     )
 (   0.36930       4.0310     )  (    1232  13438 ) ---> (   0.36930       4.0311     )
 CONNECTED BY AN ELLIPSE,       IKIND=-3,  (RM, ZM)=     (   0.23758       4.0310     )
 (   0.30179       4.0952     )  (    1007  13652 ) ---> (   0.30180       4.0953     )
 (   0.22970       4.1177     )  (     767  13726 ) ---> (   0.22980       4.1175     )
 CONNECTED BY AN ELLIPSE,       IKIND=-3,  (RM, ZM)=     (   0.26870       4.2180     )
 (   0.15000       4.2180     )  (     501  14061 )
 CONNECTED BY AN ELLIPSE,       IKIND=-3,  (RM, ZM)=     (   0.26870       4.2180     )
 (   0.22970       4.3184     )  (     767  14396 ) ---> (   0.22980       4.3185     )
 (   0.30179       4.3408     )  (    1007  14470 ) ---> (   0.30180       4.3407     )
 CONNECTED BY AN ELLIPSE,       IKIND=-3,  (RM, ZM)=     (   0.23758       4.4050     )
 (   0.36930       4.4050     )  (    1232  14684 ) ---> (   0.36930       4.4049     )
 CONNECTED BY AN ELLIPSE,       IKIND=-3,  (RM, ZM)=     (   0.23758       4.4050     )
 (   0.30179       4.4692     )  (    1007  14898 ) ---> (   0.30180       4.4691     )
 (   0.22970       4.4917     )  (     767  14973 ) ---> (   0.22980       4.4916     )
 CONNECTED BY AN ELLIPSE,       IKIND=-3,  (RM, ZM)=     (   0.26870       4.5920     )
 (   0.15000       4.5920     )  (     501  15308 ) ---> (   0.15000       4.5921     )
 (   0.15000       4.9920     )  (     501  16641 )
 (   0.15000       5.3920     )  (     501  17974 ) ---> (   0.15000       5.3919     )
 CONNECTED BY AN ELLIPSE,       IKIND=-3,  (RM, ZM)=     (   0.26870       5.3920     )
 (   0.22970       5.4924     )  (     767  18309 ) ---> (   0.22980       5.4924     )
 (   0.30179       5.5148     )  (    1007  18384 ) ---> (   0.30180       5.5149     )
 CONNECTED BY AN ELLIPSE,       IKIND=-3,  (RM, ZM)=     (   0.23758       5.5790     )
 (   0.36930       5.5790     )  (    1232  18598 ) ---> (   0.36930       5.5791     )
 CONNECTED BY AN ELLIPSE,       IKIND=-3,  (RM, ZM)=     (   0.23758       5.5790     )
 (   0.30179       5.6432     )  (    1007  18812 ) ---> (   0.30180       5.6433     )
 (   0.22970       5.6656     )  (     767  18886 ) ---> (   0.22980       5.6655     )
 CONNECTED BY AN ELLIPSE,       IKIND=-3,  (RM, ZM)=     (   0.26870       5.7660     )
 (   0.15000       5.7660     )  (     501  19221 )
 CONNECTED BY AN ELLIPSE,       IKIND=-3,  (RM, ZM)=     (   0.26870       5.7660     )
 (   0.22970       5.8664     )  (     767  19556 ) ---> (   0.22980       5.8665     )
 (   0.30179       5.8888     )  (    1007  19630 ) ---> (   0.30180       5.8887     )
 CONNECTED BY AN ELLIPSE,       IKIND=-3,  (RM, ZM)=     (   0.23758       5.9530     )
 (   0.36930       5.9530     )  (    1232  19844 ) ---> (   0.36930       5.9529     )
 CONNECTED BY AN ELLIPSE,       IKIND=-3,  (RM, ZM)=     (   0.23758       5.9530     )
 (   0.30179       6.0172     )  (    1007  20058 ) ---> (   0.30180       6.0171     )
 (   0.22970       6.0396     )  (     767  20133 ) ---> (   0.22980       6.0396     )
 CONNECTED BY AN ELLIPSE,       IKIND=-3,  (RM, ZM)=     (   0.26870       6.1400     )
 (   0.15000       6.1400     )  (     501  20468 ) ---> (   0.15000       6.1401     )
 (   0.15000       6.5400     )  (     501  21801 )
 (   0.15000       6.9400     )  (     501  23134 ) ---> (   0.15000       6.9399     )
 CONNECTED BY AN ELLIPSE,       IKIND=-3,  (RM, ZM)=     (   0.26870       6.9400     )
 (   0.22970       7.0403     )  (     767  23469 ) ---> (   0.22980       7.0404     )
 (   0.30179       7.0628     )  (    1007  23544 ) ---> (   0.30180       7.0629     )
 CONNECTED BY AN ELLIPSE,       IKIND=-3,  (RM, ZM)=     (   0.23758       7.1270     )
 (   0.36930       7.1270     )  (    1232  23758 ) ---> (   0.36930       7.1271     )
 CONNECTED BY AN ELLIPSE,       IKIND=-3,  (RM, ZM)=     (   0.23758       7.1270     )
 (   0.30179       7.1912     )  (    1007  23972 ) ---> (   0.30180       7.1913     )
 (   0.22970       7.2136     )  (     767  24046 ) ---> (   0.22980       7.2135     )
 CONNECTED BY AN ELLIPSE,       IKIND=-3,  (RM, ZM)=     (   0.26870       7.3140     )
 (   0.15000       7.3140     )  (     501  24381 )
 CONNECTED BY AN ELLIPSE,       IKIND=-3,  (RM, ZM)=     (   0.26870       7.3140     )
 (   0.22970       7.4144     )  (     767  24716 ) ---> (   0.22980       7.4145     )
 (   0.30179       7.4368     )  (    1007  24790 ) ---> (   0.30180       7.4367     )
 CONNECTED BY AN ELLIPSE,       IKIND=-3,  (RM, ZM)=     (   0.23758       7.5010     )
 (   0.36930       7.5010     )  (    1232  25004 ) ---> (   0.36930       7.5009     )
 CONNECTED BY AN ELLIPSE,       IKIND=-3,  (RM, ZM)=     (   0.23758       7.5010     )
 (   0.30179       7.5652     )  (    1007  25218 ) ---> (   0.30180       7.5651     )
 (   0.22970       7.5876     )  (     767  25293 ) ---> (   0.22980       7.5876     )
 CONNECTED BY AN ELLIPSE,       IKIND=-3,  (RM, ZM)=     (   0.26870       7.6880     )
 (   0.15000       7.6880     )  (     501  25628 ) ---> (   0.15000       7.6881     )
 (   0.15000       8.4360     )  (     501  28120 ) ---> (   0.15000       8.4360     )
 (   0.00000E+00   8.4360     )  (       1  28121 ) ---> (   0.00000E+00   8.4360     )
 (   0.00000E+00  0.00000E+00 )  (       1      1 )

 $BEAM:
 SIGMA OF THE GAUSSIAN BUNCH    : SIG  =  0.30000E-02(M)
 NUMBER OF STAND.DEV. USED      : ISIG = +/-  5
 RADIAL BEAM OFFSET AT          :RDRIVE=  0.15000    (M)
 MODE NUMBER (MONOPOLE/DIPOLE)  : MROT =      0

 $WAKE:
 RADIAL WAKE OFFSET        (LEFT)   AT  R   =  0.15000    (M)
 WAKE    BETWEEN THE BUNCH  COORDINATES UBF =  0.00000E+00(M)
                                    AND UBT =  0.50000E-01(M)
 WINDOW FOR FRONT                 (LCFRON)  :  T
 WINDOW FOR BACK                  (LCBACK)  :  T
 CHIN WAKE INTEGRATION METHOD     (LCHIN )  :  F
 NAPOLY WAKE INTEGRATION METHOD   (LNAPOLY) :  F
 CONVENTIONAL INTEGRATION METHOD  (LNONAP)  :  F
 WAKE FOR A COUNTER-ROTATING BEAM (LCRBW)   :  F
 NUMBER OF WAKE POTENTIAL POINTS: NW   =     168

 $TIME:
 TIME STEPS TO BE PROCESSED     : NT   = 113153
 NUMBER OF TIME STEPS/MESH STEP : MT   =      4
 VELOCITY OF THE BUNCH / C      : BETA =   1.0000    
 TIME-STEP VALUE                : DT   =  0.25017    (PS)
 TIME FOR A PARTICLE TO PASS    : PT   =   28139.    (PS)

 $PLOT:
 PLOT OF CAVITY SHAPE INPUT       (LCAVIN)  :  T
 PLOT OF CAVITY SHAPE USED        (LCAVUS)  :  T
 PLOT OF NAPOLY-ZOTTER CONTOUR    (LPATH)   :  T
 PLOT OF ALL WAKE POTENTIALS      (LPLW)    :  T
 PLOT OF AZIMUTHAL WAKE POTENTIAL (LPLWA)   :  F
 PLOT OF TRANSVERSE WAKE POTENT.  (LPLWT)   :  F
 PLOT OF LONGITUDINAL WAKE POTENT.(LPLWL)   :  F
 PLOT OF FFT OF WAKE POTENTIALS   (LFFT)    :  T
 PLOT OF FFT OF AZIMUTHAL WAKE    (LFFTA)   :  F
 PLOT OF FFT OF TRANSVERSE WAKE   (LFFTT)   :  F
 PLOT OF FFT OF LONGITUDINAL WAKE (LFFTL)   :  F
 PLOT OF INTEGRATION OF IMPEDANCE (LINTZ)   :  F
 PLOT OF ENERGY LOSS SPECTRUM     (LSPEC)   :  T
 PLOT OF ELECTRIC FIELD LINES     (LPLE)    :  F
 PLOT OF TOTAL CURRENT LINES      (LPLC)    :  F
 SWITCH FROM ABSOLUTE TO RELATVE  (LPALL)   :  F
 NUMBER OF CONTOUR LINES        : NPLOT=      10
 ENHANCEMENT FACTOR FOR FFT PLOT:EXPFAC=   20.000    
 CUTOFF FREQUENCY FOR FFT PLOT  :CUTOFF=   38.957    (GHZ)
 WINDOWING FOR FOURIER TRANSFORMS (LWNDW)   :  T
 WINDOW FUNCTION                : NWFUN=       1
 WINDOW PARAMETER FOR WIDTH     : ALPHA=   3.0000    

 $PRIN:
 PRINTOUT OF CAVITY SHAPE USED    (LMATPR)  :  F
 PRINTOUT OF WAKE POTENTIALS      (LPRW)    :  T
 LINE-PRINTER PLOT OF WAKE POT.   (LPPW)    :  T
 SAVE WAKE POTENTIALS IN A FILE   (LSVW)    :  T
 SAVE AZIMUTHAL WAKE IN A FILE    (LSVWA)   :  F
 SAVE TRANSVERSE WAKE IN A FILE   (LSVWT)   :  F
 SAVE LONGITUDINAL WAKE IN A FILE (LSVWL)   :  T
 SAVE FFT RESULTS IN A FILE       (LSVF)    :  T
1PROBLEM : SAMPLE INPUT #1 A SIMPLE CAVITY STRUCTURE                                16/12/21 13:55:16     SIG/M= 3.000E-03  MROT= 0
                                                                        CPUTIME USED: 1.111E+01(S)   DDR= 3.000E-04  DDZ= 3.000E-04
 (A,T,L,P) = WAKE POTENTIAL AS A FUNCTION OF THE BUNCH COORDINATES S IN (M), (*)=BUNCH SHAPE,  FRONT LEFT     LCHIN= F   LNAPOLY= F
  1.00E+00 +-------------------+--------***--------+-------------------+-------------------+-------------------+-------------------+
           I                   I       *   *       I                   I                   I                   I                   I
           I                   I      **   **      I                   I                   I                   I                   I
           I                   I     *       *     I                   I                   I                   I                   I
           I                   I     *       *     I                   I                   I                   I                   I
           I                   I    *         *    I                   I                   I                   I                   I
           I                   I                   I                   I                   I                   I                   I
           I                   I    *         *    I                   I                   I                   I                   I
           I                   I   *           *   I                   I                   I                   I                   I
           I                   I  *             *  I                   I                   I                   I                   I
  5.00E-01 +-------------------+--*-------------*--+-------------------+-------------------+-------------------+-------------------+
           I                   I *               * I                   I                   I                   I                   I
           I                   I *               * I                   I                   I                   I                   I
           I                   I                   I                   I                   I                   I                   I
           I                   **                 **                   I                   I                   I                   I
           I                   *                   *                   I                   I                   I                   I
           I                  *I                   I*                  I                   I                   I                   I
           I                 **I                   I**                 I                   I                   I                   I
           I                *  I                   I  *                I                   I                   I                   I
           I             ***   I                   I   ***             I                   I                   I                   I
  0.00E+00 LLLLLLLLLLLLLLLLL---+-------------------+------******************************************************-------------------+
           I                LLLI                   I                   I                   I                   I                   I
           I                  LL                   I                   I                   I                   I                   I
           I                   LL                  I                   I                   I                   I                   I
           I                   I L                 I                   I                   I        LLLLLLLLLLLL                   I
           I                   I L                 I                   I                   I     LLL           I                   I
           I                   I  L                I                   I       LLLLLLLL    ILLLLL              I                   I
           I                   I  L                I                   I   LLLLL       LLLLL                   I                   I
           I                   I   L               I                   I LLL               I                   I                   I
           I                   I    L              I                  LLL                  I                   I                   I
 -5.00E-01 +-------------------+----L--------------+----------------LLL+-------------------+-------------------+-------------------+
           I                   I     L             I              LL   I                   I                   I                   I
           I                   I     L             I           LLL     I                   I                   I                   I
           I                   I      L            I        LLL        I                   I                   I                   I
           I                   I                   I     LLLL          I                   I                   I                   I
           I                   I       L           I  LLL              I                   I                   I                   I
           I                   I       LL          ILLL                I                   I                   I                   I
           I                   I        L         LL                   I                   I                   I                   I
           I                   I         L       L I                   I                   I                   I                   I
           I                   I          L    LL  I                   I                   I                   I                   I
 -1.00E+00 +-------------------+-----------LLLL----+-------------------+-------------------+-------------------+-------------------+
0       0.00E+00            0.00E+00            0.00E+00            0.00E+00            0.00E+00            0.00E+00

 LINE CHARGE DENSITY MIN/MAX= 0.000E+00/ 1.330E+02    C/M**1, SCALE= 1.330E+02    C/M**1, PASSING    AT R= 1.500E-01 M
 LONGITUDINAL WAKE   MIN/MAX=-3.286E+00/ 8.964E-03 V/PC/M**0, SCALE= 3.286E+00 V/PC/M**0
0
 INTEGRATED  LONGITUDINAL WAKE * CHARGE DENSITY = -2.423E+00 V/PC/M**0   (FIRST/LAST HALF = -8.748E-01/-1.549E+00 V/PC/M**0)
1
 LONGITUDINAL WAKE FIELDS --->

 S/M      =   0.0000E+00  3.0000E-04  6.0000E-04  9.0000E-04  1.2000E-03  1.5000E-03  1.8000E-03  2.1000E-03  2.4000E-03  2.7000E-03
 LWAKE/V  =  -2.7450E+07  2.5160E+07  9.5289E+07  2.2434E+08  4.1260E+08  6.6255E+08  9.9574E+08  1.3922E+09  1.8860E+09  2.4456E+09

 S/M      =   3.0000E-03  3.3000E-03  3.6000E-03  3.9000E-03  4.2000E-03  4.5000E-03  4.8000E-03  5.1000E-03  5.4000E-03  5.7000E-03
 LWAKE/V  =   3.1067E+09  3.8331E+09  4.6476E+09  5.5090E+09  6.4086E+09  7.2881E+09  8.0830E+09  8.6925E+09  8.9645E+09  8.7154E+09

 S/M      =   6.0000E-03  6.3000E-03  6.6000E-03  6.9000E-03  7.2000E-03  7.5000E-03  7.8000E-03  8.1000E-03  8.4000E-03  8.7000E-03
 LWAKE/V  =   7.6646E+09  5.4929E+09  1.7462E+09 -4.0879E+09 -1.2676E+10 -2.4767E+10 -4.1259E+10 -6.3140E+10 -9.1516E+10 -1.2756E+11

 S/M      =   9.0000E-03  9.3000E-03  9.6000E-03  9.9000E-03  1.0200E-02  1.0500E-02  1.0800E-02  1.1100E-02  1.1400E-02  1.1700E-02
 LWAKE/V  =  -1.7248E+11 -2.2749E+11 -2.9374E+11 -3.7228E+11 -4.6392E+11 -5.6926E+11 -6.8852E+11 -8.2157E+11 -9.6778E+11 -1.1261E+12

 S/M      =   1.2000E-02  1.2300E-02  1.2600E-02  1.2900E-02  1.3200E-02  1.3500E-02  1.3800E-02  1.4100E-02  1.4400E-02  1.4700E-02
 LWAKE/V  =  -1.2949E+12 -1.4723E+12 -1.6556E+12 -1.8420E+12 -2.0285E+12 -2.2118E+12 -2.3885E+12 -2.5554E+12 -2.7095E+12 -2.8483E+12

 S/M      =   1.5000E-02  1.5300E-02  1.5600E-02  1.5900E-02  1.6200E-02  1.6500E-02  1.6800E-02  1.7100E-02  1.7400E-02  1.7700E-02
 LWAKE/V  =  -2.9697E+12 -3.0720E+12 -3.1543E+12 -3.2163E+12 -3.2582E+12 -3.2808E+12 -3.2856E+12 -3.2743E+12 -3.2489E+12 -3.2118E+12

 S/M      =   1.8000E-02  1.8300E-02  1.8600E-02  1.8900E-02  1.9200E-02  1.9500E-02  1.9800E-02  2.0100E-02  2.0400E-02  2.0700E-02
 LWAKE/V  =  -3.1652E+12 -3.1116E+12 -3.0530E+12 -2.9916E+12 -2.9291E+12 -2.8670E+12 -2.8066E+12 -2.7487E+12 -2.6939E+12 -2.6426E+12

 S/M      =   2.1000E-02  2.1300E-02  2.1600E-02  2.1900E-02  2.2200E-02  2.2500E-02  2.2800E-02  2.3100E-02  2.3400E-02  2.3700E-02
 LWAKE/V  =  -2.5949E+12 -2.5507E+12 -2.5098E+12 -2.4717E+12 -2.4362E+12 -2.4027E+12 -2.3708E+12 -2.3399E+12 -2.3096E+12 -2.2795E+12

 S/M      =   2.4000E-02  2.4300E-02  2.4600E-02  2.4900E-02  2.5200E-02  2.5500E-02  2.5800E-02  2.6100E-02  2.6400E-02  2.6700E-02
 LWAKE/V  =  -2.2493E+12 -2.2187E+12 -2.1873E+12 -2.1551E+12 -2.1219E+12 -2.0877E+12 -2.0524E+12 -2.0160E+12 -1.9786E+12 -1.9402E+12

 S/M      =   2.7000E-02  2.7300E-02  2.7600E-02  2.7900E-02  2.8200E-02  2.8500E-02  2.8800E-02  2.9100E-02  2.9400E-02  2.9700E-02
 LWAKE/V  =  -1.9009E+12 -1.8608E+12 -1.8199E+12 -1.7785E+12 -1.7365E+12 -1.6942E+12 -1.6516E+12 -1.6089E+12 -1.5663E+12 -1.5239E+12

 S/M      =   3.0000E-02  3.0300E-02  3.0600E-02  3.0900E-02  3.1200E-02  3.1500E-02  3.1800E-02  3.2100E-02  3.2400E-02  3.2700E-02
 LWAKE/V  =  -1.4819E+12 -1.4406E+12 -1.4000E+12 -1.3606E+12 -1.3224E+12 -1.2857E+12 -1.2508E+12 -1.2180E+12 -1.1873E+12 -1.1591E+12

 S/M      =   3.3000E-02  3.3300E-02  3.3600E-02  3.3900E-02  3.4200E-02  3.4500E-02  3.4800E-02  3.5100E-02  3.5400E-02  3.5700E-02
 LWAKE/V  =  -1.1334E+12 -1.1105E+12 -1.0905E+12 -1.0734E+12 -1.0592E+12 -1.0480E+12 -1.0397E+12 -1.0341E+12 -1.0312E+12 -1.0306E+12

 S/M      =   3.6000E-02  3.6300E-02  3.6600E-02  3.6900E-02  3.7200E-02  3.7500E-02  3.7800E-02  3.8100E-02  3.8400E-02  3.8700E-02
 LWAKE/V  =  -1.0323E+12 -1.0358E+12 -1.0409E+12 -1.0471E+12 -1.0542E+12 -1.0617E+12 -1.0691E+12 -1.0760E+12 -1.0819E+12 -1.0866E+12

 S/M      =   3.9000E-02  3.9300E-02  3.9600E-02  3.9900E-02  4.0200E-02  4.0500E-02  4.0800E-02  4.1100E-02  4.1400E-02  4.1700E-02
 LWAKE/V  =  -1.0894E+12 -1.0901E+12 -1.0883E+12 -1.0838E+12 -1.0763E+12 -1.0657E+12 -1.0518E+12 -1.0349E+12 -1.0149E+12 -9.9201E+11

 S/M      =   4.2000E-02  4.2300E-02  4.2600E-02  4.2900E-02  4.3200E-02  4.3500E-02  4.3800E-02  4.4100E-02  4.4400E-02  4.4700E-02
 LWAKE/V  =  -9.6663E+11 -9.3908E+11 -9.0983E+11 -8.7935E+11 -8.4822E+11 -8.1698E+11 -7.8623E+11 -7.5651E+11 -7.2837E+11 -7.0226E+11

 S/M      =   4.5000E-02  4.5300E-02  4.5600E-02  4.5900E-02  4.6200E-02  4.6500E-02  4.6800E-02  4.7100E-02  4.7400E-02  4.7700E-02
 LWAKE/V  =  -6.7858E+11 -6.5765E+11 -6.3965E+11 -6.2473E+11 -6.1283E+11 -6.0389E+11 -5.9765E+11 -5.9382E+11 -5.9202E+11 -5.9183E+11

 S/M      =   4.8000E-02  4.8300E-02  4.8600E-02  4.8900E-02  4.9200E-02  4.9500E-02  4.9800E-02  5.0100E-02  5.0400E-02  5.0700E-02
 LWAKE/V  =  -5.9274E+11 -5.9431E+11 -5.9606E+11 -5.9756E+11 -5.9846E+11 -5.9847E+11 -5.9742E+11 -5.9522E+11 -5.9195E+11 -5.8774E+11

1
 **********************************************************************************************************************************

 ABCI_MP ENDED WITHOUT ERROR       TOTAL CPU TIME USED:      11.1 (S)

 **********************************************************************************************************************************
