  NEW FRAME
 Invalid command "FRAME". Igonred.
  SET FONT DUPLEX
  SET SIZE 13 BY 10              
  SET WINDOW X FROM 2 12 Y FROM 1 TO 8
  SET TICKS SIZE 0.05
  TITLE 7.0 9.0 CENTER SIZE 2.2  'Cavity Shape Input'
  TITLE 2.0 8.6 SIZE 1.5  'ABCI_MP 12.5 :  SAMPLE INPUT #1 A SIMPL'
  MORE 'E CAVITY STRUCTURE                              '
  TITLE BOTTOM 'Z-axis (m)'
  TITLE LEFT   'R-axis (m)'
  TITLE 10.9 8.9 SIZE 1.25 '15/11/22  16:37:56'
  TITLE 2.00 8.3 SIZE 1.40 'DDZ= 2.500 mm,  DDR= 2.500 mm'
  SET LIMITS X  -0.84500E-01   1.7745     Y  -0.86250E-02  0.18113    
   0.00000E+00  0.00000E+00
   0.00000E+00  0.81000E-01
  JOIN 1 DOTS
   0.00000E+00  0.81000E-01
   0.37400      0.81000E-01
   0.37463      0.81008E-01
   0.90007      0.13453    
   0.90046      0.13367    
   0.90083      0.13281    
    1.6900      0.81000E-01
    1.6900      0.00000E+00
  JOIN 1 DOTS
    1.6900      0.00000E+00
   0.00000E+00  0.00000E+00
  JOIN 1 DOTDASH
   0.00000E+00  0.80094E-01
   0.52613      0.80094E-01
   0.52613      0.71594E-01
  NEW FRAME
Plot #0 ends.
 Invalid command "FRAME". Igonred.
  SET FONT DUPLEX
  SET SIZE 13 BY 10              
  SET WINDOW X FROM 2 12 Y FROM 1 TO 8
  SET TICKS SIZE 0.05
  TITLE 7.0 9.0 CENTER SIZE 2.2  'Cavity Shape Used'
  TITLE 2.0 8.6 SIZE 1.5  'ABCI_MP 12.5 :  SAMPLE INPUT #1 A SIMPL'
  MORE 'E CAVITY STRUCTURE                              '
  TITLE BOTTOM 'Z-axis (m)'
  TITLE LEFT   'R-axis (m)'
  TITLE 10.9 8.9 SIZE 1.25 '15/11/22  16:37:56'
  TITLE 2.00 8.3 SIZE 1.40 'DDZ= 2.500 mm,  DDR= 2.500 mm'
  SET LIMITS X  -0.84500E-01   1.7745     Y  -0.86250E-02  0.18113    
   0.00000E+00  0.00000E+00
   0.00000E+00  0.81000E-01
  JOIN 1 DOTS
   0.00000E+00  0.80000E-01
   0.25000E-02  0.80000E-01
   0.50000E-02  0.80000E-01
  PLOT
    1.6900      0.81000E-01
    1.6900      0.00000E+00
  JOIN 1 DOTS
    1.6900      0.00000E+00
   0.00000E+00  0.00000E+00
  JOIN 1 DOTDASH
   0.00000E+00  0.80094E-01
   0.52613      0.80094E-01
   0.52613      0.71594E-01
  NEW FRAME
Plot #1 ends.
 Invalid command "FRAME". Igonred.
  SET FONT DUPLEX
  SET SIZE 13 BY 10              
  SET WINDOW X FROM 2 12 Y FROM 1.75 TO 8
  SET TICKS SIZE 0.05
  TITLE 7.0 9.0 CENTER SIZE 2.2  'Wake Potentials'
  TITLE 2.0 8.6 SIZE 1.50 'ABCI_MP 12.5 :  SAMPLE INPUT #1 A SIMPL'
  MORE 'E CAVITY STRUCTURE                              '
  TITLE BOTTOM 'Distance from Bunch Head S (m)'
  TITLE LEFT   'Scaled Wake Potential W (S)'
  TITLE 10.9 8.9 SIZE 1.25 '15/11/22  16:37:56'
  TITLE 10.1 9.1 SIZE 1.25 'Cpu Time Used: 1.491E+01(s)'
  TITLE 2.00 8.3 SIZE 1.40 'MROT= 0,  SIG= 2.500 cm,'
  MORE '  DDZ= 2.500 mm,  DDR= 2.500 mm'
  SET LIMITS X   0.00000E+00   100.00     Y   -1.0000       1.0000    
   0.00000E+00  0.37267E-05
   0.25000E-02  0.61136E-05
   0.50000E-02  0.99295E-05
    5.0000      0.80000    
    15.000      0.80000    
  JOIN 1 DOTS    
  TITLE    17.500      0.80000     DATA SIZE 1.5 'Charge Density'
   0.00000E+00 NaN         
   0.25000E-02 NaN         
   0.50000E-02 NaN         
    2.5500     NaN         
    2.5525     NaN         
    2.5550     NaN         
    5.1000     NaN         
    5.1025     NaN         
    5.1050     NaN         
    7.6500     NaN         
    7.6525     NaN         
    7.6550     NaN         
    10.200     NaN         
    10.202     NaN         
    10.205     NaN         
    12.750     NaN         
    12.752     NaN         
    12.755     NaN         
    15.300     NaN         
    15.302     NaN         
    15.305     NaN         
    17.850     NaN         
    17.852     NaN         
    17.855     NaN         
    20.400     NaN         
    20.403     NaN         
    20.405     NaN         
    22.950     NaN         
    22.952     NaN         
    22.955     NaN         
    25.500     NaN         
    25.502     NaN         
    25.505     NaN         
    28.050     NaN         
    28.052     NaN         
    28.055     NaN         
    30.600     NaN         
    30.602     NaN         
    30.605     NaN         
    33.150     NaN         
    33.153     NaN         
    33.155     NaN         
    35.700     NaN         
    35.702     NaN         
    35.705     NaN         
    38.250     NaN         
    38.252     NaN         
    38.255     NaN         
    40.800     NaN         
    40.802     NaN         
    40.805     NaN         
    43.350     NaN         
    43.353     NaN         
    43.355     NaN         
    45.900     NaN         
    45.903     NaN         
    45.905     NaN         
    48.450     NaN         
    48.452     NaN         
    48.455     NaN         
    51.000     NaN         
    51.002     NaN         
    51.005     NaN         
    53.550     NaN         
    53.552     NaN         
    53.555     NaN         
    56.100     NaN         
    56.102     NaN         
    56.105     NaN         
    58.650     NaN         
    58.653     NaN         
    58.655     NaN         
    61.200     NaN         
    61.202     NaN         
    61.205     NaN         
    63.750     NaN         
    63.752     NaN         
    63.755     NaN         
    66.300     NaN         
    66.302     NaN         
    66.305     NaN         
    68.850     NaN         
    68.853     NaN         
    68.855     NaN         
    71.400     NaN         
    71.402     NaN         
    71.405     NaN         
    73.950     NaN         
    73.952     NaN         
    73.955     NaN         
    76.500     NaN         
    76.502     NaN         
    76.505     NaN         
    79.050     NaN         
    79.052     NaN         
    79.055     NaN         
    81.600     NaN         
    81.603     NaN         
    81.605     NaN         
    84.150     NaN         
    84.152     NaN         
    84.155     NaN         
    86.700     NaN         
    86.702     NaN         
    86.705     NaN         
    89.250     NaN         
    89.252     NaN         
    89.255     NaN         
    91.800     NaN         
    91.802     NaN         
    91.805     NaN         
    94.350     NaN         
    94.353     NaN         
    94.355     NaN         
    96.900     NaN         
    96.902     NaN         
    96.905     NaN         
    99.450     NaN         
    99.452     NaN         
    99.455     NaN         
    5.0000      0.70000    
    15.000      0.70000    
  JOIN 1 SOLID   
  TITLE    17.500      0.70000     DATA SIZE 1.5 'Longitudinal  '
  TITLE  2.00 0.70 SIZE 1.40 'Longitudinal Wake '
  TITLE  4.00 0.70 SIZE 1.40 'Min/Max=  NaN      / NaN       V/pC,     '
  TITLE  8.70 0.70 SIZE 1.40 'Loss Factor= -6.347E-01 V/pC     '
  NEW FRAME
Plot #2 ends.
 Invalid command "FRAME". Igonred.
  SET FONT DUPLEX
  SET SIZE 13 BY 10              
  SET WINDOW X FROM 2 12 Y FROM 1.00 TO 8
  SET TICKS SIZE 0.05
  TITLE 3.4 9.0 SIZE 2.2  ' '
  MORE '  Real Part of Longitudinal Impedance   '
  TITLE 2.0 8.6 SIZE 1.5  'ABCI_MP 12.5 :  SAMPLE INPUT #1 A SIMPL'
  MORE 'E CAVITY STRUCTURE                              '
  TITLE BOTTOM 'Frequency f (GHz)'
  TITLE LEFT   '               Real Z2L1  (kW)    '
  CASE         '                     V V    F     '
  TITLE 10.9 8.9 SIZE 1.25 '15/11/22  16:37:56'
  TITLE 2.00 8.3 SIZE 1.40 'MROT= 0,  SIG= 2.500 cm,'
  MORE '  DDZ= 2.500 mm,  DDR= 2.500 mm'
  SET LIMIT X   0.00000E+00   4.6749    
   0.00000E+00  0.00000E+00
   0.00000E+00 NaN         
  JOIN 
   0.00000E+00 NaN         
   0.46749E-03 NaN         
   0.93497E-03 NaN         
   0.47730     NaN         
   0.47777     NaN         
   0.47824     NaN         
   0.95460     NaN         
   0.95507     NaN         
   0.95554     NaN         
    1.4319     NaN         
    1.4324     NaN         
    1.4328     NaN         
    1.9092     NaN         
    1.9097     NaN         
    1.9101     NaN         
    2.3865     NaN         
    2.3870     NaN         
    2.3874     NaN         
    2.8638     NaN         
    2.8643     NaN         
    2.8647     NaN         
    3.3411     NaN         
    3.3416     NaN         
    3.3421     NaN         
    3.8184     NaN         
    3.8189     NaN         
    3.8194     NaN         
    4.2957     NaN         
    4.2962     NaN         
    4.2967     NaN         
  SET ORDER X Y 
   0.00000E+00  0.00000E+00
    4.6749      0.00000E+00
  JOIN DOTDASH 
  NEW FRAME
Plot #3 ends.
 Invalid command "FRAME". Igonred.
  SET FONT DUPLEX
  SET SIZE 13 BY 10              
  SET WINDOW X FROM 2 12 Y FROM 1.00 TO 8
  SET TICKS SIZE 0.05
  TITLE 3.4 9.0 SIZE 2.2  ' '
  MORE 'Imaginary Part of Longitudinal Impedance'
  TITLE 2.0 8.6 SIZE 1.5  'ABCI_MP 12.5 :  SAMPLE INPUT #1 A SIMPL'
  MORE 'E CAVITY STRUCTURE                              '
  TITLE BOTTOM 'Frequency f (GHz)'
  TITLE LEFT   '               Imag Z2L1  (kW)    '
  CASE         '                     V V    F     '
  TITLE 10.9 8.9 SIZE 1.25 '15/11/22  16:37:56'
  TITLE 2.00 8.3 SIZE 1.40 'MROT= 0,  SIG= 2.500 cm,'
  MORE '  DDZ= 2.500 mm,  DDR= 2.500 mm'
  SET LIMIT X   0.00000E+00   4.6749    
   0.00000E+00 NaN         
   0.00000E+00 NaN         
  JOIN 
   0.00000E+00 NaN         
   0.46749E-03 NaN         
   0.93497E-03 NaN         
   0.47730     NaN         
   0.47777     NaN         
   0.47824     NaN         
   0.95460     NaN         
   0.95507     NaN         
   0.95554     NaN         
    1.4319     NaN         
    1.4324     NaN         
    1.4328     NaN         
    1.9092     NaN         
    1.9097     NaN         
    1.9101     NaN         
    2.3865     NaN         
    2.3870     NaN         
    2.3874     NaN         
    2.8638     NaN         
    2.8643     NaN         
    2.8647     NaN         
    3.3411     NaN         
    3.3416     NaN         
    3.3421     NaN         
    3.8184     NaN         
    3.8189     NaN         
    3.8194     NaN         
    4.2957     NaN         
    4.2962     NaN         
    4.2967     NaN         
  SET ORDER X Y 
   0.00000E+00  0.00000E+00
    4.6749      0.00000E+00
  JOIN DOTDASH 
  NEW FRAME
Plot #4 ends.
 Invalid command "FRAME". Igonred.
  SET FONT DUPLEX
  SET SIZE 13 BY 10              
  SET WINDOW X FROM 2 12 Y FROM 1.00 TO 8
  SET TICKS SIZE 0.05
  TITLE 3.4 9.0 SIZE 2.2  ' '
  MORE '   Frequency Spectrum of Loss Factor    '
  TITLE 2.0 8.6 SIZE 1.5  'ABCI_MP 12.5 :  SAMPLE INPUT #1 A SIMPL'
  MORE 'E CAVITY STRUCTURE                              '
  TITLE BOTTOM 'Frequency f (GHz)'
  TITLE LEFT   '             dk2L1/df  (V/pC/GHz) '
  CASE         '               V V                '
  TITLE 10.9 8.9 SIZE 1.25 '15/11/22  16:37:56'
  TITLE 2.00 8.3 SIZE 1.40 'MROT= 0,  SIG= 2.500 cm,'
  MORE '  DDZ= 2.500 mm,  DDR= 2.500 mm'
  SET LIMIT X   0.00000E+00   4.6749    
   0.00000E+00  0.00000E+00
   0.00000E+00 NaN         
  JOIN 
   0.00000E+00 NaN         
   0.46749E-03 NaN         
   0.93497E-03 NaN         
   0.47730     NaN         
   0.47777     NaN         
   0.47824     NaN         
   0.95460     NaN         
   0.95507     NaN         
   0.95554     NaN         
    1.4319     NaN         
    1.4324     NaN         
    1.4328     NaN         
    1.9092     NaN         
    1.9097     NaN         
    1.9101     NaN         
    2.3865     NaN         
    2.3870     NaN         
    2.3874     NaN         
    2.8638     NaN         
    2.8643     NaN         
    2.8647     NaN         
    3.3411     NaN         
    3.3416     NaN         
    3.3421     NaN         
    3.8184     NaN         
    3.8189     NaN         
    3.8194     NaN         
    4.2957     NaN         
    4.2962     NaN         
    4.2967     NaN         
   0.00000E+00 NaN         
   0.46749E-03 NaN         
   0.93497E-03 NaN         
   0.47730     NaN         
   0.47777     NaN         
   0.47824     NaN         
   0.95460     NaN         
   0.95507     NaN         
   0.95554     NaN         
    1.4319     NaN         
    1.4324     NaN         
    1.4328     NaN         
    1.9092     NaN         
    1.9097     NaN         
    1.9101     NaN         
    2.3865     NaN         
    2.3870     NaN         
    2.3874     NaN         
    2.8638     NaN         
    2.8643     NaN         
    2.8647     NaN         
    3.3411     NaN         
    3.3416     NaN         
    3.3421     NaN         
    3.8184     NaN         
    3.8189     NaN         
    3.8194     NaN         
    4.2957     NaN         
    4.2962     NaN         
    4.2967     NaN         
    2.8049     NaN         
    3.5061     NaN         
  JOIN DOTS 
  TITLE    3.6230     NaN          DATA SIZE 1.5 'Bunch Spectrum'
[errmsgkw] keyword NaN is invalid
  SET ORDER X Y 
   0.00000E+00  0.00000E+00
    4.6749      0.00000E+00
  JOIN DOTDASH 
  NEW FRAME
Plot #5 ends.
 Invalid command "FRAME". Igonred.
  SET FONT DUPLEX
  SET SIZE 13 BY 10              
  SET WINDOW X FROM 2 12 Y FROM 1.00 TO 8
  SET TICKS SIZE 0.05
  TITLE 3.4 9.0 SIZE 2.2  ' '
  MORE ' Loss Factor Spectrum Integrated upto F '
  TITLE 2.0 8.6 SIZE 1.5  'ABCI_MP 12.5 :  SAMPLE INPUT #1 A SIMPL'
  MORE 'E CAVITY STRUCTURE                              '
  TITLE BOTTOM 'Frequency F (GHz)'
  TITLE LEFT   '                  k2L1(F)  (V/pC) '
  CASE         '                   V V            '
  TITLE 10.9 8.9 SIZE 1.25 '15/11/22  16:37:56'
  TITLE 2.00 8.3 SIZE 1.40 'MROT= 0,  SIG= 2.500 cm,'
  MORE '  DDZ= 2.500 mm,  DDR= 2.500 mm'
  SET LIMIT X   0.00000E+00   4.6749    
   0.00000E+00  0.00000E+00
   0.00000E+00 NaN         
  JOIN 
   0.00000E+00 NaN         
   0.46749E-03 NaN         
   0.93497E-03 NaN         
   0.47730     NaN         
   0.47777     NaN         
   0.47824     NaN         
   0.95460     NaN         
   0.95507     NaN         
   0.95554     NaN         
    1.4319     NaN         
    1.4324     NaN         
    1.4328     NaN         
    1.9092     NaN         
    1.9097     NaN         
    1.9101     NaN         
    2.3865     NaN         
    2.3870     NaN         
    2.3874     NaN         
    2.8638     NaN         
    2.8643     NaN         
    2.8647     NaN         
    3.3411     NaN         
    3.3416     NaN         
    3.3421     NaN         
    3.8184     NaN         
    3.8189     NaN         
    3.8194     NaN         
    4.2957     NaN         
    4.2962     NaN         
    4.2967     NaN         
  SET ORDER X Y 
   0.00000E+00  0.00000E+00
    4.6749      0.00000E+00
  JOIN DOTDASH 
Plot #6 ends.
Input file D:\Dropbox\CEMCodesHub\Cavity800\SimulationData\ABCI\CavityC3795_ROUND2\Cavity_MROT_0.top ends.
