 ****************************************************************************
 *                                                                          *
 *                              ABCI_MP                                     *
 *                                                                          *
 * Azimuthal Beam Cavity Interaction in a cylindrically symmetric structure *
 *                                                                          *
 *  SAMPLE INPUT #1 A SIMPLE CAVITY STRUCTURE                               *
 *                                                                          *
 *     DATE:30/11/21   TIME:12:53:12    VERSION 12.5,  NOVEMBER 2007        *
 *                                                                          *
 ****************************************************************************


 $FILE:
 SAVE FIELDS INTO FILE  (LSAV)  :  F
 RECOVER FROM FILE      (LREC)  :  F
 CPUTIME MONITOR ACTIVE (LCPUTM):  F

 $BOUN:
 BOUNDARY CONDITIONS     LEFT   : OPEN              
 BOUNDARY CONDITIONS     RIGHT  : OPEN              

 $MESH:
 NUMBER OF MESH LINES IN R      : NR   =        556
 NUMBER OF MESH LINES IN Z      : NZ   =       4935
 NUMBER OF MESH POINTS          : NP   =      95632
 TOTAL RADIUS OF THE STRUCTURE  : RAD  =  0.33318    (M)
 TOTAL LENGTH OF THE STRUCTURE  : ZL   =   2.9610    (M)
 STEP SIZE IN R                 : DDR  =  0.60000E-03(M)
 STEP SIZE IN Z                 : DDZ  =  0.60000E-03(M)

 #CAVITYSHAPE (##CAVITYSHAPE) :  FULL CELL INPUT 

 INPUT:       (R, Z)                   (IR, IZ)
 (   0.00000E+00  0.00000E+00 )  (       1      1 )
 (   0.15600      0.00000E+00 )  (     261      1 )
 (   0.15600      0.74800     )  (     261   1248 ) ---> (   0.15600      0.74820     )
 CONNECTED BY AN ELLIPSE,       IKIND=-3,  (RM, ZM)=     (   0.20200      0.74800     )
 (   0.19464      0.78156     )  (     325   1304 ) ---> (   0.19440      0.78180     )
 (   0.24051      0.78706     )  (     402   1313 ) ---> (   0.24060      0.78720     )
 CONNECTED BY AN ELLIPSE,       IKIND=-3,  (RM, ZM)=     (   0.23118      0.91950     )
 (   0.33300      0.91950     )  (     556   1533 ) ---> (   0.33300      0.91920     )
 CONNECTED BY AN ELLIPSE,       IKIND=-3,  (RM, ZM)=     (   0.21828      0.91950     )
 (   0.23528       1.0534     )  (     393   1757 ) ---> (   0.23520       1.0536     )
 (   0.17145       1.0647     )  (     287   1776 ) ---> (   0.17160       1.0650     )
 CONNECTED BY AN ELLIPSE,       IKIND=-3,  (RM, ZM)=     (   0.19119       1.1065     )
 (   0.12000       1.1065     )  (     201   1845 ) ---> (   0.12000       1.1064     )
 CONNECTED BY AN ELLIPSE,       IKIND=-3,  (RM, ZM)=     (   0.19119       1.1065     )
 (   0.17145       1.1483     )  (     287   1915 ) ---> (   0.17160       1.1484     )
 (   0.23528       1.1596     )  (     393   1934 ) ---> (   0.23520       1.1598     )
 CONNECTED BY AN ELLIPSE,       IKIND=-3,  (RM, ZM)=     (   0.21828       1.2935     )
 (   0.33300       1.2935     )  (     556   2157 ) ---> (   0.33300       1.2936     )
 CONNECTED BY AN ELLIPSE,       IKIND=-3,  (RM, ZM)=     (   0.21828       1.2935     )
 (   0.23528       1.4274     )  (     393   2380 ) ---> (   0.23520       1.4274     )
 (   0.17145       1.4387     )  (     287   2399 ) ---> (   0.17160       1.4388     )
 CONNECTED BY AN ELLIPSE,       IKIND=-3,  (RM, ZM)=     (   0.19119       1.4805     )
 (   0.12000       1.4805     )  (     201   2468 ) ---> (   0.12000       1.4802     )
 CONNECTED BY AN ELLIPSE,       IKIND=-3,  (RM, ZM)=     (   0.19119       1.4805     )
 (   0.17145       1.5223     )  (     287   2538 ) ---> (   0.17160       1.5222     )
 (   0.23528       1.5336     )  (     393   2557 ) ---> (   0.23520       1.5336     )
 CONNECTED BY AN ELLIPSE,       IKIND=-3,  (RM, ZM)=     (   0.21828       1.6675     )
 (   0.33300       1.6675     )  (     556   2780 ) ---> (   0.33300       1.6674     )
 CONNECTED BY AN ELLIPSE,       IKIND=-3,  (RM, ZM)=     (   0.21828       1.6675     )
 (   0.23528       1.8014     )  (     393   3003 ) ---> (   0.23520       1.8012     )
 (   0.17145       1.8127     )  (     287   3022 ) ---> (   0.17160       1.8126     )
 CONNECTED BY AN ELLIPSE,       IKIND=-3,  (RM, ZM)=     (   0.19119       1.8545     )
 (   0.12000       1.8545     )  (     201   3092 ) ---> (   0.12000       1.8546     )
 CONNECTED BY AN ELLIPSE,       IKIND=-3,  (RM, ZM)=     (   0.19119       1.8545     )
 (   0.17145       1.8963     )  (     287   3161 ) ---> (   0.17160       1.8960     )
 (   0.23528       1.9076     )  (     393   3180 ) ---> (   0.23520       1.9074     )
 CONNECTED BY AN ELLIPSE,       IKIND=-3,  (RM, ZM)=     (   0.21828       2.0415     )
 (   0.33300       2.0415     )  (     556   3403 ) ---> (   0.33300       2.0412     )
 CONNECTED BY AN ELLIPSE,       IKIND=-3,  (RM, ZM)=     (   0.23118       2.0415     )
 (   0.24051       2.1739     )  (     402   3624 ) ---> (   0.24060       2.1738     )
 (   0.19464       2.1794     )  (     325   3633 ) ---> (   0.19440       2.1792     )
 CONNECTED BY AN ELLIPSE,       IKIND=-3,  (RM, ZM)=     (   0.20200       2.2130     )
 (   0.15600       2.2130     )  (     261   3689 ) ---> (   0.15600       2.2128     )
 (   0.15600       2.9610     )  (     261   4935 )
 (   0.00000E+00   2.9610     )  (       1   4936 )
 (   0.00000E+00  0.00000E+00 )  (       1      1 )

 $BEAM:
 SIGMA OF THE GAUSSIAN BUNCH    : SIG  =  0.60000E-02(M)
 NUMBER OF STAND.DEV. USED      : ISIG = +/-  5
 RADIAL BEAM OFFSET AT          :RDRIVE=  0.12000    (M)
 MODE NUMBER (MONOPOLE/DIPOLE)  : MROT =      1

 $WAKE:
 RADIAL WAKE OFFSET        (LEFT)   AT  R   =  0.15600    (M)
 WAKE    BETWEEN THE BUNCH  COORDINATES UBF =  0.00000E+00(M)
                                    AND UBT =  0.10000    (M)
 WINDOW FOR FRONT                 (LCFRON)  :  T
 WINDOW FOR BACK                  (LCBACK)  :  T
 CHIN WAKE INTEGRATION METHOD     (LCHIN )  :  F
 NAPOLY WAKE INTEGRATION METHOD   (LNAPOLY) :  F
 CONVENTIONAL INTEGRATION METHOD  (LNONAP)  :  F
 WAKE FOR A COUNTER-ROTATING BEAM (LCRBW)   :  F
 NUMBER OF WAKE POTENTIAL POINTS: NW   =     168

 $TIME:
 TIME STEPS TO BE PROCESSED     : NT   =  20413
 NUMBER OF TIME STEPS/MESH STEP : MT   =      4
 VELOCITY OF THE BUNCH / C      : BETA =   1.0000    
 TIME-STEP VALUE                : DT   =  0.50035    (PS)
 TIME FOR A PARTICLE TO PASS    : PT   =   9876.8    (PS)

 $PLOT:
 PLOT OF CAVITY SHAPE INPUT       (LCAVIN)  :  T
 PLOT OF CAVITY SHAPE USED        (LCAVUS)  :  T
 PLOT OF NAPOLY-ZOTTER CONTOUR    (LPATH)   :  T
 PLOT OF ALL WAKE POTENTIALS      (LPLW)    :  T
 PLOT OF AZIMUTHAL WAKE POTENTIAL (LPLWA)   :  F
 PLOT OF TRANSVERSE WAKE POTENT.  (LPLWT)   :  F
 PLOT OF LONGITUDINAL WAKE POTENT.(LPLWL)   :  F
 PLOT OF FFT OF WAKE POTENTIALS   (LFFT)    :  T
 PLOT OF FFT OF AZIMUTHAL WAKE    (LFFTA)   :  F
 PLOT OF FFT OF TRANSVERSE WAKE   (LFFTT)   :  F
 PLOT OF FFT OF LONGITUDINAL WAKE (LFFTL)   :  F
 PLOT OF INTEGRATION OF IMPEDANCE (LINTZ)   :  F
 PLOT OF ENERGY LOSS SPECTRUM     (LSPEC)   :  T
 PLOT OF ELECTRIC FIELD LINES     (LPLE)    :  F
 PLOT OF TOTAL CURRENT LINES      (LPLC)    :  F
 SWITCH FROM ABSOLUTE TO RELATVE  (LPALL)   :  F
 NUMBER OF CONTOUR LINES        : NPLOT=      10
 ENHANCEMENT FACTOR FOR FFT PLOT:EXPFAC=   20.000    
 CUTOFF FREQUENCY FOR FFT PLOT  :CUTOFF=   19.479    (GHZ)
 WINDOWING FOR FOURIER TRANSFORMS (LWNDW)   :  T
 WINDOW FUNCTION                : NWFUN=       1
 WINDOW PARAMETER FOR WIDTH     : ALPHA=   3.0000    

 $PRIN:
 PRINTOUT OF CAVITY SHAPE USED    (LMATPR)  :  F
 PRINTOUT OF WAKE POTENTIALS      (LPRW)    :  T
 LINE-PRINTER PLOT OF WAKE POT.   (LPPW)    :  T
 SAVE WAKE POTENTIALS IN A FILE   (LSVW)    :  T
 SAVE AZIMUTHAL WAKE IN A FILE    (LSVWA)   :  F
 SAVE TRANSVERSE WAKE IN A FILE   (LSVWT)   :  F
 SAVE LONGITUDINAL WAKE IN A FILE (LSVWL)   :  T
 SAVE FFT RESULTS IN A FILE       (LSVF)    :  T
0*** CAUTION *** YOU MUST NOW USE NAPOLY INTEGRATION FOR CALCULATION OF THE WAKE POTENTIALS.
 YOUR CASE: LNAPOLY= F
 IF LNAPOLY=F, ABCI NOW CHANGES IT TO LNAPOLY=T.
 CHECK IF THE CONTOUR IS VALID.
 *** WARNING *** NAPOLY INTEGRATION METHOD WAS NOT CHOSEN DESPITE OF THE MATERIAL COMING DOWN 
 BELOW THE BEAM PIPE RADIUS OR UNEQUAL BEAM PIPE RADII AT BOTH ENDS.
 *** ABCI CHOOSES THE FOLLOWING CONTOUR: ***
 ZCF=   1.0674    (M)    ZCT=   1.8936    (M)    AND RWAK=  0.12000    (M)
 YOU SHOULD STILL CHECK IF THIS CONTOUR IS VALID OR NOT. 
1PROBLEM : SAMPLE INPUT #1 A SIMPLE CAVITY STRUCTURE                                30/11/21 12:53:12     SIG/M= 6.000E-03  MROT= 1
                                                                        CPUTIME USED: 9.173E-01(S)   DDR= 6.000E-04  DDZ= 6.000E-04
 (A,T,L,P) = WAKE POTENTIAL AS A FUNCTION OF THE BUNCH COORDINATES S IN (M), (*)=BUNCH SHAPE,  FRONT LEFT     LCHIN= F   LNAPOLY= T
  1.00E+00 +-------------------+--------***--------+-------------------+-------------------+------TTTTTTTTTTTTTT-------------------+
           I                   I       *   *       I                   I             TTTTTTTTTTTTT             I                   I
           I                   I      **   **      I                   I    TTTTTTTTT      I                   I                   I
           I                   I     *       *     I                  TTTTTT               I                   I                   I
           I                   I     *       *     I              TTTTTI                   I                   I                   I
           I                   I    *         *    I          TTTT     I                   I                   I                   I
           I                   I                   I       TTT         I                   I                   I                   I
           I                   I    *         *    I    TTT            I                   I                   I                   I
           I                   I   *           *   I  TT               I                   I                   I                   I
           I                   I  *             *  TTT                 I                   I                   I                   I
  5.00E-01 +-------------------+--*-------------*TTT-------------------+-------------------+-------------------+-------------------+
           I                   I *              TT I                   I                   I                   I                   I
           I                   I *            TT * I                   I                   I                   I                   I
           I                   I             TT    I                   I                   I                   I                   I
           I                   **          TT     **                   I                   I                   I                   I
           I                   *          TT       *                   I                   I                   I                   I
           I                  *I        TTT        I*                  I                   I                   I                   I
           I                 **I       TT          I**                 I                   I                   I                   I
           I                *  I    TTT            I  *                I                   I                   I                   I
           I             ***   I TTTT              I   ***             I                   I                   I                   I
  0.00E+00 LLLLLLLLLLLLLLLTTTTTTT------------------+------******************************************************-------------------+
           I              LLL  I                   I                   I                   I       LLLLLLLLLLLLL                   I
           I                 LLI                   I                   I              LLLLLLLLLLLLLL           I                   I
           I                  LL                   I                   I      LLLLLLLL     I                   I                   I
           I                   LL                  I                   I   LLLL            I                   I                   I
           I                   I L                 I                   LLLL                I                   I                   I
           I                   I L                 I               LLLLI                   I                   I                   I
           I                   I  L                I            LLLL   I                   I                   I                   I
           I                   I  L                I         LLLL      I                   I                   I                   I
           I                   I   L               I      LLLL         I                   I                   I                   I
 -5.00E-01 +-------------------+----L--------------+----LLL------------+-------------------+-------------------+-------------------+
           I                   I    L              I  LL               I                   I                   I                   I
           I                   I     L             I LL                I                   I                   I                   I
           I                   I     L             IL                  I                   I                   I                   I
           I                   I      L            L                   I                   I                   I                   I
           I                   I       L          LL                   I                   I                   I                   I
           I                   I       L         L I                   I                   I                   I                   I
           I                   I        L       L  I                   I                   I                   I                   I
           I                   I        L      LL  I                   I                   I                   I                   I
           I                   I         LL   L    I                   I                   I                   I                   I
 -1.00E+00 +-------------------+----------LLLL-----+-------------------+-------------------+-------------------+-------------------+
0       0.00E+00            0.00E+00            0.00E+00            0.00E+00            0.00E+00            0.00E+00

 LINE CHARGE DENSITY MIN/MAX= 0.000E+00/ 6.649E+01    C/M**1, SCALE= 6.649E+01    C/M**1, PASSING    AT R= 1.200E-01 M
 TRANSVERSE   WAKE   MIN/MAX= 0.000E+00/ 3.873E+00 V/PC/M**1, SCALE= 3.873E+00 V/PC/M**1, NORMALIZED BY D= 1.200E-01 M DIPOLE OFFSET
 LONGITUDINAL WAKE   MIN/MAX=-1.369E+02/ 0.000E+00 V/PC/M**2, SCALE= 1.369E+02 V/PC/M**2, NORMALIZED BY D= 1.200E-01 M DIPOLE OFFSET
0
 INTEGRATED  TRANSVERSE   WAKE * CHARGE DENSITY =  8.861E-01 V/PC/M**1
 INTEGRATED  LONGITUDINAL WAKE * CHARGE DENSITY = -1.007E+02 V/PC/M**2
1
 TRANSVERSE WAKE FIELDS --->

 S/M      =   0.0000E+00  6.0000E-04  1.2000E-03  1.8000E-03  2.4000E-03  3.0000E-03  3.6000E-03  4.2000E-03  4.8000E-03  5.4000E-03
 TWAKE/V  =   3.3991E+04  1.2611E+05  3.0429E+05  6.3035E+05  1.1602E+06  1.9650E+06  3.1212E+06  4.7294E+06  6.9164E+06  9.8538E+06

 S/M      =   6.0000E-03  6.6000E-03  7.2000E-03  7.8000E-03  8.4000E-03  9.0000E-03  9.6000E-03  1.0200E-02  1.0800E-02  1.1400E-02
 TWAKE/V  =   1.3774E+07  1.8992E+07  2.5939E+07  3.5194E+07  4.7535E+07  6.3992E+07  8.5921E+07  1.1509E+08  1.5380E+08  2.0499E+08

 S/M      =   1.2000E-02  1.2600E-02  1.3200E-02  1.3800E-02  1.4400E-02  1.5000E-02  1.5600E-02  1.6200E-02  1.6800E-02  1.7400E-02
 TWAKE/V  =   2.7242E+08  3.6082E+08  4.7613E+08  6.2568E+08  8.1848E+08  1.0655E+09  1.3797E+09  1.7768E+09  2.2748E+09  2.8948E+09

 S/M      =   1.8000E-02  1.8600E-02  1.9200E-02  1.9800E-02  2.0400E-02  2.1000E-02  2.1600E-02  2.2200E-02  2.2800E-02  2.3400E-02
 TWAKE/V  =   3.6607E+09  4.5993E+09  5.7402E+09  7.1158E+09  8.7605E+09  1.0710E+10  1.3002E+10  1.5674E+10  1.8761E+10  2.2297E+10

 S/M      =   2.4000E-02  2.4600E-02  2.5200E-02  2.5800E-02  2.6400E-02  2.7000E-02  2.7600E-02  2.8200E-02  2.8800E-02  2.9400E-02
 TWAKE/V  =   2.6313E+10  3.0834E+10  3.5880E+10  4.1465E+10  4.7591E+10  5.4255E+10  6.1442E+10  6.9128E+10  7.7280E+10  8.5855E+10

 S/M      =   3.0000E-02  3.0600E-02  3.1200E-02  3.1800E-02  3.2400E-02  3.3000E-02  3.3600E-02  3.4200E-02  3.4800E-02  3.5400E-02
 TWAKE/V  =   9.4802E+10  1.0406E+11  1.1357E+11  1.2327E+11  1.3308E+11  1.4293E+11  1.5276E+11  1.6250E+11  1.7210E+11  1.8151E+11

 S/M      =   3.6000E-02  3.6600E-02  3.7200E-02  3.7800E-02  3.8400E-02  3.9000E-02  3.9600E-02  4.0200E-02  4.0800E-02  4.1400E-02
 TWAKE/V  =   1.9068E+11  1.9958E+11  2.0817E+11  2.1646E+11  2.2442E+11  2.3206E+11  2.3938E+11  2.4639E+11  2.5310E+11  2.5955E+11

 S/M      =   4.2000E-02  4.2600E-02  4.3200E-02  4.3800E-02  4.4400E-02  4.5000E-02  4.5600E-02  4.6200E-02  4.6800E-02  4.7400E-02
 TWAKE/V  =   2.6574E+11  2.7169E+11  2.7744E+11  2.8299E+11  2.8836E+11  2.9357E+11  2.9864E+11  3.0356E+11  3.0836E+11  3.1305E+11

 S/M      =   4.8000E-02  4.8600E-02  4.9200E-02  4.9800E-02  5.0400E-02  5.1000E-02  5.1600E-02  5.2200E-02  5.2800E-02  5.3400E-02
 TWAKE/V  =   3.1761E+11  3.2207E+11  3.2642E+11  3.3067E+11  3.3481E+11  3.3886E+11  3.4281E+11  3.4666E+11  3.5042E+11  3.5409E+11

 S/M      =   5.4000E-02  5.4600E-02  5.5200E-02  5.5800E-02  5.6400E-02  5.7000E-02  5.7600E-02  5.8200E-02  5.8800E-02  5.9400E-02
 TWAKE/V  =   3.5767E+11  3.6116E+11  3.6456E+11  3.6787E+11  3.7110E+11  3.7424E+11  3.7729E+11  3.8026E+11  3.8315E+11  3.8594E+11

 S/M      =   6.0000E-02  6.0600E-02  6.1200E-02  6.1800E-02  6.2400E-02  6.3000E-02  6.3600E-02  6.4200E-02  6.4800E-02  6.5400E-02
 TWAKE/V  =   3.8866E+11  3.9128E+11  3.9382E+11  3.9628E+11  3.9865E+11  4.0093E+11  4.0313E+11  4.0525E+11  4.0729E+11  4.0926E+11

 S/M      =   6.6000E-02  6.6600E-02  6.7200E-02  6.7800E-02  6.8400E-02  6.9000E-02  6.9600E-02  7.0200E-02  7.0800E-02  7.1400E-02
 TWAKE/V  =   4.1115E+11  4.1297E+11  4.1472E+11  4.1641E+11  4.1804E+11  4.1962E+11  4.2114E+11  4.2262E+11  4.2405E+11  4.2545E+11

 S/M      =   7.2000E-02  7.2600E-02  7.3200E-02  7.3800E-02  7.4400E-02  7.5000E-02  7.5600E-02  7.6200E-02  7.6800E-02  7.7400E-02
 TWAKE/V  =   4.2681E+11  4.2813E+11  4.2944E+11  4.3071E+11  4.3196E+11  4.3319E+11  4.3440E+11  4.3559E+11  4.3676E+11  4.3791E+11

 S/M      =   7.8000E-02  7.8600E-02  7.9200E-02  7.9800E-02  8.0400E-02  8.1000E-02  8.1600E-02  8.2200E-02  8.2800E-02  8.3400E-02
 TWAKE/V  =   4.3905E+11  4.4016E+11  4.4126E+11  4.4234E+11  4.4339E+11  4.4442E+11  4.4544E+11  4.4642E+11  4.4739E+11  4.4833E+11

 S/M      =   8.4000E-02  8.4600E-02  8.5200E-02  8.5800E-02  8.6400E-02  8.7000E-02  8.7600E-02  8.8200E-02  8.8800E-02  8.9400E-02
 TWAKE/V  =   4.4924E+11  4.5013E+11  4.5099E+11  4.5182E+11  4.5263E+11  4.5341E+11  4.5417E+11  4.5490E+11  4.5561E+11  4.5629E+11

 S/M      =   9.0000E-02  9.0600E-02  9.1200E-02  9.1800E-02  9.2400E-02  9.3000E-02  9.3600E-02  9.4200E-02  9.4800E-02  9.5400E-02
 TWAKE/V  =   4.5694E+11  4.5758E+11  4.5818E+11  4.5877E+11  4.5933E+11  4.5987E+11  4.6038E+11  4.6088E+11  4.6135E+11  4.6181E+11

 S/M      =   9.6000E-02  9.6600E-02  9.7200E-02  9.7800E-02  9.8400E-02  9.9000E-02  9.9600E-02  1.0020E-01  1.0080E-01  1.0140E-01
 TWAKE/V  =   4.6224E+11  4.6265E+11  4.6305E+11  4.6342E+11  4.6378E+11  4.6412E+11  4.6444E+11  4.6475E+11  0.0000E+00  0.0000E+00

0
 LONGITUDINAL WAKE FIELDS --->

 S/M      =   0.0000E+00  6.0000E-04  1.2000E-03  1.8000E-03  2.4000E-03  3.0000E-03  3.6000E-03  4.2000E-03  4.8000E-03  5.4000E-03
 LWAKE/V  =  -1.7675E+07 -3.0226E+07 -6.2430E+07 -1.0712E+08 -1.6843E+08 -2.5002E+08 -3.5120E+08 -4.8510E+08 -6.5214E+08 -8.7528E+08

 S/M      =   6.0000E-03  6.6000E-03  7.2000E-03  7.8000E-03  8.4000E-03  9.0000E-03  9.6000E-03  1.0200E-02  1.0800E-02  1.1400E-02
 LWAKE/V  =  -1.1630E+09 -1.5503E+09 -2.0622E+09 -2.7505E+09 -3.6671E+09 -4.8902E+09 -6.5131E+09 -8.6561E+09 -1.1472E+10 -1.5147E+10

 S/M      =   1.2000E-02  1.2600E-02  1.3200E-02  1.3800E-02  1.4400E-02  1.5000E-02  1.5600E-02  1.6200E-02  1.6800E-02  1.7400E-02
 LWAKE/V  =  -1.9915E+10 -2.6053E+10 -3.3905E+10 -4.3862E+10 -5.6395E+10 -7.2034E+10 -9.1379E+10 -1.1509E+11 -1.4389E+11 -1.7851E+11

 S/M      =   1.8000E-02  1.8600E-02  1.9200E-02  1.9800E-02  2.0400E-02  2.1000E-02  2.1600E-02  2.2200E-02  2.2800E-02  2.3400E-02
 LWAKE/V  =  -2.1974E+11 -2.6832E+11 -3.2497E+11 -3.9033E+11 -4.6490E+11 -5.4904E+11 -6.4288E+11 -7.4629E+11 -8.5887E+11 -9.7990E+11

 S/M      =   2.4000E-02  2.4600E-02  2.5200E-02  2.5800E-02  2.6400E-02  2.7000E-02  2.7600E-02  2.8200E-02  2.8800E-02  2.9400E-02
 LWAKE/V  =  -1.1083E+12 -1.2427E+12 -1.3814E+12 -1.5224E+12 -1.6633E+12 -1.8018E+12 -1.9354E+12 -2.0615E+12 -2.1776E+12 -2.2814E+12

 S/M      =   3.0000E-02  3.0600E-02  3.1200E-02  3.1800E-02  3.2400E-02  3.3000E-02  3.3600E-02  3.4200E-02  3.4800E-02  3.5400E-02
 LWAKE/V  =  -2.3710E+12 -2.4446E+12 -2.5011E+12 -2.5398E+12 -2.5603E+12 -2.5630E+12 -2.5486E+12 -2.5184E+12 -2.4740E+12 -2.4173E+12

 S/M      =   3.6000E-02  3.6600E-02  3.7200E-02  3.7800E-02  3.8400E-02  3.9000E-02  3.9600E-02  4.0200E-02  4.0800E-02  4.1400E-02
 LWAKE/V  =  -2.3505E+12 -2.2758E+12 -2.1957E+12 -2.1123E+12 -2.0276E+12 -1.9436E+12 -1.8619E+12 -1.7837E+12 -1.7098E+12 -1.6411E+12

 S/M      =   4.2000E-02  4.2600E-02  4.3200E-02  4.3800E-02  4.4400E-02  4.5000E-02  4.5600E-02  4.6200E-02  4.6800E-02  4.7400E-02
 LWAKE/V  =  -1.5776E+12 -1.5196E+12 -1.4667E+12 -1.4187E+12 -1.3750E+12 -1.3351E+12 -1.2984E+12 -1.2643E+12 -1.2323E+12 -1.2020E+12

 S/M      =   4.8000E-02  4.8600E-02  4.9200E-02  4.9800E-02  5.0400E-02  5.1000E-02  5.1600E-02  5.2200E-02  5.2800E-02  5.3400E-02
 LWAKE/V  =  -1.1729E+12 -1.1449E+12 -1.1176E+12 -1.0910E+12 -1.0649E+12 -1.0394E+12 -1.0143E+12 -9.8967E+11 -9.6549E+11 -9.4174E+11

 S/M      =   5.4000E-02  5.4600E-02  5.5200E-02  5.5800E-02  5.6400E-02  5.7000E-02  5.7600E-02  5.8200E-02  5.8800E-02  5.9400E-02
 LWAKE/V  =  -9.1839E+11 -8.9537E+11 -8.7264E+11 -8.5013E+11 -8.2777E+11 -8.0550E+11 -7.8326E+11 -7.6100E+11 -7.3872E+11 -7.1637E+11

 S/M      =   6.0000E-02  6.0600E-02  6.1200E-02  6.1800E-02  6.2400E-02  6.3000E-02  6.3600E-02  6.4200E-02  6.4800E-02  6.5400E-02
 LWAKE/V  =  -6.9398E+11 -6.7158E+11 -6.4923E+11 -6.2698E+11 -6.0491E+11 -5.8314E+11 -5.6174E+11 -5.4083E+11 -5.2052E+11 -5.0090E+11

 S/M      =   6.6000E-02  6.6600E-02  6.7200E-02  6.7800E-02  6.8400E-02  6.9000E-02  6.9600E-02  7.0200E-02  7.0800E-02  7.1400E-02
 LWAKE/V  =  -4.8208E+11 -4.6415E+11 -4.4718E+11 -4.3122E+11 -4.1634E+11 -4.0253E+11 -3.8983E+11 -3.7820E+11 -3.6763E+11 -3.5804E+11

 S/M      =   7.2000E-02  7.2600E-02  7.3200E-02  7.3800E-02  7.4400E-02  7.5000E-02  7.5600E-02  7.6200E-02  7.6800E-02  7.7400E-02
 LWAKE/V  =  -3.4939E+11 -3.4159E+11 -3.3454E+11 -3.2814E+11 -3.2229E+11 -3.1686E+11 -3.1176E+11 -3.0688E+11 -3.0210E+11 -2.9735E+11

 S/M      =   7.8000E-02  7.8600E-02  7.9200E-02  7.9800E-02  8.0400E-02  8.1000E-02  8.1600E-02  8.2200E-02  8.2800E-02  8.3400E-02
 LWAKE/V  =  -2.9255E+11 -2.8763E+11 -2.8253E+11 -2.7723E+11 -2.7170E+11 -2.6593E+11 -2.5994E+11 -2.5373E+11 -2.4733E+11 -2.4078E+11

 S/M      =   8.4000E-02  8.4600E-02  8.5200E-02  8.5800E-02  8.6400E-02  8.7000E-02  8.7600E-02  8.8200E-02  8.8800E-02  8.9400E-02
 LWAKE/V  =  -2.3411E+11 -2.2735E+11 -2.2054E+11 -2.1371E+11 -2.0690E+11 -2.0012E+11 -1.9340E+11 -1.8674E+11 -1.8018E+11 -1.7371E+11

 S/M      =   9.0000E-02  9.0600E-02  9.1200E-02  9.1800E-02  9.2400E-02  9.3000E-02  9.3600E-02  9.4200E-02  9.4800E-02  9.5400E-02
 LWAKE/V  =  -1.6734E+11 -1.6107E+11 -1.5491E+11 -1.4887E+11 -1.4294E+11 -1.3714E+11 -1.3146E+11 -1.2591E+11 -1.2048E+11 -1.1520E+11

 S/M      =   9.6000E-02  9.6600E-02  9.7200E-02  9.7800E-02  9.8400E-02  9.9000E-02  9.9600E-02  1.0020E-01  1.0080E-01  1.0140E-01
 LWAKE/V  =  -1.1004E+11 -1.0502E+11 -1.0012E+11 -9.5354E+10 -9.0700E+10 -8.6147E+10 -8.1684E+10 -7.7271E+10 -7.2844E+10 -6.8274E+10

1
 **********************************************************************************************************************************

 ABCI_MP ENDED WITHOUT ERROR       TOTAL CPU TIME USED:       0.9 (S)

 **********************************************************************************************************************************
