 ****************************************************************************
 *                                                                          *
 *                              ABCI_MP                                     *
 *                                                                          *
 * Azimuthal Beam Cavity Interaction in a cylindrically symmetric structure *
 *                                                                          *
 *  SAMPLE INPUT #1 A SIMPLE CAVITY STRUCTURE                               *
 *                                                                          *
 *     DATE:16/12/21   TIME:08:49:50    VERSION 12.5,  NOVEMBER 2007        *
 *                                                                          *
 ****************************************************************************


 $FILE:
 SAVE FIELDS INTO FILE  (LSAV)  :  F
 RECOVER FROM FILE      (LREC)  :  F
 CPUTIME MONITOR ACTIVE (LCPUTM):  F

 $BOUN:
 BOUNDARY CONDITIONS     LEFT   : OPEN              
 BOUNDARY CONDITIONS     RIGHT  : OPEN              

 $MESH:
 NUMBER OF MESH LINES IN R      : NR   =       1232
 NUMBER OF MESH LINES IN Z      : NZ   =      33313
 NUMBER OF MESH POINTS          : NP   =     416416
 TOTAL RADIUS OF THE STRUCTURE  : RAD  =  0.36933    (M)
 TOTAL LENGTH OF THE STRUCTURE  : ZL   =   9.9939    (M)
 STEP SIZE IN R                 : DDR  =  0.30000E-03(M)
 STEP SIZE IN Z                 : DDZ  =  0.30000E-03(M)

 #CAVITYSHAPE (##CAVITYSHAPE) :  FULL CELL INPUT 

 INPUT:       (R, Z)                   (IR, IZ)
 (   0.00000E+00  0.00000E+00 )  (       1      1 )
 (   0.15000      0.00000E+00 )  (     501      1 )
 (   0.15000      0.74800     )  (     501   2494 ) ---> (   0.15000      0.74790     )
 CONNECTED BY AN ELLIPSE,       IKIND=-3,  (RM, ZM)=     (   0.26870      0.74800     )
 (   0.22970      0.84835     )  (     767   2829 ) ---> (   0.22980      0.84840     )
 (   0.30179      0.87080     )  (    1007   2904 ) ---> (   0.30180      0.87090     )
 CONNECTED BY AN ELLIPSE,       IKIND=-3,  (RM, ZM)=     (   0.23758      0.93500     )
 (   0.36930      0.93500     )  (    1232   3118 ) ---> (   0.36930      0.93510     )
 CONNECTED BY AN ELLIPSE,       IKIND=-3,  (RM, ZM)=     (   0.23758      0.93500     )
 (   0.30179      0.99920     )  (    1007   3332 ) ---> (   0.30180      0.99930     )
 (   0.22970       1.0217     )  (     767   3407 ) ---> (   0.22980       1.0218     )
 CONNECTED BY AN ELLIPSE,       IKIND=-3,  (RM, ZM)=     (   0.26870       1.1220     )
 (   0.15000       1.1220     )  (     501   3741 )
 CONNECTED BY AN ELLIPSE,       IKIND=-3,  (RM, ZM)=     (   0.26870       1.1220     )
 (   0.22970       1.2224     )  (     767   4075 ) ---> (   0.22980       1.2222     )
 (   0.30179       1.2448     )  (    1007   4150 ) ---> (   0.30180       1.2447     )
 CONNECTED BY AN ELLIPSE,       IKIND=-3,  (RM, ZM)=     (   0.23758       1.3090     )
 (   0.36930       1.3090     )  (    1232   4364 ) ---> (   0.36930       1.3089     )
 CONNECTED BY AN ELLIPSE,       IKIND=-3,  (RM, ZM)=     (   0.23758       1.3090     )
 (   0.30179       1.3732     )  (    1007   4578 ) ---> (   0.30180       1.3731     )
 (   0.22970       1.3957     )  (     767   4653 ) ---> (   0.22980       1.3956     )
 CONNECTED BY AN ELLIPSE,       IKIND=-3,  (RM, ZM)=     (   0.26870       1.4960     )
 (   0.15000       1.4960     )  (     501   4988 ) ---> (   0.15000       1.4961     )
 (   0.15000       1.8970     )  (     501   6324 ) ---> (   0.15000       1.8969     )
 (   0.15000       2.2980     )  (     501   7661 )
 CONNECTED BY AN ELLIPSE,       IKIND=-3,  (RM, ZM)=     (   0.26870       2.2980     )
 (   0.22970       2.3983     )  (     767   7995 ) ---> (   0.22980       2.3982     )
 (   0.30179       2.4208     )  (    1007   8070 ) ---> (   0.30180       2.4207     )
 CONNECTED BY AN ELLIPSE,       IKIND=-3,  (RM, ZM)=     (   0.23758       2.4850     )
 (   0.36930       2.4850     )  (    1232   8284 ) ---> (   0.36930       2.4849     )
 CONNECTED BY AN ELLIPSE,       IKIND=-3,  (RM, ZM)=     (   0.23758       2.4850     )
 (   0.30179       2.5492     )  (    1007   8498 ) ---> (   0.30180       2.5491     )
 (   0.22970       2.5717     )  (     767   8573 ) ---> (   0.22980       2.5716     )
 CONNECTED BY AN ELLIPSE,       IKIND=-3,  (RM, ZM)=     (   0.26870       2.6720     )
 (   0.15000       2.6720     )  (     501   8908 ) ---> (   0.15000       2.6721     )
 CONNECTED BY AN ELLIPSE,       IKIND=-3,  (RM, ZM)=     (   0.26870       2.6720     )
 (   0.22970       2.7723     )  (     767   9242 ) ---> (   0.22980       2.7723     )
 (   0.30179       2.7948     )  (    1007   9317 ) ---> (   0.30180       2.7948     )
 CONNECTED BY AN ELLIPSE,       IKIND=-3,  (RM, ZM)=     (   0.23758       2.8590     )
 (   0.36930       2.8590     )  (    1232   9531 )
 CONNECTED BY AN ELLIPSE,       IKIND=-3,  (RM, ZM)=     (   0.23758       2.8590     )
 (   0.30179       2.9232     )  (    1007   9745 ) ---> (   0.30180       2.9232     )
 (   0.22970       2.9457     )  (     767   9820 ) ---> (   0.22980       2.9457     )
 CONNECTED BY AN ELLIPSE,       IKIND=-3,  (RM, ZM)=     (   0.26870       3.0460     )
 (   0.15000       3.0460     )  (     501  10154 ) ---> (   0.15000       3.0459     )
 (   0.15000       3.4470     )  (     501  11491 )
 (   0.15000       3.8480     )  (     501  12828 ) ---> (   0.15000       3.8481     )
 CONNECTED BY AN ELLIPSE,       IKIND=-3,  (RM, ZM)=     (   0.26870       3.8480     )
 (   0.22970       3.9483     )  (     767  13162 ) ---> (   0.22980       3.9483     )
 (   0.30179       3.9708     )  (    1007  13237 ) ---> (   0.30180       3.9708     )
 CONNECTED BY AN ELLIPSE,       IKIND=-3,  (RM, ZM)=     (   0.23758       4.0350     )
 (   0.36930       4.0350     )  (    1232  13451 )
 CONNECTED BY AN ELLIPSE,       IKIND=-3,  (RM, ZM)=     (   0.23758       4.0350     )
 (   0.30179       4.0992     )  (    1007  13665 ) ---> (   0.30180       4.0992     )
 (   0.22970       4.1216     )  (     767  13740 ) ---> (   0.22980       4.1217     )
 CONNECTED BY AN ELLIPSE,       IKIND=-3,  (RM, ZM)=     (   0.26870       4.2220     )
 (   0.15000       4.2220     )  (     501  14074 ) ---> (   0.15000       4.2219     )
 CONNECTED BY AN ELLIPSE,       IKIND=-3,  (RM, ZM)=     (   0.26870       4.2220     )
 (   0.22970       4.3224     )  (     767  14409 ) ---> (   0.22980       4.3224     )
 (   0.30179       4.3448     )  (    1007  14484 ) ---> (   0.30180       4.3449     )
 CONNECTED BY AN ELLIPSE,       IKIND=-3,  (RM, ZM)=     (   0.23758       4.4090     )
 (   0.36930       4.4090     )  (    1232  14698 ) ---> (   0.36930       4.4091     )
 CONNECTED BY AN ELLIPSE,       IKIND=-3,  (RM, ZM)=     (   0.23758       4.4090     )
 (   0.30179       4.4732     )  (    1007  14912 ) ---> (   0.30180       4.4733     )
 (   0.22970       4.4957     )  (     767  14987 ) ---> (   0.22980       4.4958     )
 CONNECTED BY AN ELLIPSE,       IKIND=-3,  (RM, ZM)=     (   0.26870       4.5960     )
 (   0.15000       4.5960     )  (     501  15321 )
 (   0.15000       4.9970     )  (     501  16658 ) ---> (   0.15000       4.9971     )
 (   0.15000       5.3980     )  (     501  17994 ) ---> (   0.15000       5.3979     )
 CONNECTED BY AN ELLIPSE,       IKIND=-3,  (RM, ZM)=     (   0.26870       5.3980     )
 (   0.22970       5.4984     )  (     767  18329 ) ---> (   0.22980       5.4984     )
 (   0.30179       5.5208     )  (    1007  18404 ) ---> (   0.30180       5.5209     )
 CONNECTED BY AN ELLIPSE,       IKIND=-3,  (RM, ZM)=     (   0.23758       5.5850     )
 (   0.36930       5.5850     )  (    1232  18618 ) ---> (   0.36930       5.5851     )
 CONNECTED BY AN ELLIPSE,       IKIND=-3,  (RM, ZM)=     (   0.23758       5.5850     )
 (   0.30179       5.6492     )  (    1007  18832 ) ---> (   0.30180       5.6493     )
 (   0.22970       5.6716     )  (     767  18906 ) ---> (   0.22980       5.6715     )
 CONNECTED BY AN ELLIPSE,       IKIND=-3,  (RM, ZM)=     (   0.26870       5.7720     )
 (   0.15000       5.7720     )  (     501  19241 )
 CONNECTED BY AN ELLIPSE,       IKIND=-3,  (RM, ZM)=     (   0.26870       5.7720     )
 (   0.22970       5.8724     )  (     767  19576 ) ---> (   0.22980       5.8725     )
 (   0.30179       5.8948     )  (    1007  19650 ) ---> (   0.30180       5.8947     )
 CONNECTED BY AN ELLIPSE,       IKIND=-3,  (RM, ZM)=     (   0.23758       5.9590     )
 (   0.36930       5.9590     )  (    1232  19864 ) ---> (   0.36930       5.9589     )
 CONNECTED BY AN ELLIPSE,       IKIND=-3,  (RM, ZM)=     (   0.23758       5.9590     )
 (   0.30179       6.0232     )  (    1007  20078 ) ---> (   0.30180       6.0231     )
 (   0.22970       6.0457     )  (     767  20153 ) ---> (   0.22980       6.0456     )
 CONNECTED BY AN ELLIPSE,       IKIND=-3,  (RM, ZM)=     (   0.26870       6.1460     )
 (   0.15000       6.1460     )  (     501  20488 ) ---> (   0.15000       6.1461     )
 (   0.15000       6.5470     )  (     501  21824 ) ---> (   0.15000       6.5469     )
 (   0.15000       6.9480     )  (     501  23161 )
 CONNECTED BY AN ELLIPSE,       IKIND=-3,  (RM, ZM)=     (   0.26870       6.9480     )
 (   0.22970       7.0483     )  (     767  23495 ) ---> (   0.22980       7.0482     )
 (   0.30179       7.0708     )  (    1007  23570 ) ---> (   0.30180       7.0707     )
 CONNECTED BY AN ELLIPSE,       IKIND=-3,  (RM, ZM)=     (   0.23758       7.1350     )
 (   0.36930       7.1350     )  (    1232  23784 ) ---> (   0.36930       7.1349     )
 CONNECTED BY AN ELLIPSE,       IKIND=-3,  (RM, ZM)=     (   0.23758       7.1350     )
 (   0.30179       7.1992     )  (    1007  23998 ) ---> (   0.30180       7.1991     )
 (   0.22970       7.2216     )  (     767  24073 ) ---> (   0.22980       7.2216     )
 CONNECTED BY AN ELLIPSE,       IKIND=-3,  (RM, ZM)=     (   0.26870       7.3220     )
 (   0.15000       7.3220     )  (     501  24408 ) ---> (   0.15000       7.3221     )
 CONNECTED BY AN ELLIPSE,       IKIND=-3,  (RM, ZM)=     (   0.26870       7.3220     )
 (   0.22970       7.4223     )  (     767  24742 ) ---> (   0.22980       7.4223     )
 (   0.30179       7.4448     )  (    1007  24817 ) ---> (   0.30180       7.4448     )
 CONNECTED BY AN ELLIPSE,       IKIND=-3,  (RM, ZM)=     (   0.23758       7.5090     )
 (   0.36930       7.5090     )  (    1232  25031 )
 CONNECTED BY AN ELLIPSE,       IKIND=-3,  (RM, ZM)=     (   0.23758       7.5090     )
 (   0.30179       7.5732     )  (    1007  25245 ) ---> (   0.30180       7.5732     )
 (   0.22970       7.5957     )  (     767  25320 ) ---> (   0.22980       7.5957     )
 CONNECTED BY AN ELLIPSE,       IKIND=-3,  (RM, ZM)=     (   0.26870       7.6960     )
 (   0.15000       7.6960     )  (     501  25654 ) ---> (   0.15000       7.6959     )
 (   0.15000       8.0970     )  (     501  26991 )
 (   0.15000       8.4980     )  (     501  28328 ) ---> (   0.15000       8.4981     )
 CONNECTED BY AN ELLIPSE,       IKIND=-3,  (RM, ZM)=     (   0.26870       8.4980     )
 (   0.22970       8.5984     )  (     767  28662 ) ---> (   0.22980       8.5983     )
 (   0.30179       8.6208     )  (    1007  28737 ) ---> (   0.30180       8.6208     )
 CONNECTED BY AN ELLIPSE,       IKIND=-3,  (RM, ZM)=     (   0.23758       8.6850     )
 (   0.36930       8.6850     )  (    1232  28951 )
 CONNECTED BY AN ELLIPSE,       IKIND=-3,  (RM, ZM)=     (   0.23758       8.6850     )
 (   0.30179       8.7492     )  (    1007  29165 ) ---> (   0.30180       8.7492     )
 (   0.22970       8.7716     )  (     767  29240 ) ---> (   0.22980       8.7717     )
 CONNECTED BY AN ELLIPSE,       IKIND=-3,  (RM, ZM)=     (   0.26870       8.8720     )
 (   0.15000       8.8720     )  (     501  29574 ) ---> (   0.15000       8.8719     )
 CONNECTED BY AN ELLIPSE,       IKIND=-3,  (RM, ZM)=     (   0.26870       8.8720     )
 (   0.22970       8.9723     )  (     767  29909 ) ---> (   0.22980       8.9724     )
 (   0.30179       8.9948     )  (    1007  29984 ) ---> (   0.30180       8.9949     )
 CONNECTED BY AN ELLIPSE,       IKIND=-3,  (RM, ZM)=     (   0.23758       9.0590     )
 (   0.36930       9.0590     )  (    1232  30198 ) ---> (   0.36930       9.0591     )
 CONNECTED BY AN ELLIPSE,       IKIND=-3,  (RM, ZM)=     (   0.23758       9.0590     )
 (   0.30179       9.1232     )  (    1007  30412 ) ---> (   0.30180       9.1233     )
 (   0.22970       9.1456     )  (     767  30486 ) ---> (   0.22980       9.1455     )
 CONNECTED BY AN ELLIPSE,       IKIND=-3,  (RM, ZM)=     (   0.26870       9.2460     )
 (   0.15000       9.2460     )  (     501  30821 )
 (   0.15000       9.9940     )  (     501  33313 ) ---> (   0.15000       9.9939     )
 (   0.00000E+00   9.9940     )  (       1  33314 ) ---> (   0.00000E+00   9.9939     )
 (   0.00000E+00  0.00000E+00 )  (       1      1 )

 $BEAM:
 SIGMA OF THE GAUSSIAN BUNCH    : SIG  =  0.30000E-02(M)
 NUMBER OF STAND.DEV. USED      : ISIG = +/-  5
 RADIAL BEAM OFFSET AT          :RDRIVE=  0.15000    (M)
 MODE NUMBER (MONOPOLE/DIPOLE)  : MROT =      1

 $WAKE:
 RADIAL WAKE OFFSET        (LEFT)   AT  R   =  0.15000    (M)
 WAKE    BETWEEN THE BUNCH  COORDINATES UBF =  0.00000E+00(M)
                                    AND UBT =  0.10000    (M)
 WINDOW FOR FRONT                 (LCFRON)  :  T
 WINDOW FOR BACK                  (LCBACK)  :  T
 CHIN WAKE INTEGRATION METHOD     (LCHIN )  :  F
 NAPOLY WAKE INTEGRATION METHOD   (LNAPOLY) :  F
 CONVENTIONAL INTEGRATION METHOD  (LNONAP)  :  F
 WAKE FOR A COUNTER-ROTATING BEAM (LCRBW)   :  F
 NUMBER OF WAKE POTENTIAL POINTS: NW   =     334

 $TIME:
 TIME STEPS TO BE PROCESSED     : NT   = 134589
 NUMBER OF TIME STEPS/MESH STEP : MT   =      4
 VELOCITY OF THE BUNCH / C      : BETA =   1.0000    
 TIME-STEP VALUE                : DT   =  0.25017    (PS)
 TIME FOR A PARTICLE TO PASS    : PT   =   33336.    (PS)

 $PLOT:
 PLOT OF CAVITY SHAPE INPUT       (LCAVIN)  :  T
 PLOT OF CAVITY SHAPE USED        (LCAVUS)  :  T
 PLOT OF NAPOLY-ZOTTER CONTOUR    (LPATH)   :  T
 PLOT OF ALL WAKE POTENTIALS      (LPLW)    :  T
 PLOT OF AZIMUTHAL WAKE POTENTIAL (LPLWA)   :  F
 PLOT OF TRANSVERSE WAKE POTENT.  (LPLWT)   :  F
 PLOT OF LONGITUDINAL WAKE POTENT.(LPLWL)   :  F
 PLOT OF FFT OF WAKE POTENTIALS   (LFFT)    :  T
 PLOT OF FFT OF AZIMUTHAL WAKE    (LFFTA)   :  F
 PLOT OF FFT OF TRANSVERSE WAKE   (LFFTT)   :  F
 PLOT OF FFT OF LONGITUDINAL WAKE (LFFTL)   :  F
 PLOT OF INTEGRATION OF IMPEDANCE (LINTZ)   :  F
 PLOT OF ENERGY LOSS SPECTRUM     (LSPEC)   :  T
 PLOT OF ELECTRIC FIELD LINES     (LPLE)    :  F
 PLOT OF TOTAL CURRENT LINES      (LPLC)    :  F
 SWITCH FROM ABSOLUTE TO RELATVE  (LPALL)   :  F
 NUMBER OF CONTOUR LINES        : NPLOT=      10
 ENHANCEMENT FACTOR FOR FFT PLOT:EXPFAC=   20.000    
 CUTOFF FREQUENCY FOR FFT PLOT  :CUTOFF=   38.957    (GHZ)
 WINDOWING FOR FOURIER TRANSFORMS (LWNDW)   :  T
 WINDOW FUNCTION                : NWFUN=       1
 WINDOW PARAMETER FOR WIDTH     : ALPHA=   3.0000    

 $PRIN:
 PRINTOUT OF CAVITY SHAPE USED    (LMATPR)  :  F
 PRINTOUT OF WAKE POTENTIALS      (LPRW)    :  T
 LINE-PRINTER PLOT OF WAKE POT.   (LPPW)    :  T
 SAVE WAKE POTENTIALS IN A FILE   (LSVW)    :  T
 SAVE AZIMUTHAL WAKE IN A FILE    (LSVWA)   :  F
 SAVE TRANSVERSE WAKE IN A FILE   (LSVWT)   :  F
 SAVE LONGITUDINAL WAKE IN A FILE (LSVWL)   :  T
 SAVE FFT RESULTS IN A FILE       (LSVF)    :  T
1PROBLEM : SAMPLE INPUT #1 A SIMPLE CAVITY STRUCTURE                                16/12/21 08:49:50     SIG/M= 3.000E-03  MROT= 1
                                                                        CPUTIME USED: 1.989E+01(S)   DDR= 3.000E-04  DDZ= 3.000E-04
 (A,T,L,P) = WAKE POTENTIAL AS A FUNCTION OF THE BUNCH COORDINATES S IN (M), (*)=BUNCH SHAPE,  FRONT LEFT     LCHIN= F   LNAPOLY= F
  1.00E+00 +----------------***----+-----------------------+-----------------------+----------TTTTTTTTTTTTTTTTTTTTTTTTTTT----------+
           I                * *    I                       I                       TTTTTTTTTTT             I            TTTTTTTTTTTT
           I               ** **   I                       I                TTTTTTTT                       I                       I
           I               *   *   I                       I         TTTTTTT       I                       I                       I
           I              *     *  I                       I  TTTTTTTT             I                       I                       I
           I              *     *  I                   TTTTTTTT                    I                       I                       I
           I                       I               TTTT    I                       I                       I                       I
           I              *     *  I           TTTT        I                       I                       I                       I
           I             *       * I        TTTT           I                       I                       I                       I
           I             *       * I      TTT              I                       I                       I                       I
  5.00E-01 +-------------*-------*-+---TTT-----------------+-----------------------+-----------------------+-----------------------+
           I            *         *I TTT                   I                       I                       I                       I
           I            *         *TTT                     I                       I                       I                       I
           I                      TT                       I                       I                       I                       I
           I           **        TT*                       I                       I                       I                       I
           I           *        TT *                       I                       I                       I                       I
           I           *      TT   *                       I                       I                       I                       I
           I          *      TT    I*                      I                       I                       I                       I
           I         *      TT     I *                     I                       I                       I                       I
           I       ***   TTT       I ***                   I                       I                       I  LLLLLLLLLLLLLLLLLLLLLL
  0.00E+00 LLLLLLLLLLLTTTT---------+---*****************************************************************LLLLLL**********************
           I         LL  AAA       I                       I                       I            LLLLLLLL   I                       I
           I           L    AA     I                       ILL                     I  LLLLLLLLLLL          I                       I
           I           L     AA    I                     LLL LLLL      LLL    LLLLLLLLL                    I                       I
           I            L     AA   I                    LL I    LLLLLLL  LLLLLL    I                       I                       I
           I            L       A  I                  LL   I                       I                       I                       I
           I             L       AAI               LLL     I                       I                       I                       I
           I             L        AA           LLLLL       I                       I                       I                       I
           I             L         AAA      LLL            I                       I                       I                       I
           I              L        I AAA   LL              I                       I                       I                       I
 -5.00E-01 +--------------L--------+---AALL----------------+-----------------------+-----------------------+-----------------------+
           I              L        I    LLAAA              I                       I                       I                       I
           I                       I   L    AAAA           I                       I                       I                       I
           I               L       I LL        AAAA        I                       I                       I                       I
           I               L       I L             AAAA    I                       I                       I                       I
           I                L      LL                  AAAAAAAA                    I                       I                       I
           I                L      L                       I  AAAAAAAA             I                       I                       I
           I                L     LI                       I         AAAAAAA       I                       I                       I
           I                 L   LLI                       I               AAAAAAAAA                       I                       I
           I                 LL LL I                       I                       AAAAAAAAAAA             I            AAAAAAAAAAAA
 -1.00E+00 +------------------LLL--+-----------------------+-----------------------+----------AAAAAAAAAAAAAAAAAAAAAAAAAAA----------+
0       0.00E+00                0.00E+00                0.00E+00                0.00E+00                0.00E+00

 LINE CHARGE DENSITY MIN/MAX= 0.000E+00/ 1.330E+02    C/M**1, SCALE= 1.330E+02    C/M**1, PASSING    AT R= 1.500E-01 M
 AZIMUTHAL    WAKE   MIN/MAX=-6.892E+00/ 1.210E-02 V/PC/M**1, SCALE= 6.892E+00 V/PC/M**1, NORMALIZED BY D= 1.500E-01 M DIPOLE OFFSET
 TRANSVERSE   WAKE   MIN/MAX=-3.278E-03/ 6.892E+00 V/PC/M**1, SCALE= 6.892E+00 V/PC/M**1, NORMALIZED BY D= 1.500E-01 M DIPOLE OFFSET
 LONGITUDINAL WAKE   MIN/MAX=-3.394E+02/ 2.466E+01 V/PC/M**2, SCALE= 3.394E+02 V/PC/M**2, NORMALIZED BY D= 1.500E-01 M DIPOLE OFFSET
0
 INTEGRATED  AZIMUTHAL    WAKE * CHARGE DENSITY = -1.041E+00 V/PC/M**1
 INTEGRATED  TRANSVERSE   WAKE * CHARGE DENSITY =  1.027E+00 V/PC/M**1
 INTEGRATED  LONGITUDINAL WAKE * CHARGE DENSITY = -2.496E+02 V/PC/M**2
1
 AZIMUTHAL WAKE FIELDS --->

 S/M      =   0.0000E+00  3.0000E-04  6.0000E-04  9.0000E-04  1.2000E-03  1.5000E-03  1.8000E-03  2.1000E-03  2.4000E-03  2.7000E-03
 AWAKE/V  =   3.3159E+07  3.3398E+07  3.4905E+07  3.7789E+07  4.2525E+07  4.9281E+07  5.8624E+07  7.0966E+07  8.7020E+07  1.0750E+08

 S/M      =   3.0000E-03  3.3000E-03  3.6000E-03  3.9000E-03  4.2000E-03  4.5000E-03  4.8000E-03  5.1000E-03  5.4000E-03  5.7000E-03
 AWAKE/V  =   1.3334E+08  1.6563E+08  2.0559E+08  2.5464E+08  3.1420E+08  3.8581E+08  4.7082E+08  5.7047E+08  6.8541E+08  8.1573E+08

 S/M      =   6.0000E-03  6.3000E-03  6.6000E-03  6.9000E-03  7.2000E-03  7.5000E-03  7.8000E-03  8.1000E-03  8.4000E-03  8.7000E-03
 AWAKE/V  =   9.6030E+08  1.1166E+09  1.2800E+09  1.4433E+09  1.5957E+09  1.7225E+09  1.8039E+09  1.8144E+09  1.7221E+09  1.4879E+09

 S/M      =   9.0000E-03  9.3000E-03  9.6000E-03  9.9000E-03  1.0200E-02  1.0500E-02  1.0800E-02  1.1100E-02  1.1400E-02  1.1700E-02
 AWAKE/V  =   1.0653E+09  4.0024E+08 -5.6868E+08 -1.9095E+09 -3.6958E+09 -6.0049E+09 -8.9162E+09 -1.2508E+10 -1.6856E+10 -2.2027E+10

 S/M      =   1.2000E-02  1.2300E-02  1.2600E-02  1.2900E-02  1.3200E-02  1.3500E-02  1.3800E-02  1.4100E-02  1.4400E-02  1.4700E-02
 AWAKE/V  =  -2.8080E+10 -3.5061E+10 -4.2999E+10 -5.1907E+10 -6.1777E+10 -7.2581E+10 -8.4270E+10 -9.6781E+10 -1.1003E+11 -1.2391E+11

 S/M      =   1.5000E-02  1.5300E-02  1.5600E-02  1.5900E-02  1.6200E-02  1.6500E-02  1.6800E-02  1.7100E-02  1.7400E-02  1.7700E-02
 AWAKE/V  =  -1.3833E+11 -1.5316E+11 -1.6830E+11 -1.8361E+11 -1.9901E+11 -2.1437E+11 -2.2962E+11 -2.4468E+11 -2.5949E+11 -2.7399E+11

 S/M      =   1.8000E-02  1.8300E-02  1.8600E-02  1.8900E-02  1.9200E-02  1.9500E-02  1.9800E-02  2.0100E-02  2.0400E-02  2.0700E-02
 AWAKE/V  =  -2.8817E+11 -3.0199E+11 -3.1545E+11 -3.2855E+11 -3.4130E+11 -3.5371E+11 -3.6580E+11 -3.7758E+11 -3.8908E+11 -4.0030E+11

 S/M      =   2.1000E-02  2.1300E-02  2.1600E-02  2.1900E-02  2.2200E-02  2.2500E-02  2.2800E-02  2.3100E-02  2.3400E-02  2.3700E-02
 AWAKE/V  =  -4.1126E+11 -4.2197E+11 -4.3245E+11 -4.4270E+11 -4.5272E+11 -4.6252E+11 -4.7210E+11 -4.8146E+11 -4.9059E+11 -4.9951E+11

 S/M      =   2.4000E-02  2.4300E-02  2.4600E-02  2.4900E-02  2.5200E-02  2.5500E-02  2.5800E-02  2.6100E-02  2.6400E-02  2.6700E-02
 AWAKE/V  =  -5.0822E+11 -5.1670E+11 -5.2498E+11 -5.3305E+11 -5.4091E+11 -5.4857E+11 -5.5603E+11 -5.6331E+11 -5.7041E+11 -5.7733E+11

 S/M      =   2.7000E-02  2.7300E-02  2.7600E-02  2.7900E-02  2.8200E-02  2.8500E-02  2.8800E-02  2.9100E-02  2.9400E-02  2.9700E-02
 AWAKE/V  =  -5.8409E+11 -5.9070E+11 -5.9718E+11 -6.0351E+11 -6.0974E+11 -6.1585E+11 -6.2186E+11 -6.2780E+11 -6.3365E+11 -6.3944E+11

 S/M      =   3.0000E-02  3.0300E-02  3.0600E-02  3.0900E-02  3.1200E-02  3.1500E-02  3.1800E-02  3.2100E-02  3.2400E-02  3.2700E-02
 AWAKE/V  =  -6.4517E+11 -6.5086E+11 -6.5649E+11 -6.6210E+11 -6.6766E+11 -6.7319E+11 -6.7869E+11 -6.8414E+11 -6.8957E+11 -6.9493E+11

 S/M      =   3.3000E-02  3.3300E-02  3.3600E-02  3.3900E-02  3.4200E-02  3.4500E-02  3.4800E-02  3.5100E-02  3.5400E-02  3.5700E-02
 AWAKE/V  =  -7.0026E+11 -7.0550E+11 -7.1069E+11 -7.1578E+11 -7.2077E+11 -7.2566E+11 -7.3042E+11 -7.3503E+11 -7.3949E+11 -7.4379E+11

 S/M      =   3.6000E-02  3.6300E-02  3.6600E-02  3.6900E-02  3.7200E-02  3.7500E-02  3.7800E-02  3.8100E-02  3.8400E-02  3.8700E-02
 AWAKE/V  =  -7.4790E+11 -7.5183E+11 -7.5556E+11 -7.5909E+11 -7.6240E+11 -7.6552E+11 -7.6844E+11 -7.7115E+11 -7.7369E+11 -7.7604E+11

 S/M      =   3.9000E-02  3.9300E-02  3.9600E-02  3.9900E-02  4.0200E-02  4.0500E-02  4.0800E-02  4.1100E-02  4.1400E-02  4.1700E-02
 AWAKE/V  =  -7.7824E+11 -7.8027E+11 -7.8222E+11 -7.8406E+11 -7.8582E+11 -7.8754E+11 -7.8925E+11 -7.9095E+11 -7.9269E+11 -7.9449E+11

 S/M      =   4.2000E-02  4.2300E-02  4.2600E-02  4.2900E-02  4.3200E-02  4.3500E-02  4.3800E-02  4.4100E-02  4.4400E-02  4.4700E-02
 AWAKE/V  =  -7.9638E+11 -7.9835E+11 -8.0044E+11 -8.0265E+11 -8.0498E+11 -8.0746E+11 -8.1007E+11 -8.1279E+11 -8.1563E+11 -8.1857E+11

 S/M      =   4.5000E-02  4.5300E-02  4.5600E-02  4.5900E-02  4.6200E-02  4.6500E-02  4.6800E-02  4.7100E-02  4.7400E-02  4.7700E-02
 AWAKE/V  =  -8.2160E+11 -8.2470E+11 -8.2784E+11 -8.3098E+11 -8.3414E+11 -8.3729E+11 -8.4039E+11 -8.4344E+11 -8.4643E+11 -8.4934E+11

 S/M      =   4.8000E-02  4.8300E-02  4.8600E-02  4.8900E-02  4.9200E-02  4.9500E-02  4.9800E-02  5.0100E-02  5.0400E-02  5.0700E-02
 AWAKE/V  =  -8.5217E+11 -8.5494E+11 -8.5764E+11 -8.6027E+11 -8.6284E+11 -8.6540E+11 -8.6792E+11 -8.7045E+11 -8.7299E+11 -8.7557E+11

 S/M      =   5.1000E-02  5.1300E-02  5.1600E-02  5.1900E-02  5.2200E-02  5.2500E-02  5.2800E-02  5.3100E-02  5.3400E-02  5.3700E-02
 AWAKE/V  =  -8.7819E+11 -8.8088E+11 -8.8362E+11 -8.8646E+11 -8.8935E+11 -8.9233E+11 -8.9535E+11 -8.9842E+11 -9.0153E+11 -9.0466E+11

 S/M      =   5.4000E-02  5.4300E-02  5.4600E-02  5.4900E-02  5.5200E-02  5.5500E-02  5.5800E-02  5.6100E-02  5.6400E-02  5.6700E-02
 AWAKE/V  =  -9.0777E+11 -9.1086E+11 -9.1390E+11 -9.1689E+11 -9.1980E+11 -9.2263E+11 -9.2534E+11 -9.2797E+11 -9.3049E+11 -9.3292E+11

 S/M      =   5.7000E-02  5.7300E-02  5.7600E-02  5.7900E-02  5.8200E-02  5.8500E-02  5.8800E-02  5.9100E-02  5.9400E-02  5.9700E-02
 AWAKE/V  =  -9.3526E+11 -9.3753E+11 -9.3975E+11 -9.4190E+11 -9.4404E+11 -9.4617E+11 -9.4827E+11 -9.5040E+11 -9.5253E+11 -9.5468E+11

 S/M      =   6.0000E-02  6.0300E-02  6.0600E-02  6.0900E-02  6.1200E-02  6.1500E-02  6.1800E-02  6.2100E-02  6.2400E-02  6.2700E-02
 AWAKE/V  =  -9.5684E+11 -9.5902E+11 -9.6121E+11 -9.6339E+11 -9.6556E+11 -9.6770E+11 -9.6981E+11 -9.7187E+11 -9.7388E+11 -9.7582E+11

 S/M      =   6.3000E-02  6.3300E-02  6.3600E-02  6.3900E-02  6.4200E-02  6.4500E-02  6.4800E-02  6.5100E-02  6.5400E-02  6.5700E-02
 AWAKE/V  =  -9.7770E+11 -9.7953E+11 -9.8127E+11 -9.8297E+11 -9.8461E+11 -9.8621E+11 -9.8776E+11 -9.8930E+11 -9.9081E+11 -9.9233E+11

 S/M      =   6.6000E-02  6.6300E-02  6.6600E-02  6.6900E-02  6.7200E-02  6.7500E-02  6.7800E-02  6.8100E-02  6.8400E-02  6.8700E-02
 AWAKE/V  =  -9.9383E+11 -9.9535E+11 -9.9686E+11 -9.9838E+11 -9.9989E+11 -1.0014E+12 -1.0029E+12 -1.0044E+12 -1.0059E+12 -1.0073E+12

 S/M      =   6.9000E-02  6.9300E-02  6.9600E-02  6.9900E-02  7.0200E-02  7.0500E-02  7.0800E-02  7.1100E-02  7.1400E-02  7.1700E-02
 AWAKE/V  =  -1.0088E+12 -1.0102E+12 -1.0115E+12 -1.0128E+12 -1.0141E+12 -1.0153E+12 -1.0165E+12 -1.0177E+12 -1.0188E+12 -1.0198E+12

 S/M      =   7.2000E-02  7.2300E-02  7.2600E-02  7.2900E-02  7.3200E-02  7.3500E-02  7.3800E-02  7.4100E-02  7.4400E-02  7.4700E-02
 AWAKE/V  =  -1.0209E+12 -1.0219E+12 -1.0228E+12 -1.0238E+12 -1.0247E+12 -1.0255E+12 -1.0263E+12 -1.0271E+12 -1.0278E+12 -1.0285E+12

 S/M      =   7.5000E-02  7.5300E-02  7.5600E-02  7.5900E-02  7.6200E-02  7.6500E-02  7.6800E-02  7.7100E-02  7.7400E-02  7.7700E-02
 AWAKE/V  =  -1.0292E+12 -1.0298E+12 -1.0303E+12 -1.0308E+12 -1.0313E+12 -1.0317E+12 -1.0321E+12 -1.0325E+12 -1.0328E+12 -1.0331E+12

 S/M      =   7.8000E-02  7.8300E-02  7.8600E-02  7.8900E-02  7.9200E-02  7.9500E-02  7.9800E-02  8.0100E-02  8.0400E-02  8.0700E-02
 AWAKE/V  =  -1.0333E+12 -1.0335E+12 -1.0336E+12 -1.0337E+12 -1.0338E+12 -1.0338E+12 -1.0338E+12 -1.0337E+12 -1.0335E+12 -1.0334E+12

 S/M      =   8.1000E-02  8.1300E-02  8.1600E-02  8.1900E-02  8.2200E-02  8.2500E-02  8.2800E-02  8.3100E-02  8.3400E-02  8.3700E-02
 AWAKE/V  =  -1.0331E+12 -1.0329E+12 -1.0326E+12 -1.0322E+12 -1.0318E+12 -1.0314E+12 -1.0309E+12 -1.0304E+12 -1.0299E+12 -1.0293E+12

 S/M      =   8.4000E-02  8.4300E-02  8.4600E-02  8.4900E-02  8.5200E-02  8.5500E-02  8.5800E-02  8.6100E-02  8.6400E-02  8.6700E-02
 AWAKE/V  =  -1.0287E+12 -1.0281E+12 -1.0275E+12 -1.0268E+12 -1.0261E+12 -1.0254E+12 -1.0247E+12 -1.0239E+12 -1.0231E+12 -1.0223E+12

 S/M      =   8.7000E-02  8.7300E-02  8.7600E-02  8.7900E-02  8.8200E-02  8.8500E-02  8.8800E-02  8.9100E-02  8.9400E-02  8.9700E-02
 AWAKE/V  =  -1.0215E+12 -1.0206E+12 -1.0198E+12 -1.0189E+12 -1.0179E+12 -1.0169E+12 -1.0159E+12 -1.0149E+12 -1.0138E+12 -1.0127E+12

 S/M      =   9.0000E-02  9.0300E-02  9.0600E-02  9.0900E-02  9.1200E-02  9.1500E-02  9.1800E-02  9.2100E-02  9.2400E-02  9.2700E-02
 AWAKE/V  =  -1.0116E+12 -1.0105E+12 -1.0093E+12 -1.0082E+12 -1.0070E+12 -1.0059E+12 -1.0047E+12 -1.0036E+12 -1.0025E+12 -1.0013E+12

 S/M      =   9.3000E-02  9.3300E-02  9.3600E-02  9.3900E-02  9.4200E-02  9.4500E-02  9.4800E-02  9.5100E-02  9.5400E-02  9.5700E-02
 AWAKE/V  =  -1.0002E+12 -9.9915E+11 -9.9807E+11 -9.9701E+11 -9.9597E+11 -9.9493E+11 -9.9392E+11 -9.9292E+11 -9.9193E+11 -9.9094E+11

 S/M      =   9.6000E-02  9.6300E-02  9.6600E-02  9.6900E-02  9.7200E-02  9.7500E-02  9.7800E-02  9.8100E-02  9.8400E-02  9.8700E-02
 AWAKE/V  =  -9.8997E+11 -9.8902E+11 -9.8806E+11 -9.8709E+11 -9.8615E+11 -9.8522E+11 -9.8430E+11 -9.8337E+11 -9.8247E+11 -9.8159E+11

 S/M      =   9.9000E-02  9.9300E-02  9.9600E-02  9.9900E-02  1.0020E-01  1.0050E-01  1.0080E-01  1.0110E-01  1.0140E-01  1.0170E-01
 AWAKE/V  =  -9.8072E+11 -9.7989E+11 -9.7908E+11 -9.7832E+11 -9.7761E+11 -9.7697E+11  0.0000E+00  0.0000E+00  0.0000E+00 -4.2202E+37

1
 TRANSVERSE WAKE FIELDS --->

 S/M      =   0.0000E+00  3.0000E-04  6.0000E-04  9.0000E-04  1.2000E-03  1.5000E-03  1.8000E-03  2.1000E-03  2.4000E-03  2.7000E-03
 TWAKE/V  =   6.4565E+04  6.0854E+04 -2.5959E+05 -1.1013E+06 -2.7743E+06 -5.5995E+06 -9.9594E+06 -1.6243E+07 -2.4876E+07 -3.6293E+07

 S/M      =   3.0000E-03  3.3000E-03  3.6000E-03  3.9000E-03  4.2000E-03  4.5000E-03  4.8000E-03  5.1000E-03  5.4000E-03  5.7000E-03
 TWAKE/V  =  -5.0940E+07 -6.9267E+07 -9.1694E+07 -1.1860E+08 -1.5025E+08 -1.8675E+08 -2.2793E+08 -2.7321E+08 -3.2142E+08 -3.7061E+08

 S/M      =   6.0000E-03  6.3000E-03  6.6000E-03  6.9000E-03  7.2000E-03  7.5000E-03  7.8000E-03  8.1000E-03  8.4000E-03  8.7000E-03
 TWAKE/V  =  -4.1769E+08 -4.5819E+08 -4.8576E+08 -4.9177E+08 -4.6477E+08 -3.8994E+08 -2.4855E+08 -1.7358E+07  3.3186E+08  8.3274E+08

 S/M      =   9.0000E-03  9.3000E-03  9.6000E-03  9.9000E-03  1.0200E-02  1.0500E-02  1.0800E-02  1.1100E-02  1.1400E-02  1.1700E-02
 TWAKE/V  =   1.5246E+09  2.4525E+09  3.6672E+09  5.2245E+09  7.1847E+09  9.6114E+09  1.2570E+10  1.6126E+10  2.0344E+10  2.5282E+10

 S/M      =   1.2000E-02  1.2300E-02  1.2600E-02  1.2900E-02  1.3200E-02  1.3500E-02  1.3800E-02  1.4100E-02  1.4400E-02  1.4700E-02
 TWAKE/V  =   3.0995E+10  3.7526E+10  4.4908E+10  5.3163E+10  6.2296E+10  7.2298E+10  8.3144E+10  9.4793E+10  1.0719E+11  1.2026E+11

 S/M      =   1.5000E-02  1.5300E-02  1.5600E-02  1.5900E-02  1.6200E-02  1.6500E-02  1.6800E-02  1.7100E-02  1.7400E-02  1.7700E-02
 TWAKE/V  =   1.3393E+11  1.4811E+11  1.6271E+11  1.7761E+11  1.9273E+11  2.0797E+11  2.2324E+11  2.3845E+11  2.5352E+11  2.6841E+11

 S/M      =   1.8000E-02  1.8300E-02  1.8600E-02  1.8900E-02  1.9200E-02  1.9500E-02  1.9800E-02  2.0100E-02  2.0400E-02  2.0700E-02
 TWAKE/V  =   2.8304E+11  2.9738E+11  3.1141E+11  3.2508E+11  3.3841E+11  3.5137E+11  3.6398E+11  3.7623E+11  3.8814E+11  3.9973E+11

 S/M      =   2.1000E-02  2.1300E-02  2.1600E-02  2.1900E-02  2.2200E-02  2.2500E-02  2.2800E-02  2.3100E-02  2.3400E-02  2.3700E-02
 TWAKE/V  =   4.1101E+11  4.2199E+11  4.3268E+11  4.4311E+11  4.5328E+11  4.6320E+11  4.7288E+11  4.8233E+11  4.9155E+11  5.0056E+11

 S/M      =   2.4000E-02  2.4300E-02  2.4600E-02  2.4900E-02  2.5200E-02  2.5500E-02  2.5800E-02  2.6100E-02  2.6400E-02  2.6700E-02
 TWAKE/V  =   5.0934E+11  5.1791E+11  5.2627E+11  5.3442E+11  5.4237E+11  5.5011E+11  5.5765E+11  5.6500E+11  5.7217E+11  5.7915E+11

 S/M      =   2.7000E-02  2.7300E-02  2.7600E-02  2.7900E-02  2.8200E-02  2.8500E-02  2.8800E-02  2.9100E-02  2.9400E-02  2.9700E-02
 TWAKE/V  =   5.8596E+11  5.9261E+11  5.9911E+11  6.0546E+11  6.1168E+11  6.1777E+11  6.2375E+11  6.2963E+11  6.3542E+11  6.4112E+11

 S/M      =   3.0000E-02  3.0300E-02  3.0600E-02  3.0900E-02  3.1200E-02  3.1500E-02  3.1800E-02  3.2100E-02  3.2400E-02  3.2700E-02
 TWAKE/V  =   6.4675E+11  6.5231E+11  6.5781E+11  6.6326E+11  6.6866E+11  6.7401E+11  6.7932E+11  6.8458E+11  6.8980E+11  6.9497E+11

 S/M      =   3.3000E-02  3.3300E-02  3.3600E-02  3.3900E-02  3.4200E-02  3.4500E-02  3.4800E-02  3.5100E-02  3.5400E-02  3.5700E-02
 TWAKE/V  =   7.0008E+11  7.0514E+11  7.1013E+11  7.1505E+11  7.1988E+11  7.2461E+11  7.2924E+11  7.3376E+11  7.3814E+11  7.4238E+11

 S/M      =   3.6000E-02  3.6300E-02  3.6600E-02  3.6900E-02  3.7200E-02  3.7500E-02  3.7800E-02  3.8100E-02  3.8400E-02  3.8700E-02
 TWAKE/V  =   7.4648E+11  7.5041E+11  7.5418E+11  7.5777E+11  7.6118E+11  7.6442E+11  7.6747E+11  7.7035E+11  7.7305E+11  7.7560E+11

 S/M      =   3.9000E-02  3.9300E-02  3.9600E-02  3.9900E-02  4.0200E-02  4.0500E-02  4.0800E-02  4.1100E-02  4.1400E-02  4.1700E-02
 TWAKE/V  =   7.7800E+11  7.8026E+11  7.8240E+11  7.8444E+11  7.8640E+11  7.8829E+11  7.9015E+11  7.9200E+11  7.9385E+11  7.9572E+11

 S/M      =   4.2000E-02  4.2300E-02  4.2600E-02  4.2900E-02  4.3200E-02  4.3500E-02  4.3800E-02  4.4100E-02  4.4400E-02  4.4700E-02
 TWAKE/V  =   7.9764E+11  7.9963E+11  8.0168E+11  8.0383E+11  8.0608E+11  8.0843E+11  8.1089E+11  8.1346E+11  8.1612E+11  8.1889E+11

 S/M      =   4.5000E-02  4.5300E-02  4.5600E-02  4.5900E-02  4.6200E-02  4.6500E-02  4.6800E-02  4.7100E-02  4.7400E-02  4.7700E-02
 TWAKE/V  =   8.2174E+11  8.2466E+11  8.2764E+11  8.3067E+11  8.3373E+11  8.3680E+11  8.3987E+11  8.4293E+11  8.4595E+11  8.4894E+11

 S/M      =   4.8000E-02  4.8300E-02  4.8600E-02  4.8900E-02  4.9200E-02  4.9500E-02  4.9800E-02  5.0100E-02  5.0400E-02  5.0700E-02
 TWAKE/V  =   8.5189E+11  8.5478E+11  8.5763E+11  8.6042E+11  8.6317E+11  8.6588E+11  8.6855E+11  8.7120E+11  8.7384E+11  8.7647E+11

 S/M      =   5.1000E-02  5.1300E-02  5.1600E-02  5.1900E-02  5.2200E-02  5.2500E-02  5.2800E-02  5.3100E-02  5.3400E-02  5.3700E-02
 TWAKE/V  =   8.7912E+11  8.8178E+11  8.8446E+11  8.8718E+11  8.8994E+11  8.9273E+11  8.9555E+11  8.9841E+11  9.0129E+11  9.0418E+11

 S/M      =   5.4000E-02  5.4300E-02  5.4600E-02  5.4900E-02  5.5200E-02  5.5500E-02  5.5800E-02  5.6100E-02  5.6400E-02  5.6700E-02
 TWAKE/V  =   9.0709E+11  9.0999E+11  9.1288E+11  9.1575E+11  9.1858E+11  9.2137E+11  9.2411E+11  9.2680E+11  9.2943E+11  9.3200E+11

 S/M      =   5.7000E-02  5.7300E-02  5.7600E-02  5.7900E-02  5.8200E-02  5.8500E-02  5.8800E-02  5.9100E-02  5.9400E-02  5.9700E-02
 TWAKE/V  =   9.3451E+11  9.3697E+11  9.3937E+11  9.4174E+11  9.4406E+11  9.4635E+11  9.4861E+11  9.5084E+11  9.5306E+11  9.5527E+11

 S/M      =   6.0000E-02  6.0300E-02  6.0600E-02  6.0900E-02  6.1200E-02  6.1500E-02  6.1800E-02  6.2100E-02  6.2400E-02  6.2700E-02
 TWAKE/V  =   9.5745E+11  9.5963E+11  9.6178E+11  9.6392E+11  9.6603E+11  9.6811E+11  9.7016E+11  9.7217E+11  9.7414E+11  9.7607E+11

 S/M      =   6.3000E-02  6.3300E-02  6.3600E-02  6.3900E-02  6.4200E-02  6.4500E-02  6.4800E-02  6.5100E-02  6.5400E-02  6.5700E-02
 TWAKE/V  =   9.7795E+11  9.7978E+11  9.8157E+11  9.8331E+11  9.8500E+11  9.8665E+11  9.8826E+11  9.8984E+11  9.9139E+11  9.9291E+11

 S/M      =   6.6000E-02  6.6300E-02  6.6600E-02  6.6900E-02  6.7200E-02  6.7500E-02  6.7800E-02  6.8100E-02  6.8400E-02  6.8700E-02
 TWAKE/V  =   9.9440E+11  9.9588E+11  9.9734E+11  9.9877E+11  1.0002E+12  1.0016E+12  1.0030E+12  1.0044E+12  1.0057E+12  1.0070E+12

 S/M      =   6.9000E-02  6.9300E-02  6.9600E-02  6.9900E-02  7.0200E-02  7.0500E-02  7.0800E-02  7.1100E-02  7.1400E-02  7.1700E-02
 TWAKE/V  =   1.0084E+12  1.0096E+12  1.0109E+12  1.0122E+12  1.0134E+12  1.0146E+12  1.0157E+12  1.0169E+12  1.0180E+12  1.0191E+12

 S/M      =   7.2000E-02  7.2300E-02  7.2600E-02  7.2900E-02  7.3200E-02  7.3500E-02  7.3800E-02  7.4100E-02  7.4400E-02  7.4700E-02
 TWAKE/V  =   1.0202E+12  1.0212E+12  1.0222E+12  1.0232E+12  1.0241E+12  1.0250E+12  1.0259E+12  1.0267E+12  1.0275E+12  1.0282E+12

 S/M      =   7.5000E-02  7.5300E-02  7.5600E-02  7.5900E-02  7.6200E-02  7.6500E-02  7.6800E-02  7.7100E-02  7.7400E-02  7.7700E-02
 TWAKE/V  =   1.0289E+12  1.0296E+12  1.0302E+12  1.0307E+12  1.0312E+12  1.0317E+12  1.0321E+12  1.0325E+12  1.0328E+12  1.0331E+12

 S/M      =   7.8000E-02  7.8300E-02  7.8600E-02  7.8900E-02  7.9200E-02  7.9500E-02  7.9800E-02  8.0100E-02  8.0400E-02  8.0700E-02
 TWAKE/V  =   1.0333E+12  1.0335E+12  1.0337E+12  1.0338E+12  1.0338E+12  1.0339E+12  1.0339E+12  1.0338E+12  1.0337E+12  1.0335E+12

 S/M      =   8.1000E-02  8.1300E-02  8.1600E-02  8.1900E-02  8.2200E-02  8.2500E-02  8.2800E-02  8.3100E-02  8.3400E-02  8.3700E-02
 TWAKE/V  =   1.0333E+12  1.0331E+12  1.0328E+12  1.0325E+12  1.0321E+12  1.0317E+12  1.0313E+12  1.0308E+12  1.0303E+12  1.0297E+12

 S/M      =   8.4000E-02  8.4300E-02  8.4600E-02  8.4900E-02  8.5200E-02  8.5500E-02  8.5800E-02  8.6100E-02  8.6400E-02  8.6700E-02
 TWAKE/V  =   1.0291E+12  1.0285E+12  1.0278E+12  1.0271E+12  1.0264E+12  1.0256E+12  1.0248E+12  1.0240E+12  1.0232E+12  1.0223E+12

 S/M      =   8.7000E-02  8.7300E-02  8.7600E-02  8.7900E-02  8.8200E-02  8.8500E-02  8.8800E-02  8.9100E-02  8.9400E-02  8.9700E-02
 TWAKE/V  =   1.0214E+12  1.0205E+12  1.0196E+12  1.0187E+12  1.0177E+12  1.0167E+12  1.0157E+12  1.0147E+12  1.0136E+12  1.0125E+12

 S/M      =   9.0000E-02  9.0300E-02  9.0600E-02  9.0900E-02  9.1200E-02  9.1500E-02  9.1800E-02  9.2100E-02  9.2400E-02  9.2700E-02
 TWAKE/V  =   1.0115E+12  1.0104E+12  1.0093E+12  1.0082E+12  1.0071E+12  1.0060E+12  1.0049E+12  1.0037E+12  1.0026E+12  1.0016E+12

 S/M      =   9.3000E-02  9.3300E-02  9.3600E-02  9.3900E-02  9.4200E-02  9.4500E-02  9.4800E-02  9.5100E-02  9.5400E-02  9.5700E-02
 TWAKE/V  =   1.0005E+12  9.9939E+11  9.9832E+11  9.9727E+11  9.9623E+11  9.9520E+11  9.9418E+11  9.9318E+11  9.9219E+11  9.9120E+11

 S/M      =   9.6000E-02  9.6300E-02  9.6600E-02  9.6900E-02  9.7200E-02  9.7500E-02  9.7800E-02  9.8100E-02  9.8400E-02  9.8700E-02
 TWAKE/V  =   9.9023E+11  9.8927E+11  9.8831E+11  9.8736E+11  9.8641E+11  9.8547E+11  9.8454E+11  9.8361E+11  9.8268E+11  9.8176E+11

 S/M      =   9.9000E-02  9.9300E-02  9.9600E-02  9.9900E-02  1.0020E-01  1.0050E-01  1.0080E-01  1.0110E-01  1.0140E-01  1.0170E-01
 TWAKE/V  =   9.8084E+11  9.7993E+11  9.7902E+11  9.7812E+11  0.0000E+00  0.0000E+00  0.0000E+00  0.0000E+00  0.0000E+00 -4.2202E+37

0
 LONGITUDINAL WAKE FIELDS --->

 S/M      =   0.0000E+00  3.0000E-04  6.0000E-04  9.0000E-04  1.2000E-03  1.5000E-03  1.8000E-03  2.1000E-03  2.4000E-03  2.7000E-03
 LWAKE/V  =  -6.4565E+07  6.8276E+07  2.5216E+08  5.8953E+08  1.0835E+09  1.7418E+09  2.6180E+09  3.6655E+09  4.9675E+09  6.4494E+09

 S/M      =   3.0000E-03  3.3000E-03  3.6000E-03  3.9000E-03  4.2000E-03  4.5000E-03  4.8000E-03  5.1000E-03  5.4000E-03  5.7000E-03
 LWAKE/V  =   8.1983E+09  1.0129E+10  1.2298E+10  1.4608E+10  1.7042E+10  1.9461E+10  2.1715E+10  2.3564E+10  2.4650E+10  2.4535E+10

 S/M      =   6.0000E-03  6.3000E-03  6.6000E-03  6.9000E-03  7.2000E-03  7.5000E-03  7.8000E-03  8.1000E-03  8.4000E-03  8.7000E-03
 LWAKE/V  =   2.2552E+10  1.7943E+10  9.6266E+09 -3.6184E+09 -2.3381E+10 -5.1444E+10 -8.9946E+10 -1.4125E+11 -2.0797E+11 -2.9291E+11

 S/M      =   9.0000E-03  9.3000E-03  9.6000E-03  9.9000E-03  1.0200E-02  1.0500E-02  1.0800E-02  1.1100E-02  1.1400E-02  1.1700E-02
 LWAKE/V  =  -3.9894E+11 -5.2897E+11 -6.8570E+11 -8.7160E+11 -1.0886E+12 -1.3381E+12 -1.6206E+12 -1.9357E+12 -2.2819E+12 -2.6566E+12

 S/M      =   1.2000E-02  1.2300E-02  1.2600E-02  1.2900E-02  1.3200E-02  1.3500E-02  1.3800E-02  1.4100E-02  1.4400E-02  1.4700E-02
 LWAKE/V  =  -3.0559E+12 -3.4749E+12 -3.9076E+12 -4.3472E+12 -4.7860E+12 -5.2162E+12 -5.6298E+12 -6.0191E+12 -6.3770E+12 -6.6971E+12

 S/M      =   1.5000E-02  1.5300E-02  1.5600E-02  1.5900E-02  1.6200E-02  1.6500E-02  1.6800E-02  1.7100E-02  1.7400E-02  1.7700E-02
 LWAKE/V  =  -6.9745E+12 -7.2051E+12 -7.3868E+12 -7.5187E+12 -7.6015E+12 -7.6371E+12 -7.6287E+12 -7.5805E+12 -7.4976E+12 -7.3853E+12

 S/M      =   1.8000E-02  1.8300E-02  1.8600E-02  1.8900E-02  1.9200E-02  1.9500E-02  1.9800E-02  2.0100E-02  2.0400E-02  2.0700E-02
 LWAKE/V  =  -7.2491E+12 -7.0946E+12 -6.9270E+12 -6.7512E+12 -6.5715E+12 -6.3914E+12 -6.2138E+12 -6.0408E+12 -5.8740E+12 -5.7142E+12

 S/M      =   2.1000E-02  2.1300E-02  2.1600E-02  2.1900E-02  2.2200E-02  2.2500E-02  2.2800E-02  2.3100E-02  2.3400E-02  2.3700E-02
 LWAKE/V  =  -5.5618E+12 -5.4168E+12 -5.2788E+12 -5.1471E+12 -5.0210E+12 -4.8997E+12 -4.7823E+12 -4.6681E+12 -4.5564E+12 -4.4467E+12

 S/M      =   2.4000E-02  2.4300E-02  2.4600E-02  2.4900E-02  2.5200E-02  2.5500E-02  2.5800E-02  2.6100E-02  2.6400E-02  2.6700E-02
 LWAKE/V  =  -4.3387E+12 -4.2321E+12 -4.1268E+12 -4.0230E+12 -3.9208E+12 -3.8207E+12 -3.7228E+12 -3.6278E+12 -3.5361E+12 -3.4481E+12

 S/M      =   2.7000E-02  2.7300E-02  2.7600E-02  2.7900E-02  2.8200E-02  2.8500E-02  2.8800E-02  2.9100E-02  2.9400E-02  2.9700E-02
 LWAKE/V  =  -3.3642E+12 -3.2848E+12 -3.2103E+12 -3.1408E+12 -3.0766E+12 -3.0176E+12 -2.9638E+12 -2.9151E+12 -2.8713E+12 -2.8320E+12

 S/M      =   3.0000E-02  3.0300E-02  3.0600E-02  3.0900E-02  3.1200E-02  3.1500E-02  3.1800E-02  3.2100E-02  3.2400E-02  3.2700E-02
 LWAKE/V  =  -2.7969E+12 -2.7653E+12 -2.7371E+12 -2.7113E+12 -2.6875E+12 -2.6648E+12 -2.6427E+12 -2.6203E+12 -2.5968E+12 -2.5716E+12

 S/M      =   3.3000E-02  3.3300E-02  3.3600E-02  3.3900E-02  3.4200E-02  3.4500E-02  3.4800E-02  3.5100E-02  3.5400E-02  3.5700E-02
 LWAKE/V  =  -2.5437E+12 -2.5126E+12 -2.4775E+12 -2.4379E+12 -2.3932E+12 -2.3431E+12 -2.2873E+12 -2.2258E+12 -2.1585E+12 -2.0858E+12

 S/M      =   3.6000E-02  3.6300E-02  3.6600E-02  3.6900E-02  3.7200E-02  3.7500E-02  3.7800E-02  3.8100E-02  3.8400E-02  3.8700E-02
 LWAKE/V  =  -2.0080E+12 -1.9259E+12 -1.8401E+12 -1.7517E+12 -1.6617E+12 -1.5714E+12 -1.4821E+12 -1.3951E+12 -1.3119E+12 -1.2338E+12

 S/M      =   3.9000E-02  3.9300E-02  3.9600E-02  3.9900E-02  4.0200E-02  4.0500E-02  4.0800E-02  4.1100E-02  4.1400E-02  4.1700E-02
 LWAKE/V  =  -1.1621E+12 -1.0981E+12 -1.0428E+12 -9.9709E+11 -9.6169E+11 -9.3706E+11 -9.2340E+11 -9.2067E+11 -9.2853E+11 -9.4641E+11

 S/M      =   4.2000E-02  4.2300E-02  4.2600E-02  4.2900E-02  4.3200E-02  4.3500E-02  4.3800E-02  4.4100E-02  4.4400E-02  4.4700E-02
 LWAKE/V  =  -9.7347E+11 -1.0086E+12 -1.0506E+12 -1.0980E+12 -1.1492E+12 -1.2025E+12 -1.2563E+12 -1.3090E+12 -1.3588E+12 -1.4045E+12

 S/M      =   4.5000E-02  4.5300E-02  4.5600E-02  4.5900E-02  4.6200E-02  4.6500E-02  4.6800E-02  4.7100E-02  4.7400E-02  4.7700E-02
 LWAKE/V  =  -1.4447E+12 -1.4784E+12 -1.5048E+12 -1.5235E+12 -1.5343E+12 -1.5373E+12 -1.5330E+12 -1.5221E+12 -1.5056E+12 -1.4847E+12

 S/M      =   4.8000E-02  4.8300E-02  4.8600E-02  4.8900E-02  4.9200E-02  4.9500E-02  4.9800E-02  5.0100E-02  5.0400E-02  5.0700E-02
 LWAKE/V  =  -1.4607E+12 -1.4351E+12 -1.4092E+12 -1.3846E+12 -1.3625E+12 -1.3439E+12 -1.3298E+12 -1.3207E+12 -1.3170E+12 -1.3185E+12

 S/M      =   5.1000E-02  5.1300E-02  5.1600E-02  5.1900E-02  5.2200E-02  5.2500E-02  5.2800E-02  5.3100E-02  5.3400E-02  5.3700E-02
 LWAKE/V  =  -1.3251E+12 -1.3361E+12 -1.3505E+12 -1.3675E+12 -1.3857E+12 -1.4038E+12 -1.4207E+12 -1.4351E+12 -1.4459E+12 -1.4523E+12

 S/M      =   5.4000E-02  5.4300E-02  5.4600E-02  5.4900E-02  5.5200E-02  5.5500E-02  5.5800E-02  5.6100E-02  5.6400E-02  5.6700E-02
 LWAKE/V  =  -1.4537E+12 -1.4498E+12 -1.4404E+12 -1.4259E+12 -1.4067E+12 -1.3835E+12 -1.3572E+12 -1.3289E+12 -1.2995E+12 -1.2702E+12

 S/M      =   5.7000E-02  5.7300E-02  5.7600E-02  5.7900E-02  5.8200E-02  5.8500E-02  5.8800E-02  5.9100E-02  5.9400E-02  5.9700E-02
 LWAKE/V  =  -1.2419E+12 -1.2153E+12 -1.1913E+12 -1.1700E+12 -1.1518E+12 -1.1366E+12 -1.1241E+12 -1.1138E+12 -1.1052E+12 -1.0975E+12

 S/M      =   6.0000E-02  6.0300E-02  6.0600E-02  6.0900E-02  6.1200E-02  6.1500E-02  6.1800E-02  6.2100E-02  6.2400E-02  6.2700E-02
 LWAKE/V  =  -1.0900E+12 -1.0820E+12 -1.0729E+12 -1.0620E+12 -1.0491E+12 -1.0339E+12 -1.0163E+12 -9.9664E+11 -9.7511E+11 -9.5219E+11

 S/M      =   6.3000E-02  6.3300E-02  6.3600E-02  6.3900E-02  6.4200E-02  6.4500E-02  6.4800E-02  6.5100E-02  6.5400E-02  6.5700E-02
 LWAKE/V  =  -9.2837E+11 -9.0426E+11 -8.8042E+11 -8.5738E+11 -8.3561E+11 -8.1545E+11 -7.9715E+11 -7.8077E+11 -7.6631E+11 -7.5360E+11

 S/M      =   6.6000E-02  6.6300E-02  6.6600E-02  6.6900E-02  6.7200E-02  6.7500E-02  6.7800E-02  6.8100E-02  6.8400E-02  6.8700E-02
 LWAKE/V  =  -7.4242E+11 -7.3247E+11 -7.2339E+11 -7.1487E+11 -7.0656E+11 -6.9819E+11 -6.8955E+11 -6.8051E+11 -6.7096E+11 -6.6090E+11

 S/M      =   6.9000E-02  6.9300E-02  6.9600E-02  6.9900E-02  7.0200E-02  7.0500E-02  7.0800E-02  7.1100E-02  7.1400E-02  7.1700E-02
 LWAKE/V  =  -6.5035E+11 -6.3938E+11 -6.2805E+11 -6.1644E+11 -6.0459E+11 -5.9252E+11 -5.8020E+11 -5.6754E+11 -5.5447E+11 -5.4085E+11

 S/M      =   7.2000E-02  7.2300E-02  7.2600E-02  7.2900E-02  7.3200E-02  7.3500E-02  7.3800E-02  7.4100E-02  7.4400E-02  7.4700E-02
 LWAKE/V  =  -5.2656E+11 -5.1143E+11 -4.9539E+11 -4.7832E+11 -4.6020E+11 -4.4104E+11 -4.2089E+11 -3.9986E+11 -3.7808E+11 -3.5574E+11

 S/M      =   7.5000E-02  7.5300E-02  7.5600E-02  7.5900E-02  7.6200E-02  7.6500E-02  7.6800E-02  7.7100E-02  7.7400E-02  7.7700E-02
 LWAKE/V  =  -3.3299E+11 -3.1004E+11 -2.8701E+11 -2.6409E+11 -2.4133E+11 -2.1884E+11 -1.9660E+11 -1.7463E+11 -1.5288E+11 -1.3130E+11

 S/M      =   7.8000E-02  7.8300E-02  7.8600E-02  7.8900E-02  7.9200E-02  7.9500E-02  7.9800E-02  8.0100E-02  8.0400E-02  8.0700E-02
 LWAKE/V  =  -1.0982E+11 -8.8362E+10 -6.6892E+10 -4.5337E+10 -2.3698E+10 -1.9398E+09  1.9902E+10  4.1821E+10  6.3763E+10  8.5686E+10

 S/M      =   8.1000E-02  8.1300E-02  8.1600E-02  8.1900E-02  8.2200E-02  8.2500E-02  8.2800E-02  8.3100E-02  8.3400E-02  8.3700E-02
 LWAKE/V  =   1.0754E+11  1.2925E+11  1.5078E+11  1.7204E+11  1.9299E+11  2.1355E+11  2.3368E+11  2.5328E+11  2.7232E+11  2.9072E+11

 S/M      =   8.4000E-02  8.4300E-02  8.4600E-02  8.4900E-02  8.5200E-02  8.5500E-02  8.5800E-02  8.6100E-02  8.6400E-02  8.6700E-02
 LWAKE/V  =   3.0843E+11  3.2543E+11  3.4167E+11  3.5717E+11  3.7192E+11  3.8599E+11  3.9941E+11  4.1227E+11  4.2461E+11  4.3654E+11

 S/M      =   8.7000E-02  8.7300E-02  8.7600E-02  8.7900E-02  8.8200E-02  8.8500E-02  8.8800E-02  8.9100E-02  8.9400E-02  8.9700E-02
 LWAKE/V  =   4.4810E+11  4.5936E+11  4.7032E+11  4.8099E+11  4.9133E+11  5.0126E+11  5.1071E+11  5.1955E+11  5.2766E+11  5.3489E+11

 S/M      =   9.0000E-02  9.0300E-02  9.0600E-02  9.0900E-02  9.1200E-02  9.1500E-02  9.1800E-02  9.2100E-02  9.2400E-02  9.2700E-02
 LWAKE/V  =   5.4116E+11  5.4632E+11  5.5032E+11  5.5309E+11  5.5463E+11  5.5494E+11  5.5406E+11  5.5208E+11  5.4908E+11  5.4521E+11

 S/M      =   9.3000E-02  9.3300E-02  9.3600E-02  9.3900E-02  9.4200E-02  9.4500E-02  9.4800E-02  9.5100E-02  9.5400E-02  9.5700E-02
 LWAKE/V  =   5.4057E+11  5.3532E+11  5.2960E+11  5.2358E+11  5.1740E+11  5.1121E+11  5.0515E+11  4.9934E+11  4.9389E+11  4.8887E+11

 S/M      =   9.6000E-02  9.6300E-02  9.6600E-02  9.6900E-02  9.7200E-02  9.7500E-02  9.7800E-02  9.8100E-02  9.8400E-02  9.8700E-02
 LWAKE/V  =   4.8435E+11  4.8032E+11  4.7679E+11  4.7370E+11  4.7101E+11  4.6859E+11  4.6639E+11  4.6427E+11  4.6213E+11  4.5989E+11

 S/M      =   9.9000E-02  9.9300E-02  9.9600E-02  9.9900E-02  1.0020E-01  1.0050E-01  1.0080E-01  1.0110E-01  1.0140E-01  1.0170E-01
 LWAKE/V  =   4.5746E+11  4.5478E+11  4.5181E+11  4.4852E+11  4.4490E+11  4.4097E+11  0.0000E+00  0.0000E+00  0.0000E+00 -4.2202E+37

1
 **********************************************************************************************************************************

 ABCI_MP ENDED WITHOUT ERROR       TOTAL CPU TIME USED:      19.9 (S)

 **********************************************************************************************************************************
