 ****************************************************************************
 *                                                                          *
 *                              ABCI_MP                                     *
 *                                                                          *
 * Azimuthal Beam Cavity Interaction in a cylindrically symmetric structure *
 *                                                                          *
 *  SAMPLE INPUT #1 A SIMPLE CAVITY STRUCTURE                               *
 *                                                                          *
 *     DATE:16/12/21   TIME:08:52:06    VERSION 12.5,  NOVEMBER 2007        *
 *                                                                          *
 ****************************************************************************


 $FILE:
 SAVE FIELDS INTO FILE  (LSAV)  :  F
 RECOVER FROM FILE      (LREC)  :  F
 CPUTIME MONITOR ACTIVE (LCPUTM):  F

 $BOUN:
 BOUNDARY CONDITIONS     LEFT   : OPEN              
 BOUNDARY CONDITIONS     RIGHT  : OPEN              

 $MESH:
 NUMBER OF MESH LINES IN R      : NR   =       1232
 NUMBER OF MESH LINES IN Z      : NZ   =      33313
 NUMBER OF MESH POINTS          : NP   =     416416
 TOTAL RADIUS OF THE STRUCTURE  : RAD  =  0.36933    (M)
 TOTAL LENGTH OF THE STRUCTURE  : ZL   =   9.9939    (M)
 STEP SIZE IN R                 : DDR  =  0.30000E-03(M)
 STEP SIZE IN Z                 : DDZ  =  0.30000E-03(M)

 #CAVITYSHAPE (##CAVITYSHAPE) :  FULL CELL INPUT 

 INPUT:       (R, Z)                   (IR, IZ)
 (   0.00000E+00  0.00000E+00 )  (       1      1 )
 (   0.15000      0.00000E+00 )  (     501      1 )
 (   0.15000      0.74800     )  (     501   2494 ) ---> (   0.15000      0.74790     )
 CONNECTED BY AN ELLIPSE,       IKIND=-3,  (RM, ZM)=     (   0.26870      0.74800     )
 (   0.22970      0.84835     )  (     767   2829 ) ---> (   0.22980      0.84840     )
 (   0.30179      0.87080     )  (    1007   2904 ) ---> (   0.30180      0.87090     )
 CONNECTED BY AN ELLIPSE,       IKIND=-3,  (RM, ZM)=     (   0.23758      0.93500     )
 (   0.36930      0.93500     )  (    1232   3118 ) ---> (   0.36930      0.93510     )
 CONNECTED BY AN ELLIPSE,       IKIND=-3,  (RM, ZM)=     (   0.23758      0.93500     )
 (   0.30179      0.99920     )  (    1007   3332 ) ---> (   0.30180      0.99930     )
 (   0.22970       1.0217     )  (     767   3407 ) ---> (   0.22980       1.0218     )
 CONNECTED BY AN ELLIPSE,       IKIND=-3,  (RM, ZM)=     (   0.26870       1.1220     )
 (   0.15000       1.1220     )  (     501   3741 )
 CONNECTED BY AN ELLIPSE,       IKIND=-3,  (RM, ZM)=     (   0.26870       1.1220     )
 (   0.22970       1.2224     )  (     767   4075 ) ---> (   0.22980       1.2222     )
 (   0.30179       1.2448     )  (    1007   4150 ) ---> (   0.30180       1.2447     )
 CONNECTED BY AN ELLIPSE,       IKIND=-3,  (RM, ZM)=     (   0.23758       1.3090     )
 (   0.36930       1.3090     )  (    1232   4364 ) ---> (   0.36930       1.3089     )
 CONNECTED BY AN ELLIPSE,       IKIND=-3,  (RM, ZM)=     (   0.23758       1.3090     )
 (   0.30179       1.3732     )  (    1007   4578 ) ---> (   0.30180       1.3731     )
 (   0.22970       1.3957     )  (     767   4653 ) ---> (   0.22980       1.3956     )
 CONNECTED BY AN ELLIPSE,       IKIND=-3,  (RM, ZM)=     (   0.26870       1.4960     )
 (   0.15000       1.4960     )  (     501   4988 ) ---> (   0.15000       1.4961     )
 (   0.15000       1.8970     )  (     501   6324 ) ---> (   0.15000       1.8969     )
 (   0.15000       2.2980     )  (     501   7661 )
 CONNECTED BY AN ELLIPSE,       IKIND=-3,  (RM, ZM)=     (   0.26870       2.2980     )
 (   0.22970       2.3983     )  (     767   7995 ) ---> (   0.22980       2.3982     )
 (   0.30179       2.4208     )  (    1007   8070 ) ---> (   0.30180       2.4207     )
 CONNECTED BY AN ELLIPSE,       IKIND=-3,  (RM, ZM)=     (   0.23758       2.4850     )
 (   0.36930       2.4850     )  (    1232   8284 ) ---> (   0.36930       2.4849     )
 CONNECTED BY AN ELLIPSE,       IKIND=-3,  (RM, ZM)=     (   0.23758       2.4850     )
 (   0.30179       2.5492     )  (    1007   8498 ) ---> (   0.30180       2.5491     )
 (   0.22970       2.5717     )  (     767   8573 ) ---> (   0.22980       2.5716     )
 CONNECTED BY AN ELLIPSE,       IKIND=-3,  (RM, ZM)=     (   0.26870       2.6720     )
 (   0.15000       2.6720     )  (     501   8908 ) ---> (   0.15000       2.6721     )
 CONNECTED BY AN ELLIPSE,       IKIND=-3,  (RM, ZM)=     (   0.26870       2.6720     )
 (   0.22970       2.7723     )  (     767   9242 ) ---> (   0.22980       2.7723     )
 (   0.30179       2.7948     )  (    1007   9317 ) ---> (   0.30180       2.7948     )
 CONNECTED BY AN ELLIPSE,       IKIND=-3,  (RM, ZM)=     (   0.23758       2.8590     )
 (   0.36930       2.8590     )  (    1232   9531 )
 CONNECTED BY AN ELLIPSE,       IKIND=-3,  (RM, ZM)=     (   0.23758       2.8590     )
 (   0.30179       2.9232     )  (    1007   9745 ) ---> (   0.30180       2.9232     )
 (   0.22970       2.9457     )  (     767   9820 ) ---> (   0.22980       2.9457     )
 CONNECTED BY AN ELLIPSE,       IKIND=-3,  (RM, ZM)=     (   0.26870       3.0460     )
 (   0.15000       3.0460     )  (     501  10154 ) ---> (   0.15000       3.0459     )
 (   0.15000       3.4470     )  (     501  11491 )
 (   0.15000       3.8480     )  (     501  12828 ) ---> (   0.15000       3.8481     )
 CONNECTED BY AN ELLIPSE,       IKIND=-3,  (RM, ZM)=     (   0.26870       3.8480     )
 (   0.22970       3.9483     )  (     767  13162 ) ---> (   0.22980       3.9483     )
 (   0.30179       3.9708     )  (    1007  13237 ) ---> (   0.30180       3.9708     )
 CONNECTED BY AN ELLIPSE,       IKIND=-3,  (RM, ZM)=     (   0.23758       4.0350     )
 (   0.36930       4.0350     )  (    1232  13451 )
 CONNECTED BY AN ELLIPSE,       IKIND=-3,  (RM, ZM)=     (   0.23758       4.0350     )
 (   0.30179       4.0992     )  (    1007  13665 ) ---> (   0.30180       4.0992     )
 (   0.22970       4.1216     )  (     767  13740 ) ---> (   0.22980       4.1217     )
 CONNECTED BY AN ELLIPSE,       IKIND=-3,  (RM, ZM)=     (   0.26870       4.2220     )
 (   0.15000       4.2220     )  (     501  14074 ) ---> (   0.15000       4.2219     )
 CONNECTED BY AN ELLIPSE,       IKIND=-3,  (RM, ZM)=     (   0.26870       4.2220     )
 (   0.22970       4.3224     )  (     767  14409 ) ---> (   0.22980       4.3224     )
 (   0.30179       4.3448     )  (    1007  14484 ) ---> (   0.30180       4.3449     )
 CONNECTED BY AN ELLIPSE,       IKIND=-3,  (RM, ZM)=     (   0.23758       4.4090     )
 (   0.36930       4.4090     )  (    1232  14698 ) ---> (   0.36930       4.4091     )
 CONNECTED BY AN ELLIPSE,       IKIND=-3,  (RM, ZM)=     (   0.23758       4.4090     )
 (   0.30179       4.4732     )  (    1007  14912 ) ---> (   0.30180       4.4733     )
 (   0.22970       4.4957     )  (     767  14987 ) ---> (   0.22980       4.4958     )
 CONNECTED BY AN ELLIPSE,       IKIND=-3,  (RM, ZM)=     (   0.26870       4.5960     )
 (   0.15000       4.5960     )  (     501  15321 )
 (   0.15000       4.9970     )  (     501  16658 ) ---> (   0.15000       4.9971     )
 (   0.15000       5.3980     )  (     501  17994 ) ---> (   0.15000       5.3979     )
 CONNECTED BY AN ELLIPSE,       IKIND=-3,  (RM, ZM)=     (   0.26870       5.3980     )
 (   0.22970       5.4984     )  (     767  18329 ) ---> (   0.22980       5.4984     )
 (   0.30179       5.5208     )  (    1007  18404 ) ---> (   0.30180       5.5209     )
 CONNECTED BY AN ELLIPSE,       IKIND=-3,  (RM, ZM)=     (   0.23758       5.5850     )
 (   0.36930       5.5850     )  (    1232  18618 ) ---> (   0.36930       5.5851     )
 CONNECTED BY AN ELLIPSE,       IKIND=-3,  (RM, ZM)=     (   0.23758       5.5850     )
 (   0.30179       5.6492     )  (    1007  18832 ) ---> (   0.30180       5.6493     )
 (   0.22970       5.6716     )  (     767  18906 ) ---> (   0.22980       5.6715     )
 CONNECTED BY AN ELLIPSE,       IKIND=-3,  (RM, ZM)=     (   0.26870       5.7720     )
 (   0.15000       5.7720     )  (     501  19241 )
 CONNECTED BY AN ELLIPSE,       IKIND=-3,  (RM, ZM)=     (   0.26870       5.7720     )
 (   0.22970       5.8724     )  (     767  19576 ) ---> (   0.22980       5.8725     )
 (   0.30179       5.8948     )  (    1007  19650 ) ---> (   0.30180       5.8947     )
 CONNECTED BY AN ELLIPSE,       IKIND=-3,  (RM, ZM)=     (   0.23758       5.9590     )
 (   0.36930       5.9590     )  (    1232  19864 ) ---> (   0.36930       5.9589     )
 CONNECTED BY AN ELLIPSE,       IKIND=-3,  (RM, ZM)=     (   0.23758       5.9590     )
 (   0.30179       6.0232     )  (    1007  20078 ) ---> (   0.30180       6.0231     )
 (   0.22970       6.0457     )  (     767  20153 ) ---> (   0.22980       6.0456     )
 CONNECTED BY AN ELLIPSE,       IKIND=-3,  (RM, ZM)=     (   0.26870       6.1460     )
 (   0.15000       6.1460     )  (     501  20488 ) ---> (   0.15000       6.1461     )
 (   0.15000       6.5470     )  (     501  21824 ) ---> (   0.15000       6.5469     )
 (   0.15000       6.9480     )  (     501  23161 )
 CONNECTED BY AN ELLIPSE,       IKIND=-3,  (RM, ZM)=     (   0.26870       6.9480     )
 (   0.22970       7.0483     )  (     767  23495 ) ---> (   0.22980       7.0482     )
 (   0.30179       7.0708     )  (    1007  23570 ) ---> (   0.30180       7.0707     )
 CONNECTED BY AN ELLIPSE,       IKIND=-3,  (RM, ZM)=     (   0.23758       7.1350     )
 (   0.36930       7.1350     )  (    1232  23784 ) ---> (   0.36930       7.1349     )
 CONNECTED BY AN ELLIPSE,       IKIND=-3,  (RM, ZM)=     (   0.23758       7.1350     )
 (   0.30179       7.1992     )  (    1007  23998 ) ---> (   0.30180       7.1991     )
 (   0.22970       7.2216     )  (     767  24073 ) ---> (   0.22980       7.2216     )
 CONNECTED BY AN ELLIPSE,       IKIND=-3,  (RM, ZM)=     (   0.26870       7.3220     )
 (   0.15000       7.3220     )  (     501  24408 ) ---> (   0.15000       7.3221     )
 CONNECTED BY AN ELLIPSE,       IKIND=-3,  (RM, ZM)=     (   0.26870       7.3220     )
 (   0.22970       7.4223     )  (     767  24742 ) ---> (   0.22980       7.4223     )
 (   0.30179       7.4448     )  (    1007  24817 ) ---> (   0.30180       7.4448     )
 CONNECTED BY AN ELLIPSE,       IKIND=-3,  (RM, ZM)=     (   0.23758       7.5090     )
 (   0.36930       7.5090     )  (    1232  25031 )
 CONNECTED BY AN ELLIPSE,       IKIND=-3,  (RM, ZM)=     (   0.23758       7.5090     )
 (   0.30179       7.5732     )  (    1007  25245 ) ---> (   0.30180       7.5732     )
 (   0.22970       7.5957     )  (     767  25320 ) ---> (   0.22980       7.5957     )
 CONNECTED BY AN ELLIPSE,       IKIND=-3,  (RM, ZM)=     (   0.26870       7.6960     )
 (   0.15000       7.6960     )  (     501  25654 ) ---> (   0.15000       7.6959     )
 (   0.15000       8.0970     )  (     501  26991 )
 (   0.15000       8.4980     )  (     501  28328 ) ---> (   0.15000       8.4981     )
 CONNECTED BY AN ELLIPSE,       IKIND=-3,  (RM, ZM)=     (   0.26870       8.4980     )
 (   0.22970       8.5984     )  (     767  28662 ) ---> (   0.22980       8.5983     )
 (   0.30179       8.6208     )  (    1007  28737 ) ---> (   0.30180       8.6208     )
 CONNECTED BY AN ELLIPSE,       IKIND=-3,  (RM, ZM)=     (   0.23758       8.6850     )
 (   0.36930       8.6850     )  (    1232  28951 )
 CONNECTED BY AN ELLIPSE,       IKIND=-3,  (RM, ZM)=     (   0.23758       8.6850     )
 (   0.30179       8.7492     )  (    1007  29165 ) ---> (   0.30180       8.7492     )
 (   0.22970       8.7716     )  (     767  29240 ) ---> (   0.22980       8.7717     )
 CONNECTED BY AN ELLIPSE,       IKIND=-3,  (RM, ZM)=     (   0.26870       8.8720     )
 (   0.15000       8.8720     )  (     501  29574 ) ---> (   0.15000       8.8719     )
 CONNECTED BY AN ELLIPSE,       IKIND=-3,  (RM, ZM)=     (   0.26870       8.8720     )
 (   0.22970       8.9723     )  (     767  29909 ) ---> (   0.22980       8.9724     )
 (   0.30179       8.9948     )  (    1007  29984 ) ---> (   0.30180       8.9949     )
 CONNECTED BY AN ELLIPSE,       IKIND=-3,  (RM, ZM)=     (   0.23758       9.0590     )
 (   0.36930       9.0590     )  (    1232  30198 ) ---> (   0.36930       9.0591     )
 CONNECTED BY AN ELLIPSE,       IKIND=-3,  (RM, ZM)=     (   0.23758       9.0590     )
 (   0.30179       9.1232     )  (    1007  30412 ) ---> (   0.30180       9.1233     )
 (   0.22970       9.1456     )  (     767  30486 ) ---> (   0.22980       9.1455     )
 CONNECTED BY AN ELLIPSE,       IKIND=-3,  (RM, ZM)=     (   0.26870       9.2460     )
 (   0.15000       9.2460     )  (     501  30821 )
 (   0.15000       9.9940     )  (     501  33313 ) ---> (   0.15000       9.9939     )
 (   0.00000E+00   9.9940     )  (       1  33314 ) ---> (   0.00000E+00   9.9939     )
 (   0.00000E+00  0.00000E+00 )  (       1      1 )

 $BEAM:
 SIGMA OF THE GAUSSIAN BUNCH    : SIG  =  0.30000E-02(M)
 NUMBER OF STAND.DEV. USED      : ISIG = +/-  5
 RADIAL BEAM OFFSET AT          :RDRIVE=  0.15000    (M)
 MODE NUMBER (MONOPOLE/DIPOLE)  : MROT =      0

 $WAKE:
 RADIAL WAKE OFFSET        (LEFT)   AT  R   =  0.15000    (M)
 WAKE    BETWEEN THE BUNCH  COORDINATES UBF =  0.00000E+00(M)
                                    AND UBT =  0.10000    (M)
 WINDOW FOR FRONT                 (LCFRON)  :  T
 WINDOW FOR BACK                  (LCBACK)  :  T
 CHIN WAKE INTEGRATION METHOD     (LCHIN )  :  F
 NAPOLY WAKE INTEGRATION METHOD   (LNAPOLY) :  F
 CONVENTIONAL INTEGRATION METHOD  (LNONAP)  :  F
 WAKE FOR A COUNTER-ROTATING BEAM (LCRBW)   :  F
 NUMBER OF WAKE POTENTIAL POINTS: NW   =     334

 $TIME:
 TIME STEPS TO BE PROCESSED     : NT   = 134589
 NUMBER OF TIME STEPS/MESH STEP : MT   =      4
 VELOCITY OF THE BUNCH / C      : BETA =   1.0000    
 TIME-STEP VALUE                : DT   =  0.25017    (PS)
 TIME FOR A PARTICLE TO PASS    : PT   =   33336.    (PS)

 $PLOT:
 PLOT OF CAVITY SHAPE INPUT       (LCAVIN)  :  T
 PLOT OF CAVITY SHAPE USED        (LCAVUS)  :  T
 PLOT OF NAPOLY-ZOTTER CONTOUR    (LPATH)   :  T
 PLOT OF ALL WAKE POTENTIALS      (LPLW)    :  T
 PLOT OF AZIMUTHAL WAKE POTENTIAL (LPLWA)   :  F
 PLOT OF TRANSVERSE WAKE POTENT.  (LPLWT)   :  F
 PLOT OF LONGITUDINAL WAKE POTENT.(LPLWL)   :  F
 PLOT OF FFT OF WAKE POTENTIALS   (LFFT)    :  T
 PLOT OF FFT OF AZIMUTHAL WAKE    (LFFTA)   :  F
 PLOT OF FFT OF TRANSVERSE WAKE   (LFFTT)   :  F
 PLOT OF FFT OF LONGITUDINAL WAKE (LFFTL)   :  F
 PLOT OF INTEGRATION OF IMPEDANCE (LINTZ)   :  F
 PLOT OF ENERGY LOSS SPECTRUM     (LSPEC)   :  T
 PLOT OF ELECTRIC FIELD LINES     (LPLE)    :  F
 PLOT OF TOTAL CURRENT LINES      (LPLC)    :  F
 SWITCH FROM ABSOLUTE TO RELATVE  (LPALL)   :  F
 NUMBER OF CONTOUR LINES        : NPLOT=      10
 ENHANCEMENT FACTOR FOR FFT PLOT:EXPFAC=   20.000    
 CUTOFF FREQUENCY FOR FFT PLOT  :CUTOFF=   38.957    (GHZ)
 WINDOWING FOR FOURIER TRANSFORMS (LWNDW)   :  T
 WINDOW FUNCTION                : NWFUN=       1
 WINDOW PARAMETER FOR WIDTH     : ALPHA=   3.0000    

 $PRIN:
 PRINTOUT OF CAVITY SHAPE USED    (LMATPR)  :  F
 PRINTOUT OF WAKE POTENTIALS      (LPRW)    :  T
 LINE-PRINTER PLOT OF WAKE POT.   (LPPW)    :  T
 SAVE WAKE POTENTIALS IN A FILE   (LSVW)    :  T
 SAVE AZIMUTHAL WAKE IN A FILE    (LSVWA)   :  F
 SAVE TRANSVERSE WAKE IN A FILE   (LSVWT)   :  F
 SAVE LONGITUDINAL WAKE IN A FILE (LSVWL)   :  T
 SAVE FFT RESULTS IN A FILE       (LSVF)    :  T
1PROBLEM : SAMPLE INPUT #1 A SIMPLE CAVITY STRUCTURE                                16/12/21 08:52:06     SIG/M= 3.000E-03  MROT= 0
                                                                        CPUTIME USED: 1.939E+01(S)   DDR= 3.000E-04  DDZ= 3.000E-04
 (A,T,L,P) = WAKE POTENTIAL AS A FUNCTION OF THE BUNCH COORDINATES S IN (M), (*)=BUNCH SHAPE,  FRONT LEFT     LCHIN= F   LNAPOLY= F
  1.00E+00 +----------------***----+-----------------------+-----------------------+-----------------------+-----------------------+
           I                * *    I                       I                       I                       I                       I
           I               ** **   I                       I                       I                       I                       I
           I               *   *   I                       I                       I                       I                       I
           I              *     *  I                       I                       I                       I                       I
           I              *     *  I                       I                       I                       I                       I
           I                       I                       I                       I                       I                       I
           I              *     *  I                       I                       I                       I                       I
           I             *       * I                       I                       I                       I                       I
           I             *       * I                       I                       I                       I                       I
  5.00E-01 +-------------*-------*-+-----------------------+-----------------------+-----------------------+-----------------------+
           I            *         *I                       I                       I                       I                       I
           I            *         *I                       I                       I                       I                       I
           I                       I                       I                       I                       I                       I
           I           **         **                       I                       I                       I                       I
           I           *           *                       I                       I                       I                       I
           I           *           *                       I                       I                       I                       I
           I          *            I*                      I                       I                       I                       I
           I         *             I *                     I                       I                       I                       I
           I       ***             I ***                   I                       I                       I                       I
  0.00E+00 LLLLLLLLLLL-------------+---*********************************************************************************************
           I         LL            I                       I                       I                       I                       I
           I           L           I                       I               LLLLLLLLLLLLLLLLL               I             LLLLLLLLLLL
           I           LL          I                       I            LLLL       I        LLLLLLLLL    LLLLLLLLLLLLLLLL          I
           I            L          I                       I    LLLLLLLL           I                LLLLL  I                       I
           I            L          I                       I  LLL                  I                       I                       I
           I             L         I               LLLLL   I LL                    I                       I                       I
           I             L         I             LLL    LLLLL                      I                       I                       I
           I             L         I            L          I                       I                       I                       I
           I              L        I          LL           I                       I                       I                       I
 -5.00E-01 +--------------L--------+---------LL------------+-----------------------+-----------------------+-----------------------+
           I              L        I        LL             I                       I                       I                       I
           I               L       I       L               I                       I                       I                       I
           I               L       I     LL                I                       I                       I                       I
           I                L      I   LLL                 I                       I                       I                       I
           I                       I LLL                   I                       I                       I                       I
           I                L      ILL                     I                       I                       I                       I
           I                 L     L                       I                       I                       I                       I
           I                 L    LI                       I                       I                       I                       I
           I                 LL  L I                       I                       I                       I                       I
 -1.00E+00 +------------------LLL--+-----------------------+-----------------------+-----------------------+-----------------------+
0       0.00E+00                0.00E+00                0.00E+00                0.00E+00                0.00E+00

 LINE CHARGE DENSITY MIN/MAX= 0.000E+00/ 1.330E+02    C/M**1, SCALE= 1.330E+02    C/M**1, PASSING    AT R= 1.500E-01 M
 LONGITUDINAL WAKE   MIN/MAX=-3.928E+00/ 1.260E-02 V/PC/M**0, SCALE= 3.928E+00 V/PC/M**0
0
 INTEGRATED  LONGITUDINAL WAKE * CHARGE DENSITY = -2.897E+00 V/PC/M**0   (FIRST/LAST HALF = -1.042E+00/-1.856E+00 V/PC/M**0)
1
 LONGITUDINAL WAKE FIELDS --->

 S/M      =   0.0000E+00  3.0000E-04  6.0000E-04  9.0000E-04  1.2000E-03  1.5000E-03  1.8000E-03  2.1000E-03  2.4000E-03  2.7000E-03
 LWAKE/V  =  -3.2018E+07  3.5694E+07  1.3061E+08  3.0440E+08  5.5886E+08  8.9802E+08  1.3486E+09  1.8870E+09  2.5549E+09  3.3145E+09

 S/M      =   3.0000E-03  3.3000E-03  3.6000E-03  3.9000E-03  4.2000E-03  4.5000E-03  4.8000E-03  5.1000E-03  5.4000E-03  5.7000E-03
 LWAKE/V  =   4.2091E+09  5.1957E+09  6.3023E+09  7.4800E+09  8.7192E+09  9.9508E+09  1.1098E+10  1.2042E+10  1.2600E+10  1.2554E+10

 S/M      =   6.0000E-03  6.3000E-03  6.6000E-03  6.9000E-03  7.2000E-03  7.5000E-03  7.8000E-03  8.1000E-03  8.4000E-03  8.7000E-03
 LWAKE/V  =   1.1569E+10  9.2631E+09  5.0930E+09 -1.5546E+09 -1.1478E+10 -2.5573E+10 -4.4917E+10 -7.0694E+10 -1.0423E+11 -1.4692E+11

 S/M      =   9.0000E-03  9.3000E-03  9.6000E-03  9.9000E-03  1.0200E-02  1.0500E-02  1.0800E-02  1.1100E-02  1.1400E-02  1.1700E-02
 LWAKE/V  =  -2.0023E+11 -2.6562E+11 -3.4444E+11 -4.3798E+11 -5.4720E+11 -6.7283E+11 -8.1512E+11 -9.7393E+11 -1.1485E+12 -1.3376E+12

 S/M      =   1.2000E-02  1.2300E-02  1.2600E-02  1.2900E-02  1.3200E-02  1.3500E-02  1.3800E-02  1.4100E-02  1.4400E-02  1.4700E-02
 LWAKE/V  =  -1.5394E+12 -1.7513E+12 -1.9704E+12 -2.1934E+12 -2.4164E+12 -2.6356E+12 -2.8470E+12 -3.0468E+12 -3.2315E+12 -3.3979E+12

 S/M      =   1.5000E-02  1.5300E-02  1.5600E-02  1.5900E-02  1.6200E-02  1.6500E-02  1.6800E-02  1.7100E-02  1.7400E-02  1.7700E-02
 LWAKE/V  =  -3.5435E+12 -3.6666E+12 -3.7659E+12 -3.8410E+12 -3.8923E+12 -3.9208E+12 -3.9282E+12 -3.9167E+12 -3.8886E+12 -3.8467E+12

 S/M      =   1.8000E-02  1.8300E-02  1.8600E-02  1.8900E-02  1.9200E-02  1.9500E-02  1.9800E-02  2.0100E-02  2.0400E-02  2.0700E-02
 LWAKE/V  =  -3.7939E+12 -3.7329E+12 -3.6663E+12 -3.5965E+12 -3.5257E+12 -3.4556E+12 -3.3877E+12 -3.3229E+12 -3.2619E+12 -3.2050E+12

 S/M      =   2.1000E-02  2.1300E-02  2.1600E-02  2.1900E-02  2.2200E-02  2.2500E-02  2.2800E-02  2.3100E-02  2.3400E-02  2.3700E-02
 LWAKE/V  =  -3.1525E+12 -3.1039E+12 -3.0592E+12 -3.0176E+12 -2.9787E+12 -2.9418E+12 -2.9062E+12 -2.8715E+12 -2.8368E+12 -2.8018E+12

 S/M      =   2.4000E-02  2.4300E-02  2.4600E-02  2.4900E-02  2.5200E-02  2.5500E-02  2.5800E-02  2.6100E-02  2.6400E-02  2.6700E-02
 LWAKE/V  =  -2.7659E+12 -2.7288E+12 -2.6901E+12 -2.6497E+12 -2.6073E+12 -2.5630E+12 -2.5166E+12 -2.4682E+12 -2.4179E+12 -2.3659E+12

 S/M      =   2.7000E-02  2.7300E-02  2.7600E-02  2.7900E-02  2.8200E-02  2.8500E-02  2.8800E-02  2.9100E-02  2.9400E-02  2.9700E-02
 LWAKE/V  =  -2.3121E+12 -2.2570E+12 -2.2005E+12 -2.1429E+12 -2.0846E+12 -2.0256E+12 -1.9663E+12 -1.9070E+12 -1.8479E+12 -1.7894E+12

 S/M      =   3.0000E-02  3.0300E-02  3.0600E-02  3.0900E-02  3.1200E-02  3.1500E-02  3.1800E-02  3.2100E-02  3.2400E-02  3.2700E-02
 LWAKE/V  =  -1.7318E+12 -1.6754E+12 -1.6206E+12 -1.5679E+12 -1.5175E+12 -1.4698E+12 -1.4252E+12 -1.3840E+12 -1.3466E+12 -1.3132E+12

 S/M      =   3.3000E-02  3.3300E-02  3.3600E-02  3.3900E-02  3.4200E-02  3.4500E-02  3.4800E-02  3.5100E-02  3.5400E-02  3.5700E-02
 LWAKE/V  =  -1.2839E+12 -1.2591E+12 -1.2387E+12 -1.2229E+12 -1.2116E+12 -1.2046E+12 -1.2019E+12 -1.2032E+12 -1.2081E+12 -1.2163E+12

 S/M      =   3.6000E-02  3.6300E-02  3.6600E-02  3.6900E-02  3.7200E-02  3.7500E-02  3.7800E-02  3.8100E-02  3.8400E-02  3.8700E-02
 LWAKE/V  =  -1.2274E+12 -1.2408E+12 -1.2560E+12 -1.2724E+12 -1.2893E+12 -1.3062E+12 -1.3223E+12 -1.3371E+12 -1.3498E+12 -1.3599E+12

 S/M      =   3.9000E-02  3.9300E-02  3.9600E-02  3.9900E-02  4.0200E-02  4.0500E-02  4.0800E-02  4.1100E-02  4.1400E-02  4.1700E-02
 LWAKE/V  =  -1.3668E+12 -1.3701E+12 -1.3692E+12 -1.3640E+12 -1.3540E+12 -1.3393E+12 -1.3198E+12 -1.2958E+12 -1.2673E+12 -1.2350E+12

 S/M      =   4.2000E-02  4.2300E-02  4.2600E-02  4.2900E-02  4.3200E-02  4.3500E-02  4.3800E-02  4.4100E-02  4.4400E-02  4.4700E-02
 LWAKE/V  =  -1.1992E+12 -1.1605E+12 -1.1198E+12 -1.0777E+12 -1.0352E+12 -9.9290E+11 -9.5179E+11 -9.1262E+11 -8.7610E+11 -8.4283E+11

 S/M      =   4.5000E-02  4.5300E-02  4.5600E-02  4.5900E-02  4.6200E-02  4.6500E-02  4.6800E-02  4.7100E-02  4.7400E-02  4.7700E-02
 LWAKE/V  =  -8.1334E+11 -7.8796E+11 -7.6691E+11 -7.5022E+11 -7.3777E+11 -7.2928E+11 -7.2432E+11 -7.2234E+11 -7.2267E+11 -7.2458E+11

 S/M      =   4.8000E-02  4.8300E-02  4.8600E-02  4.8900E-02  4.9200E-02  4.9500E-02  4.9800E-02  5.0100E-02  5.0400E-02  5.0700E-02
 LWAKE/V  =  -7.2729E+11 -7.2999E+11 -7.3195E+11 -7.3245E+11 -7.3090E+11 -7.2678E+11 -7.1978E+11 -7.0966E+11 -6.9641E+11 -6.8015E+11

 S/M      =   5.1000E-02  5.1300E-02  5.1600E-02  5.1900E-02  5.2200E-02  5.2500E-02  5.2800E-02  5.3100E-02  5.3400E-02  5.3700E-02
 LWAKE/V  =  -6.6117E+11 -6.3987E+11 -6.1679E+11 -5.9255E+11 -5.6781E+11 -5.4326E+11 -5.1955E+11 -4.9732E+11 -4.7706E+11 -4.5924E+11

 S/M      =   5.4000E-02  5.4300E-02  5.4600E-02  5.4900E-02  5.5200E-02  5.5500E-02  5.5800E-02  5.6100E-02  5.6400E-02  5.6700E-02
 LWAKE/V  =  -4.4412E+11 -4.3187E+11 -4.2249E+11 -4.1586E+11 -4.1170E+11 -4.0967E+11 -4.0931E+11 -4.1014E+11 -4.1163E+11 -4.1327E+11

 S/M      =   5.7000E-02  5.7300E-02  5.7600E-02  5.7900E-02  5.8200E-02  5.8500E-02  5.8800E-02  5.9100E-02  5.9400E-02  5.9700E-02
 LWAKE/V  =  -4.1462E+11 -4.1527E+11 -4.1496E+11 -4.1346E+11 -4.1073E+11 -4.0679E+11 -4.0181E+11 -3.9601E+11 -3.8972E+11 -3.8329E+11

 S/M      =   6.0000E-02  6.0300E-02  6.0600E-02  6.0900E-02  6.1200E-02  6.1500E-02  6.1800E-02  6.2100E-02  6.2400E-02  6.2700E-02
 LWAKE/V  =  -3.7709E+11 -3.7150E+11 -3.6685E+11 -3.6344E+11 -3.6145E+11 -3.6104E+11 -3.6222E+11 -3.6498E+11 -3.6918E+11 -3.7465E+11

 S/M      =   6.3000E-02  6.3300E-02  6.3600E-02  6.3900E-02  6.4200E-02  6.4500E-02  6.4800E-02  6.5100E-02  6.5400E-02  6.5700E-02
 LWAKE/V  =  -3.8119E+11 -3.8853E+11 -3.9646E+11 -4.0473E+11 -4.1317E+11 -4.2162E+11 -4.3002E+11 -4.3831E+11 -4.4653E+11 -4.5474E+11

 S/M      =   6.6000E-02  6.6300E-02  6.6600E-02  6.6900E-02  6.7200E-02  6.7500E-02  6.7800E-02  6.8100E-02  6.8400E-02  6.8700E-02
 LWAKE/V  =  -4.6304E+11 -4.7155E+11 -4.8037E+11 -4.8963E+11 -4.9939E+11 -5.0971E+11 -5.2056E+11 -5.3192E+11 -5.4367E+11 -5.5569E+11

 S/M      =   6.9000E-02  6.9300E-02  6.9600E-02  6.9900E-02  7.0200E-02  7.0500E-02  7.0800E-02  7.1100E-02  7.1400E-02  7.1700E-02
 LWAKE/V  =  -5.6781E+11 -5.7987E+11 -5.9166E+11 -6.0303E+11 -6.1381E+11 -6.2387E+11 -6.3313E+11 -6.4152E+11 -6.4905E+11 -6.5570E+11

 S/M      =   7.2000E-02  7.2300E-02  7.2600E-02  7.2900E-02  7.3200E-02  7.3500E-02  7.3800E-02  7.4100E-02  7.4400E-02  7.4700E-02
 LWAKE/V  =  -6.6155E+11 -6.6665E+11 -6.7109E+11 -6.7495E+11 -6.7831E+11 -6.8124E+11 -6.8380E+11 -6.8605E+11 -6.8797E+11 -6.8962E+11

 S/M      =   7.5000E-02  7.5300E-02  7.5600E-02  7.5900E-02  7.6200E-02  7.6500E-02  7.6800E-02  7.7100E-02  7.7400E-02  7.7700E-02
 LWAKE/V  =  -6.9096E+11 -6.9202E+11 -6.9276E+11 -6.9317E+11 -6.9326E+11 -6.9302E+11 -6.9244E+11 -6.9155E+11 -6.9035E+11 -6.8884E+11

 S/M      =   7.8000E-02  7.8300E-02  7.8600E-02  7.8900E-02  7.9200E-02  7.9500E-02  7.9800E-02  8.0100E-02  8.0400E-02  8.0700E-02
 LWAKE/V  =  -6.8707E+11 -6.8503E+11 -6.8275E+11 -6.8023E+11 -6.7750E+11 -6.7457E+11 -6.7146E+11 -6.6820E+11 -6.6483E+11 -6.6135E+11

 S/M      =   8.1000E-02  8.1300E-02  8.1600E-02  8.1900E-02  8.2200E-02  8.2500E-02  8.2800E-02  8.3100E-02  8.3400E-02  8.3700E-02
 LWAKE/V  =  -6.5784E+11 -6.5433E+11 -6.5087E+11 -6.4750E+11 -6.4427E+11 -6.4120E+11 -6.3833E+11 -6.3564E+11 -6.3314E+11 -6.3077E+11

 S/M      =   8.4000E-02  8.4300E-02  8.4600E-02  8.4900E-02  8.5200E-02  8.5500E-02  8.5800E-02  8.6100E-02  8.6400E-02  8.6700E-02
 LWAKE/V  =  -6.2851E+11 -6.2630E+11 -6.2408E+11 -6.2177E+11 -6.1930E+11 -6.1659E+11 -6.1358E+11 -6.1020E+11 -6.0642E+11 -6.0218E+11

 S/M      =   8.7000E-02  8.7300E-02  8.7600E-02  8.7900E-02  8.8200E-02  8.8500E-02  8.8800E-02  8.9100E-02  8.9400E-02  8.9700E-02
 LWAKE/V  =  -5.9746E+11 -5.9224E+11 -5.8652E+11 -5.8030E+11 -5.7360E+11 -5.6644E+11 -5.5887E+11 -5.5095E+11 -5.4273E+11 -5.3431E+11

 S/M      =   9.0000E-02  9.0300E-02  9.0600E-02  9.0900E-02  9.1200E-02  9.1500E-02  9.1800E-02  9.2100E-02  9.2400E-02  9.2700E-02
 LWAKE/V  =  -5.2575E+11 -5.1716E+11 -5.0866E+11 -5.0032E+11 -4.9227E+11 -4.8460E+11 -4.7741E+11 -4.7075E+11 -4.6470E+11 -4.5929E+11

 S/M      =   9.3000E-02  9.3300E-02  9.3600E-02  9.3900E-02  9.4200E-02  9.4500E-02  9.4800E-02  9.5100E-02  9.5400E-02  9.5700E-02
 LWAKE/V  =  -4.5454E+11 -4.5045E+11 -4.4704E+11 -4.4425E+11 -4.4209E+11 -4.4052E+11 -4.3953E+11 -4.3907E+11 -4.3913E+11 -4.3970E+11

 S/M      =   9.6000E-02  9.6300E-02  9.6600E-02  9.6900E-02  9.7200E-02  9.7500E-02  9.7800E-02  9.8100E-02  9.8400E-02  9.8700E-02
 LWAKE/V  =  -4.4076E+11 -4.4229E+11 -4.4427E+11 -4.4669E+11 -4.4953E+11 -4.5275E+11 -4.5631E+11 -4.6018E+11 -4.6431E+11 -4.6864E+11

 S/M      =   9.9000E-02  9.9300E-02  9.9600E-02  9.9900E-02  1.0020E-01  1.0050E-01  1.0080E-01  1.0110E-01  1.0140E-01  1.0170E-01
 LWAKE/V  =  -4.7313E+11 -4.7770E+11 -4.8231E+11 -4.8689E+11 -4.9140E+11 -4.9579E+11  0.0000E+00  0.0000E+00  0.0000E+00 -4.2202E+37

1
 **********************************************************************************************************************************

 ABCI_MP ENDED WITHOUT ERROR       TOTAL CPU TIME USED:      19.4 (S)

 **********************************************************************************************************************************
