  NEW FRAME
 Invalid command "FRAME". Igonred.
  SET FONT DUPLEX
  SET SIZE 13 BY 10              
  SET WINDOW X FROM 2 12 Y FROM 1 TO 8
  SET TICKS SIZE 0.05
  TITLE 7.0 9.0 CENTER SIZE 2.2  'Cavity Shape Input'
  TITLE 2.0 8.6 SIZE 1.5  'ABCI_MP 12.5 :  SAMPLE INPUT #1 A SIMPL'
  MORE 'E CAVITY STRUCTURE                              '
  TITLE BOTTOM 'Z-axis (m)'
  TITLE LEFT   'R-axis (m)'
  TITLE 10.9 8.9 SIZE 1.25 '13/ 1/23  16:51:27'
  TITLE 2.00 8.3 SIZE 1.40 'DDZ= 2.500 mm,  DDR= 2.500 mm'
  SET LIMITS X  -0.28875E-01  0.60637     Y  -0.51250E-02  0.10763    
   0.00000E+00  0.00000E+00
   0.00000E+00  0.35000E-01
  JOIN 1 DOTS
   0.00000E+00  0.35000E-01
   0.23080      0.35000E-01
   0.23080      0.35000E-01
   0.57750      0.35000E-01
   0.57750      0.00000E+00
  JOIN 1 DOTS
   0.57750      0.00000E+00
   0.00000E+00  0.00000E+00
  JOIN 1 DOTDASH
   0.00000E+00  0.34462E-01
   0.57750      0.34462E-01
  JOIN 1 DASH
  NEW FRAME
Plot #0 ends.
 Invalid command "FRAME". Igonred.
  SET FONT DUPLEX
  SET SIZE 13 BY 10              
  SET WINDOW X FROM 2 12 Y FROM 1 TO 8
  SET TICKS SIZE 0.05
  TITLE 7.0 9.0 CENTER SIZE 2.2  'Cavity Shape Used'
  TITLE 2.0 8.6 SIZE 1.5  'ABCI_MP 12.5 :  SAMPLE INPUT #1 A SIMPL'
  MORE 'E CAVITY STRUCTURE                              '
  TITLE BOTTOM 'Z-axis (m)'
  TITLE LEFT   'R-axis (m)'
  TITLE 10.9 8.9 SIZE 1.25 '13/ 1/23  16:51:27'
  TITLE 2.00 8.3 SIZE 1.40 'DDZ= 2.500 mm,  DDR= 2.500 mm'
  SET LIMITS X  -0.28875E-01  0.60637     Y  -0.51250E-02  0.10763    
   0.00000E+00  0.00000E+00
   0.00000E+00  0.35000E-01
  JOIN 1 DOTS
   0.00000E+00  0.35000E-01
   0.25000E-02  0.35000E-01
   0.50000E-02  0.35000E-01
  PLOT
   0.57750      0.35000E-01
   0.57750      0.00000E+00
  JOIN 1 DOTS
   0.57750      0.00000E+00
   0.00000E+00  0.00000E+00
  JOIN 1 DOTDASH
   0.00000E+00  0.34462E-01
   0.57750      0.34462E-01
  JOIN 1 DASH
  NEW FRAME
Plot #1 ends.
 Invalid command "FRAME". Igonred.
  SET FONT DUPLEX
  SET SIZE 13 BY 10              
  SET WINDOW X FROM 2 12 Y FROM 1.75 TO 8
  SET TICKS SIZE 0.05
  TITLE 7.0 9.0 CENTER SIZE 2.2  'Wake Potentials'
  TITLE 2.0 8.6 SIZE 1.50 'ABCI_MP 12.5 :  SAMPLE INPUT #1 A SIMPL'
  MORE 'E CAVITY STRUCTURE                              '
  TITLE BOTTOM 'Distance from Bunch Head S (m)'
  TITLE LEFT   'Scaled Wake Potential W (S)'
  TITLE 10.9 8.9 SIZE 1.25 '13/ 1/23  16:51:27'
  TITLE 10.1 9.1 SIZE 1.25 'Cpu Time Used: 4.709E+00(s)'
  TITLE 2.00 8.3 SIZE 1.40 'MROT= 0,  SIG= 2.500 cm,'
  MORE '  DDZ= 2.500 mm,  DDR= 2.500 mm'
  SET LIMITS X   0.00000E+00   100.00     Y   -1.0000       1.0000    
   0.00000E+00  0.37267E-05
   0.25000E-02  0.61136E-05
   0.50000E-02  0.99295E-05
    5.0000      0.80000    
    15.000      0.80000    
  JOIN 1 DOTS    
  TITLE    17.500      0.80000     DATA SIZE 1.5 'Charge Density'
   0.00000E+00 -0.14671E-05
   0.25000E-02 -0.10279E-05
   0.50000E-02 -0.20406E-05
    2.5500      0.95782    
    2.5525      0.95865    
    2.5550      0.95278    
    5.1000      0.52907    
    5.1025      0.55240    
    5.1050      0.57543    
    7.6500      0.90798    
    7.6525      0.88885    
    7.6550      0.86398    
    10.200      0.64030    
    10.202      0.67128    
    10.205      0.70005    
    12.750      0.78661    
    12.752      0.75667    
    12.755      0.72317    
    15.300      0.77911    
    15.302      0.80758    
    15.305      0.83164    
    17.850      0.64956    
    17.852      0.61894    
    17.855      0.58692    
    20.400      0.90383    
    20.403      0.92013    
    20.405      0.93013    
    22.950      0.54036    
    22.952      0.51782    
    22.955      0.49539    
    25.500      0.97148    
    25.502      0.96827    
    25.505      0.95788    
    28.050      0.49179    
    28.052      0.48227    
    28.055      0.47328    
    30.600      0.95745    
    30.602      0.93282    
    30.605      0.90140    
    33.150      0.51849    
    33.153      0.52145    
    33.155      0.52409    
    35.700      0.86402    
    35.702      0.82157    
    35.705      0.77388    
    38.250      0.60646    
    38.252      0.61571    
    38.255      0.62287    
    40.800      0.71440    
    40.802      0.66231    
    40.805      0.60723    
    43.350      0.71951    
    43.353      0.72582    
    43.355      0.72796    
    45.900      0.55187    
    45.903      0.50048    
    45.905      0.44834    
    48.450      0.81484    
    48.452      0.80866    
    48.455      0.79661    
    51.000      0.42193    
    51.002      0.37988    
    51.005      0.33864    
    53.550      0.85046    
    53.552      0.82502    
    53.555      0.79303    
    56.100      0.35557    
    56.102      0.32747    
    56.105      0.30057    
    58.650      0.80416    
    58.653      0.75821    
    58.655      0.70632    
    61.200      0.36524    
    61.202      0.35012    
    61.205      0.33538    
    63.750      0.68084    
    63.752      0.61862    
    63.755      0.55220    
    66.300      0.43470    
    66.302      0.42610    
    66.305      0.41613    
    68.850      0.50593    
    68.853      0.43604    
    68.855      0.36434    
    71.400      0.52641    
    71.402      0.51503    
    71.405      0.50032    
    73.950      0.32375    
    73.952      0.25666    
    73.955      0.19006    
    76.500      0.59750    
    76.502      0.57407    
    76.505      0.54576    
    79.050      0.17941    
    79.052      0.12359    
    79.055      0.69786E-01
    81.600      0.60732    
    81.603      0.56559    
    81.605      0.51851    
    84.150      0.10227    
    84.152      0.61899E-01
    84.155      0.23924E-01
    86.700      0.53601    
    86.702      0.47537    
    86.705      0.41018    
    89.250      0.10242    
    89.252      0.76109E-01
    89.255      0.51317E-01
    91.800      0.39106    
    91.802      0.31634    
    91.805      0.23894    
    94.350      0.16143    
    94.353      0.14238    
    94.355      0.12311    
    96.900      0.19997    
    96.902      0.12012    
    96.905      0.40073E-01
    99.450      0.24044    
    99.452      0.21929    
    99.455      0.19602    
    5.0000      0.70000    
    15.000      0.70000    
  JOIN 1 SOLID   
  TITLE    17.500      0.70000     DATA SIZE 1.5 'Longitudinal  '
  TITLE  2.00 0.70 SIZE 1.40 'Longitudinal Wake '
  TITLE  4.00 0.70 SIZE 1.40 'Min/Max= -5.066E-01/ 5.109E-01 V/pC,     '
  TITLE  8.70 0.70 SIZE 1.40 'Loss Factor= -1.806E-01 V/pC     '
  NEW FRAME
Plot #2 ends.
 Invalid command "FRAME". Igonred.
  SET FONT DUPLEX
  SET SIZE 13 BY 10              
  SET WINDOW X FROM 2 12 Y FROM 1.00 TO 8
  SET TICKS SIZE 0.05
  TITLE 3.4 9.0 SIZE 2.2  ' '
  MORE '  Real Part of Longitudinal Impedance   '
  TITLE 2.0 8.6 SIZE 1.5  'ABCI_MP 12.5 :  SAMPLE INPUT #1 A SIMPL'
  MORE 'E CAVITY STRUCTURE                              '
  TITLE BOTTOM 'Frequency f (GHz)'
  TITLE LEFT   '               Real Z2L1  (kW)    '
  CASE         '                     V V    F     '
  TITLE 10.9 8.9 SIZE 1.25 '13/ 1/23  16:51:27'
  TITLE 2.00 8.3 SIZE 1.40 'MROT= 0,  SIG= 2.500 cm,'
  MORE '  DDZ= 2.500 mm,  DDR= 2.500 mm'
  SET LIMIT X   0.00000E+00   4.6749    
   0.00000E+00  0.00000E+00
   0.00000E+00   31.711    
  JOIN 
   0.00000E+00  0.10391E-04
   0.46749E-03  0.56618E-05
   0.93497E-03 -0.41628E-05
   0.47730      0.99505E-05
   0.47777     -0.15600E-04
   0.47824     -0.23842E-04
   0.95460     -0.56155E-04
   0.95507     -0.13801E-03
   0.95554     -0.16379E-03
    1.4319     -0.11469E-02
    1.4324     -0.10288E-02
    1.4328     -0.89376E-03
    1.9092     -0.28785E-04
    1.9097      0.42227E-04
    1.9101      0.55135E-04
    2.3865      0.32879E-01
    2.3870      0.25217E-01
    2.3874      0.13291E-01
    2.8638      0.18022E-03
    2.8643      0.84842E-04
    2.8647     -0.14467E-04
    3.3411      0.19116E-03
    3.3416      0.14182E-03
    3.3421      0.11340E-03
    3.8184      0.14279    
    3.8189      0.14604    
    3.8194      0.14932    
    4.2957      0.12362E-01
    4.2962      0.12251E-01
    4.2967      0.12187E-01
  SET ORDER X Y 
   0.00000E+00  0.00000E+00
    4.6749      0.00000E+00
  JOIN DOTDASH 
  NEW FRAME
Plot #3 ends.
 Invalid command "FRAME". Igonred.
  SET FONT DUPLEX
  SET SIZE 13 BY 10              
  SET WINDOW X FROM 2 12 Y FROM 1.00 TO 8
  SET TICKS SIZE 0.05
  TITLE 3.4 9.0 SIZE 2.2  ' '
  MORE 'Imaginary Part of Longitudinal Impedance'
  TITLE 2.0 8.6 SIZE 1.5  'ABCI_MP 12.5 :  SAMPLE INPUT #1 A SIMPL'
  MORE 'E CAVITY STRUCTURE                              '
  TITLE BOTTOM 'Frequency f (GHz)'
  TITLE LEFT   '               Imag Z2L1  (kW)    '
  CASE         '                     V V    F     '
  TITLE 10.9 8.9 SIZE 1.25 '13/ 1/23  16:51:27'
  TITLE 2.00 8.3 SIZE 1.40 'MROT= 0,  SIG= 2.500 cm,'
  MORE '  DDZ= 2.500 mm,  DDR= 2.500 mm'
  SET LIMIT X   0.00000E+00   4.6749    
   0.00000E+00  -21.596    
   0.00000E+00   21.596    
  JOIN 
   0.00000E+00  0.00000E+00
   0.46749E-03  0.17988E-04
   0.93497E-03  0.43683E-04
   0.47730      0.30756E-01
   0.47777      0.30795E-01
   0.47824      0.30847E-01
   0.95460      0.10779    
   0.95507      0.10802    
   0.95554      0.10828    
    1.4319     -0.26988    
    1.4324     -0.26852    
    1.4328     -0.26736    
    1.9092     -0.27765E-01
    1.9097     -0.27707E-01
    1.9101     -0.27683E-01
    2.3865      0.70376    
    2.3870      0.70404    
    2.3874      0.70939    
    2.8638     -0.70919E-01
    2.8643     -0.70911E-01
    2.8647     -0.70834E-01
    3.3411     -0.27861E-01
    3.3416     -0.27832E-01
    3.3421     -0.27777E-01
    3.8184      0.16808    
    3.8189      0.16927    
    3.8194      0.17049    
    4.2957     -0.32107E-01
    4.2962     -0.32172E-01
    4.2967     -0.32145E-01
  SET ORDER X Y 
   0.00000E+00  0.00000E+00
    4.6749      0.00000E+00
  JOIN DOTDASH 
  NEW FRAME
Plot #4 ends.
 Invalid command "FRAME". Igonred.
  SET FONT DUPLEX
  SET SIZE 13 BY 10              
  SET WINDOW X FROM 2 12 Y FROM 1.00 TO 8
  SET TICKS SIZE 0.05
  TITLE 3.4 9.0 SIZE 2.2  ' '
  MORE '   Frequency Spectrum of Loss Factor    '
  TITLE 2.0 8.6 SIZE 1.5  'ABCI_MP 12.5 :  SAMPLE INPUT #1 A SIMPL'
  MORE 'E CAVITY STRUCTURE                              '
  TITLE BOTTOM 'Frequency f (GHz)'
  TITLE LEFT   '             dk2L1/df  (V/pC/GHz) '
  CASE         '               V V                '
  TITLE 10.9 8.9 SIZE 1.25 '13/ 1/23  16:51:27'
  TITLE 2.00 8.3 SIZE 1.40 'MROT= 0,  SIG= 2.500 cm,'
  MORE '  DDZ= 2.500 mm,  DDR= 2.500 mm'
  SET LIMIT X   0.00000E+00   4.6749    
   0.00000E+00  0.00000E+00
   0.00000E+00   40.037    
  JOIN 
   0.00000E+00  0.20782E-04
   0.46749E-03  0.11324E-04
   0.93497E-03 -0.83255E-05
   0.47730      0.18692E-04
   0.47777     -0.29301E-04
   0.47824     -0.44777E-04
   0.95460     -0.87431E-04
   0.95507     -0.21483E-03
   0.95554     -0.25488E-03
    1.4319     -0.13060E-02
    1.4324     -0.11711E-02
    1.4328     -0.10170E-02
    1.9092     -0.21153E-04
    1.9097      0.31016E-04
    1.9101      0.40478E-04
    2.3865      0.13760E-01
    2.3870      0.10547E-01
    2.3874      0.55554E-02
    2.8638      0.37902E-04
    2.8643      0.17830E-04
    2.8647     -0.30380E-05
    3.3411      0.17828E-04
    3.3416      0.13215E-04
    3.3421      0.10557E-04
    3.8184      0.52106E-02
    3.8189      0.53241E-02
    3.8194      0.54385E-02
    4.2957      0.15577E-03
    4.2962      0.15420E-03
    4.2967      0.15323E-03
   0.00000E+00   40.037    
   0.46749E-03   40.037    
   0.93497E-03   40.037    
   0.47730       37.605    
   0.47777       37.600    
   0.47824       37.595    
   0.95460       31.167    
   0.95507       31.160    
   0.95554       31.152    
    1.4319       22.795    
    1.4324       22.786    
    1.4328       22.778    
    1.9092       14.711    
    1.9097       14.704    
    1.9101       14.697    
    2.3865       8.3778    
    2.3870       8.3726    
    2.3874       8.3675    
    2.8638       4.2101    
    2.8643       4.2070    
    2.8647       4.2039    
    3.3411       1.8669    
    3.3416       1.8653    
    3.3421       1.8637    
    3.8184      0.73052    
    3.8189      0.72980    
    3.8194      0.72909    
    4.2957      0.25224    
    4.2962      0.25196    
    4.2967      0.25168    
    2.8049       36.033    
    3.5061       36.033    
  JOIN DOTS 
  TITLE    3.6230       36.033     DATA SIZE 1.5 'Bunch Spectrum'
  SET ORDER X Y 
   0.00000E+00  0.00000E+00
    4.6749      0.00000E+00
  JOIN DOTDASH 
  NEW FRAME
Plot #5 ends.
 Invalid command "FRAME". Igonred.
  SET FONT DUPLEX
  SET SIZE 13 BY 10              
  SET WINDOW X FROM 2 12 Y FROM 1.00 TO 8
  SET TICKS SIZE 0.05
  TITLE 3.4 9.0 SIZE 2.2  ' '
  MORE ' Loss Factor Spectrum Integrated upto F '
  TITLE 2.0 8.6 SIZE 1.5  'ABCI_MP 12.5 :  SAMPLE INPUT #1 A SIMPL'
  MORE 'E CAVITY STRUCTURE                              '
  TITLE BOTTOM 'Frequency F (GHz)'
  TITLE LEFT   '                  k2L1(F)  (V/pC) '
  CASE         '                   V V            '
  TITLE 10.9 8.9 SIZE 1.25 '13/ 1/23  16:51:27'
  TITLE 2.00 8.3 SIZE 1.40 'MROT= 0,  SIG= 2.500 cm,'
  MORE '  DDZ= 2.500 mm,  DDR= 2.500 mm'
  SET LIMIT X   0.00000E+00   4.6749    
   0.00000E+00  0.00000E+00
   0.00000E+00  0.18055    
  JOIN 
   0.00000E+00  0.97151E-08
   0.46749E-03  0.15009E-07
   0.93497E-03  0.11117E-07
   0.47730     -0.67630E-07
   0.47777     -0.81328E-07
   0.47824     -0.10226E-06
   0.95460     -0.10904E-05
   0.95507     -0.11908E-05
   0.95554     -0.13100E-05
    1.4319      0.15192    
    1.4324      0.15192    
    1.4328      0.15192    
    1.9092      0.15192    
    1.9097      0.15192    
    1.9101      0.15192    
    2.3865      0.15194    
    2.3870      0.15194    
    2.3874      0.15195    
    2.8638      0.17965    
    2.8643      0.17965    
    2.8647      0.17965    
    3.3411      0.17965    
    3.3416      0.17965    
    3.3421      0.17965    
    3.8184      0.17986    
    3.8189      0.17987    
    3.8194      0.17987    
    4.2957      0.18052    
    4.2962      0.18052    
    4.2967      0.18052    
  SET ORDER X Y 
   0.00000E+00  0.00000E+00
    4.6749      0.00000E+00
  JOIN DOTDASH 
Plot #6 ends.
Input file D:\Dropbox\CavityDesignHub\MuCol_Study\SimulationData\ConsoleTest\cavity\SimulationData\ABCI\CAVITY\Cavity_MROT_0.top ends.
