  NEW FRAME
 Invalid command "FRAME". Igonred.
  SET FONT DUPLEX
  SET SIZE 13 BY 10              
  SET WINDOW X FROM 2 12 Y FROM 1 TO 8
  SET TICKS SIZE 0.05
  TITLE 7.0 9.0 CENTER SIZE 2.2  'Cavity Shape Input'
  TITLE 2.0 8.6 SIZE 1.5  'ABCI_MP 12.5 :  SAMPLE INPUT #1 A SIMPL'
  MORE 'E CAVITY STRUCTURE                              '
  TITLE BOTTOM 'Z-axis (m)'
  TITLE LEFT   'R-axis (m)'
  TITLE 10.9 8.9 SIZE 1.25 '26/ 5/20  22:54:56'
  TITLE 2.00 8.3 SIZE 1.40 'DDZ= 2.000 mm,  DDR= 2.000 mm'
  SET LIMITS X  -0.65400E-01   1.3734     Y  -0.87000E-02  0.18270    
   0.00000E+00  0.00000E+00
   0.00000E+00  0.70000E-01
  JOIN 1 DOTS
   0.00000E+00  0.70000E-01
   0.37400      0.70000E-01
   0.37455      0.70008E-01
   0.78768      0.14814    
   0.78804      0.14856    
   0.78839      0.14898    
    1.3080      0.70000E-01
    1.3080      0.00000E+00
  JOIN 1 DOTS
    1.3080      0.00000E+00
   0.00000E+00  0.00000E+00
  JOIN 1 DOTDASH
   0.00000E+00  0.69086E-01
    1.3080      0.69086E-01
  JOIN 1 DASH
  NEW FRAME
Plot #0 ends.
 Invalid command "FRAME". Igonred.
  SET FONT DUPLEX
  SET SIZE 13 BY 10              
  SET WINDOW X FROM 2 12 Y FROM 1 TO 8
  SET TICKS SIZE 0.05
  TITLE 7.0 9.0 CENTER SIZE 2.2  'Cavity Shape Used'
  TITLE 2.0 8.6 SIZE 1.5  'ABCI_MP 12.5 :  SAMPLE INPUT #1 A SIMPL'
  MORE 'E CAVITY STRUCTURE                              '
  TITLE BOTTOM 'Z-axis (m)'
  TITLE LEFT   'R-axis (m)'
  TITLE 10.9 8.9 SIZE 1.25 '26/ 5/20  22:54:56'
  TITLE 2.00 8.3 SIZE 1.40 'DDZ= 2.000 mm,  DDR= 2.000 mm'
  SET LIMITS X  -0.65400E-01   1.3734     Y  -0.87000E-02  0.18270    
   0.00000E+00  0.00000E+00
   0.00000E+00  0.70000E-01
  JOIN 1 DOTS
   0.00000E+00  0.70000E-01
   0.20000E-02  0.70000E-01
   0.40000E-02  0.70000E-01
  PLOT
    1.3080      0.70000E-01
    1.3080      0.00000E+00
  JOIN 1 DOTS
    1.3080      0.00000E+00
   0.00000E+00  0.00000E+00
  JOIN 1 DOTDASH
   0.00000E+00  0.69086E-01
    1.3080      0.69086E-01
  JOIN 1 DASH
  NEW FRAME
Plot #1 ends.
 Invalid command "FRAME". Igonred.
  SET FONT DUPLEX
  SET SIZE 13 BY 10              
  SET WINDOW X FROM 2 12 Y FROM 1.75 TO 8
  SET TICKS SIZE 0.05
  TITLE 7.0 9.0 CENTER SIZE 2.2  'Wake Potentials'
  TITLE 2.0 8.6 SIZE 1.50 'ABCI_MP 12.5 :  SAMPLE INPUT #1 A SIMPL'
  MORE 'E CAVITY STRUCTURE                              '
  TITLE BOTTOM 'Distance from Bunch Head S (m)'
  TITLE LEFT   'Scaled Wake Potential W (S)'
  TITLE 10.9 8.9 SIZE 1.25 '26/ 5/20  22:54:56'
  TITLE 10.1 9.1 SIZE 1.25 'Cpu Time Used: 1.260E+01(s)'
  TITLE 2.00 8.3 SIZE 1.40 'MROT= 0,  SIG= 2.000 cm,'
  MORE '  DDZ= 2.000 mm,  DDR= 2.000 mm'
  SET LIMITS X   0.00000E+00   50.000     Y   -1.0000       1.0000    
   0.00000E+00  0.37267E-05
   0.20000E-02  0.61136E-05
   0.40000E-02  0.99295E-05
    2.5000      0.80000    
    7.5000      0.80000    
  JOIN 1 DOTS    
  TITLE    8.7500      0.80000     DATA SIZE 1.5 'Charge Density'
   0.00000E+00 -0.16488E-05
   0.20000E-02 -0.97199E-06
   0.40000E-02 -0.17521E-05
    2.0400     -0.42670    
    2.0420     -0.42277    
    2.0440     -0.41909    
    4.0800      0.56913    
    4.0820      0.56995    
    4.0840      0.56966    
    6.1200      0.23667    
    6.1220      0.20092    
    6.1240      0.16486    
    8.1600     -0.76330    
    8.1620     -0.77166    
    8.1640     -0.77908    
    10.200      0.90914E-01
    10.202      0.10474    
    10.204      0.11902    
    12.240      0.13253    
    12.242      0.11511    
    12.244      0.98361E-01
    14.280     -0.81515    
    14.282     -0.81536    
    14.284     -0.81412    
    16.320      0.13754    
    16.322      0.16955    
    16.324      0.20131    
    18.360      0.66199    
    18.362      0.66662    
    18.364      0.66987    
    20.400     -0.41424    
    20.402     -0.40644    
    20.404     -0.39881    
    22.440      0.88563E-01
    22.442      0.11687    
    22.444      0.14489    
    24.480      0.77031    
    24.482      0.75295    
    24.484      0.73456    
    26.520     -0.26276    
    26.522     -0.29610    
    26.524     -0.32980    
    28.560     -0.45460E-01
    28.562     -0.41472E-01
    28.564     -0.38176E-01
    30.600      0.70197    
    30.602      0.68908    
    30.604      0.67537    
    32.640     -0.47817    
    32.642     -0.50514    
    32.644     -0.53083    
    34.680     -0.68776    
    34.682     -0.67574    
    34.684     -0.66204    
    36.720      0.38175    
    36.722      0.38763    
    36.724      0.39362    
    38.760     -0.29499    
    38.762     -0.30551    
    38.764     -0.31552    
    40.800     -0.59031    
    40.802     -0.56244    
    40.804     -0.53383    
    42.840      0.62625    
    42.842      0.64779    
    42.844      0.66869    
    44.880      0.23639    
    44.882      0.21897    
    44.884      0.20093    
    46.920     -0.33166    
    46.922     -0.32465    
    46.924     -0.31822    
    48.960      0.74553    
    48.962      0.75872    
    48.964      0.77006    
    2.5000      0.70000    
    7.5000      0.70000    
  JOIN 1 SOLID   
  TITLE    8.7500      0.70000     DATA SIZE 1.5 'Longitudinal  '
  TITLE  2.00 0.70 SIZE 1.40 'Longitudinal Wake '
  TITLE  4.00 0.70 SIZE 1.40 'Min/Max= -1.007E+00/ 1.009E+00 V/pC,     '
  TITLE  8.70 0.70 SIZE 1.40 'Loss Factor= -5.120E-01 V/pC     '
  NEW FRAME
Plot #2 ends.
 Invalid command "FRAME". Igonred.
  SET FONT DUPLEX
  SET SIZE 13 BY 10              
  SET WINDOW X FROM 2 12 Y FROM 1.00 TO 8
  SET TICKS SIZE 0.05
  TITLE 3.4 9.0 SIZE 2.2  ' '
  MORE '  Real Part of Longitudinal Impedance   '
  TITLE 2.0 8.6 SIZE 1.5  'ABCI_MP 12.5 :  SAMPLE INPUT #1 A SIMPL'
  MORE 'E CAVITY STRUCTURE                              '
  TITLE BOTTOM 'Frequency f (GHz)'
  TITLE LEFT   '               Real Z2L1  (kW)    '
  CASE         '                     V V    F     '
  TITLE 10.9 8.9 SIZE 1.25 '26/ 5/20  22:54:56'
  TITLE 2.00 8.3 SIZE 1.40 'MROT= 0,  SIG= 2.000 cm,'
  MORE '  DDZ= 2.000 mm,  DDR= 2.000 mm'
  SET LIMIT X   0.00000E+00   5.8436    
   0.00000E+00  0.00000E+00
   0.00000E+00   23.467    
  JOIN 
   0.00000E+00  0.26229E-04
   0.58436E-03  0.21566E-04
   0.11687E-02  0.86472E-05
   0.59663     -0.31633E-03
   0.59721     -0.31295E-03
   0.59780     -0.23979E-03
    1.1933     -0.81068E-04
    1.1938     -0.12498E-03
    1.1944     -0.14185E-03
    1.7899      0.94311E-02
    1.7905      0.95122E-02
    1.7911      0.95919E-02
    2.3865     -0.41574E-03
    2.3871     -0.58329E-03
    2.3877     -0.70468E-03
    2.9831      0.30700E-03
    2.9837      0.28865E-03
    2.9843      0.25988E-03
    3.5798      0.13478    
    3.5804      0.14902    
    3.5809      0.16290    
    4.1764      0.43257E-01
    4.1770      0.43648E-01
    4.1776      0.44034E-01
    4.7730      0.45293E-02
    4.7736      0.41037E-02
    4.7742      0.39001E-02
    5.3697      0.10343    
    5.3702      0.10695    
    5.3708      0.11096    
  SET ORDER X Y 
   0.00000E+00  0.00000E+00
    5.8436      0.00000E+00
  JOIN DOTDASH 
  NEW FRAME
Plot #3 ends.
 Invalid command "FRAME". Igonred.
  SET FONT DUPLEX
  SET SIZE 13 BY 10              
  SET WINDOW X FROM 2 12 Y FROM 1.00 TO 8
  SET TICKS SIZE 0.05
  TITLE 3.4 9.0 SIZE 2.2  ' '
  MORE 'Imaginary Part of Longitudinal Impedance'
  TITLE 2.0 8.6 SIZE 1.5  'ABCI_MP 12.5 :  SAMPLE INPUT #1 A SIMPL'
  MORE 'E CAVITY STRUCTURE                              '
  TITLE BOTTOM 'Frequency f (GHz)'
  TITLE LEFT   '               Imag Z2L1  (kW)    '
  CASE         '                     V V    F     '
  TITLE 10.9 8.9 SIZE 1.25 '26/ 5/20  22:54:56'
  TITLE 2.00 8.3 SIZE 1.40 'MROT= 0,  SIG= 2.000 cm,'
  MORE '  DDZ= 2.000 mm,  DDR= 2.000 mm'
  SET LIMIT X   0.00000E+00   5.8436    
   0.00000E+00  -15.018    
   0.00000E+00   15.018    
  JOIN 
   0.00000E+00  0.00000E+00
   0.58436E-03  0.12000E-03
   0.11687E-02  0.24550E-03
   0.59663      0.30198    
   0.59721      0.30320    
   0.59780      0.30440    
    1.1933     -0.56432E-01
    1.1938     -0.55964E-01
    1.1944     -0.55463E-01
    1.7899     -0.15237    
    1.7905     -0.15221    
    1.7911     -0.15209    
    2.3865     -0.18746    
    2.3871     -0.18598    
    2.3877     -0.18445    
    2.9831     -0.44399E-01
    2.9837     -0.44158E-01
    2.9843     -0.43908E-01
    3.5798      0.15986    
    3.5804      0.15656    
    3.5809      0.15137    
    4.1764      0.36453E-02
    4.1770      0.37513E-02
    4.1776      0.38480E-02
    4.7730     -0.84084E-01
    4.7736     -0.83703E-01
    4.7742     -0.83236E-01
    5.3697      0.78831E-01
    5.3702      0.78262E-01
    5.3708      0.77879E-01
  SET ORDER X Y 
   0.00000E+00  0.00000E+00
    5.8436      0.00000E+00
  JOIN DOTDASH 
  NEW FRAME
Plot #4 ends.
 Invalid command "FRAME". Igonred.
  SET FONT DUPLEX
  SET SIZE 13 BY 10              
  SET WINDOW X FROM 2 12 Y FROM 1.00 TO 8
  SET TICKS SIZE 0.05
  TITLE 3.4 9.0 SIZE 2.2  ' '
  MORE '   Frequency Spectrum of Loss Factor    '
  TITLE 2.0 8.6 SIZE 1.5  'ABCI_MP 12.5 :  SAMPLE INPUT #1 A SIMPL'
  MORE 'E CAVITY STRUCTURE                              '
  TITLE BOTTOM 'Frequency f (GHz)'
  TITLE LEFT   '             dk2L1/df  (V/pC/GHz) '
  CASE         '               V V                '
  TITLE 10.9 8.9 SIZE 1.25 '26/ 5/20  22:54:56'
  TITLE 2.00 8.3 SIZE 1.40 'MROT= 0,  SIG= 2.000 cm,'
  MORE '  DDZ= 2.000 mm,  DDR= 2.000 mm'
  SET LIMIT X   0.00000E+00   5.8436    
   0.00000E+00  0.00000E+00
   0.00000E+00   42.155    
  JOIN 
   0.00000E+00  0.52457E-04
   0.58436E-03  0.43132E-04
   0.11687E-02  0.17294E-04
   0.59663     -0.59423E-03
   0.59721     -0.58780E-03
   0.59780     -0.45035E-03
    1.1933     -0.12622E-03
    1.1938     -0.19453E-03
    1.1944     -0.22074E-03
    1.7899      0.10739E-01
    1.7905      0.10828E-01
    1.7911      0.10914E-01
    2.3865     -0.30552E-03
    2.3871     -0.42844E-03
    2.3877     -0.51735E-03
    2.9831      0.12848E-03
    2.9837      0.12073E-03
    2.9843      0.10863E-03
    3.5798      0.28347E-01
    3.5804      0.31318E-01
    3.5809      0.34208E-01
    4.1764      0.40342E-02
    4.1770      0.40671E-02
    4.1776      0.40996E-02
    4.7730      0.16529E-03
    4.7736      0.14961E-03
    4.7742      0.14205E-03
    5.3697      0.13033E-02
    5.3702      0.13461E-02
    5.3708      0.13951E-02
   0.00000E+00   42.155    
   0.58436E-03   42.154    
   0.11687E-02   42.154    
   0.59663       39.594    
   0.59721       39.589    
   0.59780       39.584    
    1.1933       32.816    
    1.1938       32.808    
    1.1944       32.800    
    1.7899       24.001    
    1.7905       23.992    
    1.7911       23.983    
    2.3865       15.489    
    2.3871       15.482    
    2.3877       15.474    
    2.9831       8.8209    
    2.9837       8.8155    
    2.9843       8.8101    
    3.5798       4.4328    
    3.5804       4.4295    
    3.5809       4.4263    
    4.1764       1.9657    
    4.1770       1.9640    
    4.1776       1.9623    
    4.7730      0.76916    
    4.7736      0.76841    
    4.7742      0.76766    
    5.3697      0.26558    
    5.3702      0.26529    
    5.3708      0.26500    
    3.5061       37.939    
    4.3827       37.939    
  JOIN DOTS 
  TITLE    4.5288       37.939     DATA SIZE 1.5 'Bunch Spectrum'
  SET ORDER X Y 
   0.00000E+00  0.00000E+00
    5.8436      0.00000E+00
  JOIN DOTDASH 
  NEW FRAME
Plot #5 ends.
 Invalid command "FRAME". Igonred.
  SET FONT DUPLEX
  SET SIZE 13 BY 10              
  SET WINDOW X FROM 2 12 Y FROM 1.00 TO 8
  SET TICKS SIZE 0.05
  TITLE 3.4 9.0 SIZE 2.2  ' '
  MORE ' Loss Factor Spectrum Integrated upto F '
  TITLE 2.0 8.6 SIZE 1.5  'ABCI_MP 12.5 :  SAMPLE INPUT #1 A SIMPL'
  MORE 'E CAVITY STRUCTURE                              '
  TITLE BOTTOM 'Frequency F (GHz)'
  TITLE LEFT   '                  k2L1(F)  (V/pC) '
  CASE         '                   V V            '
  TITLE 10.9 8.9 SIZE 1.25 '26/ 5/20  22:54:56'
  TITLE 2.00 8.3 SIZE 1.40 'MROT= 0,  SIG= 2.000 cm,'
  MORE '  DDZ= 2.000 mm,  DDR= 2.000 mm'
  SET LIMIT X   0.00000E+00   5.8436    
   0.00000E+00  0.00000E+00
   0.00000E+00  0.51187    
  JOIN 
   0.00000E+00  0.30654E-07
   0.58436E-03  0.55858E-07
   0.11687E-02  0.65964E-07
   0.59663     -0.30477E-05
   0.59721     -0.33912E-05
   0.59780     -0.36544E-05
    1.1933      0.32851    
    1.1938      0.32851    
    1.1944      0.32851    
    1.7899      0.46133    
    1.7905      0.46134    
    1.7911      0.46135    
    2.3865      0.48535    
    2.3871      0.48535    
    2.3877      0.48535    
    2.9831      0.49498    
    2.9837      0.49498    
    2.9843      0.49498    
    3.5798      0.50468    
    3.5804      0.50470    
    3.5809      0.50472    
    4.1764      0.50927    
    4.1770      0.50927    
    4.1776      0.50927    
    4.7730      0.51148    
    4.7736      0.51148    
    4.7742      0.51148    
    5.3697      0.51169    
    5.3702      0.51169    
    5.3708      0.51169    
  SET ORDER X Y 
   0.00000E+00  0.00000E+00
    5.8436      0.00000E+00
  JOIN DOTDASH 
Plot #6 ends.
Input file D:\Dropbox\2D_Codes\ABCI_software\Python_ABCI\Data\Cavity_0\Cavity_MROT_0.top ends.
